#
# There is insufficient memory for the Java Runtime Environment to continue.
# Native memory allocation (malloc) failed to allocate 65552 bytes for Chunk::new
# Possible reasons:
#   The system is out of physical RAM or swap space
#   The process is running with CompressedOops enabled, and the Java Heap may be blocking the growth of the native heap
# Possible solutions:
#   Reduce memory load on the system
#   Increase physical memory or swap space
#   Check if swap backing store is full
#   Decrease Java heap size (-Xmx/-Xms)
#   Decrease number of Java threads
#   Decrease Java thread stack sizes (-Xss)
#   Set larger code cache with -XX:ReservedCodeCacheSize=
#   JVM is running with Unscaled Compressed Oops mode in which the Java heap is
#     placed in the first 4GB address space. The Java Heap base address is the
#     maximum limit for the native heap growth. Please use -XX:HeapBaseMinAddress
#     to set the Java Heap base and to place the Java Heap above 4GB virtual address.
# This output file may be truncated or incomplete.
#
#  Out of Memory Error (./src/hotspot/share/memory/arena.cpp:197), pid=16468, tid=17988
#
# JRE version: OpenJDK Runtime Environment (11.0.12+7) (build 11.0.12+7-b1504.28-7817840)
# Java VM: OpenJDK 64-Bit Server VM (11.0.12+7-b1504.28-7817840, mixed mode, tiered, compressed oops, g1 gc, windows-amd64)
# No core dump will be written. Minidumps are not enabled by default on client versions of Windows
#

---------------  S U M M A R Y ------------

Command Line: --add-opens=java.base/java.util=ALL-UNNAMED --add-opens=java.base/java.lang=ALL-UNNAMED --add-opens=java.base/java.lang.invoke=ALL-UNNAMED --add-opens=java.base/java.util=ALL-UNNAMED --add-opens=java.prefs/java.util.prefs=ALL-UNNAMED --add-opens=java.prefs/java.util.prefs=ALL-UNNAMED --add-opens=java.base/java.nio.charset=ALL-UNNAMED --add-opens=java.base/java.net=ALL-UNNAMED --add-opens=java.base/java.util.concurrent.atomic=ALL-UNNAMED -Xmx2048m -Dfile.encoding=UTF-8 -Duser.country=IN -Duser.language=en -Duser.variant org.gradle.launcher.daemon.bootstrap.GradleDaemon 7.3.3

Host: Intel(R) Core(TM) i7-9750H CPU @ 2.60GHz, 12 cores, 15G,  Windows 10 , 64 bit Build 19041 (10.0.19041.1889)
Time: Tue Dec  6 23:20:00 2022 India Standard Time elapsed time: 4.763776 seconds (0d 0h 0m 4s)

---------------  T H R E A D  ---------------

Current thread (0x000002e02f072000):  JavaThread "C2 CompilerThread0" daemon [_thread_in_native, id=17988, stack(0x000000eb47100000,0x000000eb47200000)]


Current CompileTask:
C2:   4763 3465   !   4       java.lang.reflect.Executable::declaredAnnotations (85 bytes)

Stack: [0x000000eb47100000,0x000000eb47200000]
Native frames: (J=compiled Java code, j=interpreted, Vv=VM code, C=native code)
V  [jvm.dll+0x5fbcea]
V  [jvm.dll+0x731905]
V  [jvm.dll+0x732f1d]
V  [jvm.dll+0x7335d3]
V  [jvm.dll+0x247bf8]
V  [jvm.dll+0xc018c]
V  [jvm.dll+0xc06cc]
V  [jvm.dll+0xc02cc]
V  [jvm.dll+0x6282e0]
V  [jvm.dll+0x33a8af]
V  [jvm.dll+0x33865e]
V  [jvm.dll+0x61566e]
V  [jvm.dll+0x61903e]
V  [jvm.dll+0x610dea]
V  [jvm.dll+0x610453]
V  [jvm.dll+0x60e4a2]
V  [jvm.dll+0x18addc]
V  [jvm.dll+0x2bbcef]
V  [jvm.dll+0x619065]
V  [jvm.dll+0x610dea]
V  [jvm.dll+0x610453]
V  [jvm.dll+0x60e4a2]
V  [jvm.dll+0x18addc]
V  [jvm.dll+0x2bbcef]
V  [jvm.dll+0x619065]
V  [jvm.dll+0x610dea]
V  [jvm.dll+0x610453]
V  [jvm.dll+0x60e4a2]
V  [jvm.dll+0x18addc]
V  [jvm.dll+0x2bbcef]
V  [jvm.dll+0x619065]
V  [jvm.dll+0x610dea]
V  [jvm.dll+0x610453]
V  [jvm.dll+0x60e4a2]
V  [jvm.dll+0x18addc]
V  [jvm.dll+0x2bbcef]
V  [jvm.dll+0x619065]
V  [jvm.dll+0x610dea]
V  [jvm.dll+0x610453]
V  [jvm.dll+0x60e4a2]
V  [jvm.dll+0x18addc]
V  [jvm.dll+0x2bbcef]
V  [jvm.dll+0x619065]
V  [jvm.dll+0x610dea]
V  [jvm.dll+0x610453]
V  [jvm.dll+0x60e4a2]
V  [jvm.dll+0x18addc]
V  [jvm.dll+0x2bbcef]
V  [jvm.dll+0x619065]
V  [jvm.dll+0x610dea]
V  [jvm.dll+0x610453]
V  [jvm.dll+0x60e4a2]
V  [jvm.dll+0x18addc]
V  [jvm.dll+0x1ff4b5]
V  [jvm.dll+0x18868c]
V  [jvm.dll+0x20e0d7]
V  [jvm.dll+0x20c901]
V  [jvm.dll+0x6f9b7f]
V  [jvm.dll+0x6f26a5]
V  [jvm.dll+0x5fabf6]
C  [ucrtbase.dll+0x21bb2]
C  [KERNEL32.DLL+0x17034]
C  [ntdll.dll+0x526a1]


---------------  P R O C E S S  ---------------

Threads class SMR info:
_java_thread_list=0x000002e03698c4e0, length=35, elements={
0x000002e013ebb800, 0x000002e02f042800, 0x000002e02f045800, 0x000002e02f061800,
0x000002e02f063800, 0x000002e02f064800, 0x000002e02f072000, 0x000002e02f076800,
0x000002e02f078800, 0x000002e02f22d800, 0x000002e030665800, 0x000002e0303d9800,
0x000002e031c2e800, 0x000002e031bd6800, 0x000002e03100d000, 0x000002e030cad800,
0x000002e030cae800, 0x000002e032145000, 0x000002e031a85000, 0x000002e03144e000,
0x000002e03144c800, 0x000002e03144f000, 0x000002e03144a800, 0x000002e031bc5800,
0x000002e031449000, 0x000002e03144d000, 0x000002e03144f800, 0x000002e03144a000,
0x000002e03144b800, 0x000002e031607800, 0x000002e031605000, 0x000002e031619800,
0x000002e031602800, 0x000002e031608000, 0x000002e03160a000
}

Java Threads: ( => current thread )
  0x000002e013ebb800 JavaThread "main" [_thread_blocked, id=22524, stack(0x000000eb46500000,0x000000eb46600000)]
  0x000002e02f042800 JavaThread "Reference Handler" daemon [_thread_blocked, id=11084, stack(0x000000eb46c00000,0x000000eb46d00000)]
  0x000002e02f045800 JavaThread "Finalizer" daemon [_thread_blocked, id=2608, stack(0x000000eb46d00000,0x000000eb46e00000)]
  0x000002e02f061800 JavaThread "Signal Dispatcher" daemon [_thread_blocked, id=19572, stack(0x000000eb46e00000,0x000000eb46f00000)]
  0x000002e02f063800 JavaThread "Attach Listener" daemon [_thread_blocked, id=17660, stack(0x000000eb46f00000,0x000000eb47000000)]
  0x000002e02f064800 JavaThread "Service Thread" daemon [_thread_blocked, id=4780, stack(0x000000eb47000000,0x000000eb47100000)]
=>0x000002e02f072000 JavaThread "C2 CompilerThread0" daemon [_thread_in_native, id=17988, stack(0x000000eb47100000,0x000000eb47200000)]
  0x000002e02f076800 JavaThread "C1 CompilerThread0" daemon [_thread_in_native, id=14628, stack(0x000000eb47200000,0x000000eb47300000)]
  0x000002e02f078800 JavaThread "Sweeper thread" daemon [_thread_blocked, id=23572, stack(0x000000eb47300000,0x000000eb47400000)]
  0x000002e02f22d800 JavaThread "Common-Cleaner" daemon [_thread_blocked, id=22868, stack(0x000000eb47400000,0x000000eb47500000)]
  0x000002e030665800 JavaThread "Daemon health stats" [_thread_blocked, id=13440, stack(0x000000eb47d00000,0x000000eb47e00000)]
  0x000002e0303d9800 JavaThread "Incoming local TCP Connector on port 63822" [_thread_in_native, id=11492, stack(0x000000eb47600000,0x000000eb47700000)]
  0x000002e031c2e800 JavaThread "Daemon periodic checks" [_thread_blocked, id=15384, stack(0x000000eb47c00000,0x000000eb47d00000)]
  0x000002e031bd6800 JavaThread "Daemon" [_thread_blocked, id=5636, stack(0x000000eb47e00000,0x000000eb47f00000)]
  0x000002e03100d000 JavaThread "Handler for socket connection from /127.0.0.1:63822 to /127.0.0.1:63823" [_thread_in_native, id=588, stack(0x000000eb47f00000,0x000000eb48000000)]
  0x000002e030cad800 JavaThread "Cancel handler" [_thread_blocked, id=16312, stack(0x000000eb48000000,0x000000eb48100000)]
  0x000002e030cae800 JavaThread "Daemon worker" [_thread_in_native, id=13524, stack(0x000000eb48100000,0x000000eb48200000)]
  0x000002e032145000 JavaThread "Asynchronous log dispatcher for DefaultDaemonConnection: socket connection from /127.0.0.1:63822 to /127.0.0.1:63823" [_thread_blocked, id=18688, stack(0x000000eb48200000,0x000000eb48300000)]
  0x000002e031a85000 JavaThread "Stdin handler" [_thread_blocked, id=22700, stack(0x000000eb48300000,0x000000eb48400000)]
  0x000002e03144e000 JavaThread "Daemon client event forwarder" [_thread_blocked, id=22932, stack(0x000000eb48400000,0x000000eb48500000)]
  0x000002e03144c800 JavaThread "Cache worker for journal cache (C:\Users\tjain\.gradle\caches\journal-1)" [_thread_blocked, id=12052, stack(0x000000eb48500000,0x000000eb48600000)]
  0x000002e03144f000 JavaThread "File lock request listener" [_thread_in_native, id=20944, stack(0x000000eb48600000,0x000000eb48700000)]
  0x000002e03144a800 JavaThread "Cache worker for file hash cache (C:\Users\tjain\.gradle\caches\7.3.3\fileHashes)" [_thread_blocked, id=4444, stack(0x000000eb48700000,0x000000eb48800000)]
  0x000002e031bc5800 JavaThread "C2 CompilerThread1" daemon [_thread_in_native, id=1920, stack(0x000000eb48e00000,0x000000eb48f00000)]
  0x000002e031449000 JavaThread "Cache worker for file hash cache (D:\Android_Projects\TechBpit\.gradle\7.3.3\fileHashes)" [_thread_blocked, id=21700, stack(0x000000eb48f00000,0x000000eb49000000)]
  0x000002e03144d000 JavaThread "File watcher server" daemon [_thread_in_native, id=10084, stack(0x000000eb49000000,0x000000eb49100000)]
  0x000002e03144f800 JavaThread "File watcher consumer" daemon [_thread_blocked, id=22764, stack(0x000000eb49100000,0x000000eb49200000)]
  0x000002e03144a000 JavaThread "Cache worker for checksums cache (D:\Android_Projects\TechBpit\.gradle\7.3.3\checksums)" [_thread_blocked, id=23272, stack(0x000000eb49200000,0x000000eb49300000)]
  0x000002e03144b800 JavaThread "Cache worker for cache directory md-supplier (C:\Users\tjain\.gradle\caches\7.3.3\md-supplier)" [_thread_blocked, id=19596, stack(0x000000eb49300000,0x000000eb49400000)]
  0x000002e031607800 JavaThread "Cache worker for cache directory md-rule (C:\Users\tjain\.gradle\caches\7.3.3\md-rule)" [_thread_blocked, id=9316, stack(0x000000eb49400000,0x000000eb49500000)]
  0x000002e031605000 JavaThread "Cache worker for execution history cache (C:\Users\tjain\.gradle\caches\7.3.3\executionHistory)" [_thread_blocked, id=10344, stack(0x000000eb49500000,0x000000eb49600000)]
  0x000002e031619800 JavaThread "C2 CompilerThread2" daemon [_thread_in_native, id=19332, stack(0x000000eb49600000,0x000000eb49700000)]
  0x000002e031602800 JavaThread "jar transforms" [_thread_blocked, id=22852, stack(0x000000eb49700000,0x000000eb49800000)]
  0x000002e031608000 JavaThread "Cache worker for file content cache (C:\Users\tjain\.gradle\caches\7.3.3\fileContent)" [_thread_blocked, id=21256, stack(0x000000eb49800000,0x000000eb49900000)]
  0x000002e03160a000 JavaThread "jar transforms Thread 2" [_thread_blocked, id=20228, stack(0x000000eb49900000,0x000000eb49a00000)]

Other Threads:
  0x000002e02effe800 VMThread "VM Thread" [stack: 0x000000eb46b00000,0x000000eb46c00000] [id=25252]
  0x000002e02f260800 WatcherThread [stack: 0x000000eb47500000,0x000000eb47600000] [id=17776]
  0x000002e013ed4800 GCTaskThread "GC Thread#0" [stack: 0x000000eb46600000,0x000000eb46700000] [id=14068]
  0x000002e02fcd8800 GCTaskThread "GC Thread#1" [stack: 0x000000eb47700000,0x000000eb47800000] [id=8888]
  0x000002e02f7eb800 GCTaskThread "GC Thread#2" [stack: 0x000000eb47800000,0x000000eb47900000] [id=1536]
  0x000002e02f60b000 GCTaskThread "GC Thread#3" [stack: 0x000000eb47900000,0x000000eb47a00000] [id=22468]
  0x000002e03019b800 GCTaskThread "GC Thread#4" [stack: 0x000000eb47a00000,0x000000eb47b00000] [id=24360]
  0x000002e02fce8800 GCTaskThread "GC Thread#5" [stack: 0x000000eb47b00000,0x000000eb47c00000] [id=10996]
  0x000002e030acb800 GCTaskThread "GC Thread#6" [stack: 0x000000eb48800000,0x000000eb48900000] [id=20220]
  0x000002e031aed800 GCTaskThread "GC Thread#7" [stack: 0x000000eb48900000,0x000000eb48a00000] [id=13176]
  0x000002e031e25800 GCTaskThread "GC Thread#8" [stack: 0x000000eb48a00000,0x000000eb48b00000] [id=21412]
  0x000002e031d8e000 GCTaskThread "GC Thread#9" [stack: 0x000000eb48b00000,0x000000eb48c00000] [id=1700]
  0x000002e013f05800 ConcurrentGCThread "G1 Main Marker" [stack: 0x000000eb46700000,0x000000eb46800000] [id=9640]
  0x000002e013f07800 ConcurrentGCThread "G1 Conc#0" [stack: 0x000000eb46800000,0x000000eb46900000] [id=9716]
  0x000002e031440000 ConcurrentGCThread "G1 Conc#1" [stack: 0x000000eb48c00000,0x000000eb48d00000] [id=11004]
  0x000002e030c46800 ConcurrentGCThread "G1 Conc#2" [stack: 0x000000eb48d00000,0x000000eb48e00000] [id=3296]
  0x000002e02e664800 ConcurrentGCThread "G1 Refine#0" [stack: 0x000000eb46900000,0x000000eb46a00000] [id=24640]
  0x000002e02e665000 ConcurrentGCThread "G1 Young RemSet Sampling" [stack: 0x000000eb46a00000,0x000000eb46b00000] [id=3932]

Threads with active compile tasks:
C2 CompilerThread0   4821 3465   !   4       java.lang.reflect.Executable::declaredAnnotations (85 bytes)
C2 CompilerThread1   4821 3471       4       groovy.lang.MetaClassImpl$1MOPIter::methodNameAction (325 bytes)
C2 CompilerThread2   4821 3468       4       org.codehaus.groovy.runtime.metaclass.MetaMethodIndex::addMethodToList (131 bytes)

VM state:not at safepoint (normal execution)

VM Mutex/Monitor currently owned by a thread: None

Heap address: 0x0000000080000000, size: 2048 MB, Compressed Oops mode: 32-bit
Narrow klass base: 0x0000000000000000, Narrow klass shift: 3
Compressed class space size: 1073741824 Address: 0x0000000100000000

Heap:
 garbage-first heap   total 262144K, used 32315K [0x0000000080000000, 0x0000000100000000)
  region size 1024K, 17 young (17408K), 11 survivors (11264K)
 Metaspace       used 40093K, capacity 41012K, committed 41088K, reserved 1091584K
  class space    used 5135K, capacity 5469K, committed 5504K, reserved 1048576K
Heap Regions: E=young(eden), S=young(survivor), O=old, HS=humongous(starts), HC=humongous(continues), CS=collection set, F=free, A=archive, TAMS=top-at-mark-start (previous, next)
|   0|0x0000000080000000, 0x0000000080100000, 0x0000000080100000|100%| O|  |TAMS 0x0000000080100000, 0x0000000080000000| Untracked 
|   1|0x0000000080100000, 0x0000000080200000, 0x0000000080200000|100%| O|  |TAMS 0x0000000080200000, 0x0000000080100000| Untracked 
|   2|0x0000000080200000, 0x0000000080300000, 0x0000000080300000|100%| O|  |TAMS 0x0000000080300000, 0x0000000080200000| Untracked 
|   3|0x0000000080300000, 0x0000000080400000, 0x0000000080400000|100%|HS|  |TAMS 0x0000000080400000, 0x0000000080300000| Complete 
|   4|0x0000000080400000, 0x0000000080500000, 0x0000000080500000|100%|HC|  |TAMS 0x0000000080500000, 0x0000000080400000| Complete 
|   5|0x0000000080500000, 0x0000000080600000, 0x0000000080600000|100%|HC|  |TAMS 0x0000000080600000, 0x0000000080500000| Complete 
|   6|0x0000000080600000, 0x0000000080700000, 0x0000000080700000|100%| O|  |TAMS 0x0000000080700000, 0x0000000080600000| Untracked 
|   7|0x0000000080700000, 0x0000000080800000, 0x0000000080800000|100%| O|  |TAMS 0x0000000080800000, 0x0000000080700000| Untracked 
|   8|0x0000000080800000, 0x0000000080900000, 0x0000000080900000|100%| O|  |TAMS 0x0000000080900000, 0x0000000080800000| Untracked 
|   9|0x0000000080900000, 0x0000000080a00000, 0x0000000080a00000|100%| O|  |TAMS 0x0000000080a00000, 0x0000000080900000| Untracked 
|  10|0x0000000080a00000, 0x0000000080b00000, 0x0000000080b00000|100%| O|  |TAMS 0x0000000080b00000, 0x0000000080a00000| Untracked 
|  11|0x0000000080b00000, 0x0000000080c00000, 0x0000000080c00000|100%| O|  |TAMS 0x0000000080c00000, 0x0000000080b00000| Untracked 
|  12|0x0000000080c00000, 0x0000000080d00000, 0x0000000080d00000|100%| O|  |TAMS 0x0000000080d00000, 0x0000000080c00000| Untracked 
|  13|0x0000000080d00000, 0x0000000080e00000, 0x0000000080e00000|100%| O|  |TAMS 0x0000000080e00000, 0x0000000080d00000| Untracked 
|  14|0x0000000080e00000, 0x0000000080f00000, 0x0000000080f00000|100%| O|  |TAMS 0x0000000080f00000, 0x0000000080e00000| Untracked 
|  15|0x0000000080f00000, 0x0000000081000000, 0x0000000081000000|100%| O|  |TAMS 0x0000000081000000, 0x0000000080f00000| Untracked 
|  16|0x0000000081000000, 0x0000000081019200, 0x0000000081100000|  9%| O|  |TAMS 0x0000000081019200, 0x0000000081000000| Untracked 
|  17|0x0000000081100000, 0x0000000081100000, 0x0000000081200000|  0%| F|  |TAMS 0x0000000081100000, 0x0000000081100000| Untracked 
|  18|0x0000000081200000, 0x0000000081200000, 0x0000000081300000|  0%| F|  |TAMS 0x0000000081200000, 0x0000000081200000| Untracked 
|  19|0x0000000081300000, 0x0000000081300000, 0x0000000081400000|  0%| F|  |TAMS 0x0000000081300000, 0x0000000081300000| Untracked 
|  20|0x0000000081400000, 0x0000000081400000, 0x0000000081500000|  0%| F|  |TAMS 0x0000000081400000, 0x0000000081400000| Untracked 
|  21|0x0000000081500000, 0x0000000081500000, 0x0000000081600000|  0%| F|  |TAMS 0x0000000081500000, 0x0000000081500000| Untracked 
|  22|0x0000000081600000, 0x0000000081600000, 0x0000000081700000|  0%| F|  |TAMS 0x0000000081600000, 0x0000000081600000| Untracked 
|  23|0x0000000081700000, 0x0000000081700000, 0x0000000081800000|  0%| F|  |TAMS 0x0000000081700000, 0x0000000081700000| Untracked 
|  24|0x0000000081800000, 0x0000000081800000, 0x0000000081900000|  0%| F|  |TAMS 0x0000000081800000, 0x0000000081800000| Untracked 
|  25|0x0000000081900000, 0x0000000081900000, 0x0000000081a00000|  0%| F|  |TAMS 0x0000000081900000, 0x0000000081900000| Untracked 
|  26|0x0000000081a00000, 0x0000000081a00000, 0x0000000081b00000|  0%| F|  |TAMS 0x0000000081a00000, 0x0000000081a00000| Untracked 
|  27|0x0000000081b00000, 0x0000000081b00000, 0x0000000081c00000|  0%| F|  |TAMS 0x0000000081b00000, 0x0000000081b00000| Untracked 
|  28|0x0000000081c00000, 0x0000000081c00000, 0x0000000081d00000|  0%| F|  |TAMS 0x0000000081c00000, 0x0000000081c00000| Untracked 
|  29|0x0000000081d00000, 0x0000000081d00000, 0x0000000081e00000|  0%| F|  |TAMS 0x0000000081d00000, 0x0000000081d00000| Untracked 
|  30|0x0000000081e00000, 0x0000000081e00000, 0x0000000081f00000|  0%| F|  |TAMS 0x0000000081e00000, 0x0000000081e00000| Untracked 
|  31|0x0000000081f00000, 0x0000000081f00000, 0x0000000082000000|  0%| F|  |TAMS 0x0000000081f00000, 0x0000000081f00000| Untracked 
|  32|0x0000000082000000, 0x0000000082000000, 0x0000000082100000|  0%| F|  |TAMS 0x0000000082000000, 0x0000000082000000| Untracked 
|  33|0x0000000082100000, 0x0000000082100000, 0x0000000082200000|  0%| F|  |TAMS 0x0000000082100000, 0x0000000082100000| Untracked 
|  34|0x0000000082200000, 0x0000000082200000, 0x0000000082300000|  0%| F|  |TAMS 0x0000000082200000, 0x0000000082200000| Untracked 
|  35|0x0000000082300000, 0x0000000082300000, 0x0000000082400000|  0%| F|  |TAMS 0x0000000082300000, 0x0000000082300000| Untracked 
|  36|0x0000000082400000, 0x0000000082400000, 0x0000000082500000|  0%| F|  |TAMS 0x0000000082400000, 0x0000000082400000| Untracked 
|  37|0x0000000082500000, 0x0000000082500000, 0x0000000082600000|  0%| F|  |TAMS 0x0000000082500000, 0x0000000082500000| Untracked 
|  38|0x0000000082600000, 0x0000000082600000, 0x0000000082700000|  0%| F|  |TAMS 0x0000000082600000, 0x0000000082600000| Untracked 
|  39|0x0000000082700000, 0x0000000082700000, 0x0000000082800000|  0%| F|  |TAMS 0x0000000082700000, 0x0000000082700000| Untracked 
|  40|0x0000000082800000, 0x0000000082800000, 0x0000000082900000|  0%| F|  |TAMS 0x0000000082800000, 0x0000000082800000| Untracked 
|  41|0x0000000082900000, 0x0000000082900000, 0x0000000082a00000|  0%| F|  |TAMS 0x0000000082900000, 0x0000000082900000| Untracked 
|  42|0x0000000082a00000, 0x0000000082a00000, 0x0000000082b00000|  0%| F|  |TAMS 0x0000000082a00000, 0x0000000082a00000| Untracked 
|  43|0x0000000082b00000, 0x0000000082b00000, 0x0000000082c00000|  0%| F|  |TAMS 0x0000000082b00000, 0x0000000082b00000| Untracked 
|  44|0x0000000082c00000, 0x0000000082c00000, 0x0000000082d00000|  0%| F|  |TAMS 0x0000000082c00000, 0x0000000082c00000| Untracked 
|  45|0x0000000082d00000, 0x0000000082d00000, 0x0000000082e00000|  0%| F|  |TAMS 0x0000000082d00000, 0x0000000082d00000| Untracked 
|  46|0x0000000082e00000, 0x0000000082e00000, 0x0000000082f00000|  0%| F|  |TAMS 0x0000000082e00000, 0x0000000082e00000| Untracked 
|  47|0x0000000082f00000, 0x0000000082f00000, 0x0000000083000000|  0%| F|  |TAMS 0x0000000082f00000, 0x0000000082f00000| Untracked 
|  48|0x0000000083000000, 0x0000000083000000, 0x0000000083100000|  0%| F|  |TAMS 0x0000000083000000, 0x0000000083000000| Untracked 
|  49|0x0000000083100000, 0x0000000083100000, 0x0000000083200000|  0%| F|  |TAMS 0x0000000083100000, 0x0000000083100000| Untracked 
|  50|0x0000000083200000, 0x0000000083200000, 0x0000000083300000|  0%| F|  |TAMS 0x0000000083200000, 0x0000000083200000| Untracked 
|  51|0x0000000083300000, 0x0000000083300000, 0x0000000083400000|  0%| F|  |TAMS 0x0000000083300000, 0x0000000083300000| Untracked 
|  52|0x0000000083400000, 0x0000000083400000, 0x0000000083500000|  0%| F|  |TAMS 0x0000000083400000, 0x0000000083400000| Untracked 
|  53|0x0000000083500000, 0x0000000083500000, 0x0000000083600000|  0%| F|  |TAMS 0x0000000083500000, 0x0000000083500000| Untracked 
|  54|0x0000000083600000, 0x0000000083600000, 0x0000000083700000|  0%| F|  |TAMS 0x0000000083600000, 0x0000000083600000| Untracked 
|  55|0x0000000083700000, 0x0000000083700000, 0x0000000083800000|  0%| F|  |TAMS 0x0000000083700000, 0x0000000083700000| Untracked 
|  56|0x0000000083800000, 0x0000000083800000, 0x0000000083900000|  0%| F|  |TAMS 0x0000000083800000, 0x0000000083800000| Untracked 
|  57|0x0000000083900000, 0x0000000083900000, 0x0000000083a00000|  0%| F|  |TAMS 0x0000000083900000, 0x0000000083900000| Untracked 
|  58|0x0000000083a00000, 0x0000000083a00000, 0x0000000083b00000|  0%| F|  |TAMS 0x0000000083a00000, 0x0000000083a00000| Untracked 
|  59|0x0000000083b00000, 0x0000000083b00000, 0x0000000083c00000|  0%| F|  |TAMS 0x0000000083b00000, 0x0000000083b00000| Untracked 
|  60|0x0000000083c00000, 0x0000000083c00000, 0x0000000083d00000|  0%| F|  |TAMS 0x0000000083c00000, 0x0000000083c00000| Untracked 
|  61|0x0000000083d00000, 0x0000000083d00000, 0x0000000083e00000|  0%| F|  |TAMS 0x0000000083d00000, 0x0000000083d00000| Untracked 
|  62|0x0000000083e00000, 0x0000000083e00000, 0x0000000083f00000|  0%| F|  |TAMS 0x0000000083e00000, 0x0000000083e00000| Untracked 
|  63|0x0000000083f00000, 0x0000000083f00000, 0x0000000084000000|  0%| F|  |TAMS 0x0000000083f00000, 0x0000000083f00000| Untracked 
|  64|0x0000000084000000, 0x0000000084000000, 0x0000000084100000|  0%| F|  |TAMS 0x0000000084000000, 0x0000000084000000| Untracked 
|  65|0x0000000084100000, 0x0000000084100000, 0x0000000084200000|  0%| F|  |TAMS 0x0000000084100000, 0x0000000084100000| Untracked 
|  66|0x0000000084200000, 0x0000000084200000, 0x0000000084300000|  0%| F|  |TAMS 0x0000000084200000, 0x0000000084200000| Untracked 
|  67|0x0000000084300000, 0x0000000084300000, 0x0000000084400000|  0%| F|  |TAMS 0x0000000084300000, 0x0000000084300000| Untracked 
|  68|0x0000000084400000, 0x0000000084400000, 0x0000000084500000|  0%| F|  |TAMS 0x0000000084400000, 0x0000000084400000| Untracked 
|  69|0x0000000084500000, 0x0000000084500000, 0x0000000084600000|  0%| F|  |TAMS 0x0000000084500000, 0x0000000084500000| Untracked 
|  70|0x0000000084600000, 0x0000000084600000, 0x0000000084700000|  0%| F|  |TAMS 0x0000000084600000, 0x0000000084600000| Untracked 
|  71|0x0000000084700000, 0x0000000084700000, 0x0000000084800000|  0%| F|  |TAMS 0x0000000084700000, 0x0000000084700000| Untracked 
|  72|0x0000000084800000, 0x0000000084800000, 0x0000000084900000|  0%| F|  |TAMS 0x0000000084800000, 0x0000000084800000| Untracked 
|  73|0x0000000084900000, 0x0000000084900000, 0x0000000084a00000|  0%| F|  |TAMS 0x0000000084900000, 0x0000000084900000| Untracked 
|  74|0x0000000084a00000, 0x0000000084a00000, 0x0000000084b00000|  0%| F|  |TAMS 0x0000000084a00000, 0x0000000084a00000| Untracked 
|  75|0x0000000084b00000, 0x0000000084b00000, 0x0000000084c00000|  0%| F|  |TAMS 0x0000000084b00000, 0x0000000084b00000| Untracked 
|  76|0x0000000084c00000, 0x0000000084c00000, 0x0000000084d00000|  0%| F|  |TAMS 0x0000000084c00000, 0x0000000084c00000| Untracked 
|  77|0x0000000084d00000, 0x0000000084d00000, 0x0000000084e00000|  0%| F|  |TAMS 0x0000000084d00000, 0x0000000084d00000| Untracked 
|  78|0x0000000084e00000, 0x0000000084e00000, 0x0000000084f00000|  0%| F|  |TAMS 0x0000000084e00000, 0x0000000084e00000| Untracked 
|  79|0x0000000084f00000, 0x0000000084f00000, 0x0000000085000000|  0%| F|  |TAMS 0x0000000084f00000, 0x0000000084f00000| Untracked 
|  80|0x0000000085000000, 0x0000000085000000, 0x0000000085100000|  0%| F|  |TAMS 0x0000000085000000, 0x0000000085000000| Untracked 
|  81|0x0000000085100000, 0x0000000085100000, 0x0000000085200000|  0%| F|  |TAMS 0x0000000085100000, 0x0000000085100000| Untracked 
|  82|0x0000000085200000, 0x0000000085200000, 0x0000000085300000|  0%| F|  |TAMS 0x0000000085200000, 0x0000000085200000| Untracked 
|  83|0x0000000085300000, 0x0000000085300000, 0x0000000085400000|  0%| F|  |TAMS 0x0000000085300000, 0x0000000085300000| Untracked 
|  84|0x0000000085400000, 0x0000000085400000, 0x0000000085500000|  0%| F|  |TAMS 0x0000000085400000, 0x0000000085400000| Untracked 
|  85|0x0000000085500000, 0x0000000085500000, 0x0000000085600000|  0%| F|  |TAMS 0x0000000085500000, 0x0000000085500000| Untracked 
|  86|0x0000000085600000, 0x0000000085600000, 0x0000000085700000|  0%| F|  |TAMS 0x0000000085600000, 0x0000000085600000| Untracked 
|  87|0x0000000085700000, 0x0000000085700000, 0x0000000085800000|  0%| F|  |TAMS 0x0000000085700000, 0x0000000085700000| Untracked 
|  88|0x0000000085800000, 0x0000000085800000, 0x0000000085900000|  0%| F|  |TAMS 0x0000000085800000, 0x0000000085800000| Untracked 
|  89|0x0000000085900000, 0x0000000085900000, 0x0000000085a00000|  0%| F|  |TAMS 0x0000000085900000, 0x0000000085900000| Untracked 
|  90|0x0000000085a00000, 0x0000000085a00000, 0x0000000085b00000|  0%| F|  |TAMS 0x0000000085a00000, 0x0000000085a00000| Untracked 
|  91|0x0000000085b00000, 0x0000000085b00000, 0x0000000085c00000|  0%| F|  |TAMS 0x0000000085b00000, 0x0000000085b00000| Untracked 
|  92|0x0000000085c00000, 0x0000000085c00000, 0x0000000085d00000|  0%| F|  |TAMS 0x0000000085c00000, 0x0000000085c00000| Untracked 
|  93|0x0000000085d00000, 0x0000000085d00000, 0x0000000085e00000|  0%| F|  |TAMS 0x0000000085d00000, 0x0000000085d00000| Untracked 
|  94|0x0000000085e00000, 0x0000000085e00000, 0x0000000085f00000|  0%| F|  |TAMS 0x0000000085e00000, 0x0000000085e00000| Untracked 
|  95|0x0000000085f00000, 0x0000000085f00000, 0x0000000086000000|  0%| F|  |TAMS 0x0000000085f00000, 0x0000000085f00000| Untracked 
|  96|0x0000000086000000, 0x0000000086000000, 0x0000000086100000|  0%| F|  |TAMS 0x0000000086000000, 0x0000000086000000| Untracked 
|  97|0x0000000086100000, 0x0000000086100000, 0x0000000086200000|  0%| F|  |TAMS 0x0000000086100000, 0x0000000086100000| Untracked 
|  98|0x0000000086200000, 0x0000000086200000, 0x0000000086300000|  0%| F|  |TAMS 0x0000000086200000, 0x0000000086200000| Untracked 
|  99|0x0000000086300000, 0x0000000086300000, 0x0000000086400000|  0%| F|  |TAMS 0x0000000086300000, 0x0000000086300000| Untracked 
| 100|0x0000000086400000, 0x0000000086400000, 0x0000000086500000|  0%| F|  |TAMS 0x0000000086400000, 0x0000000086400000| Untracked 
| 101|0x0000000086500000, 0x0000000086500000, 0x0000000086600000|  0%| F|  |TAMS 0x0000000086500000, 0x0000000086500000| Untracked 
| 102|0x0000000086600000, 0x0000000086600000, 0x0000000086700000|  0%| F|  |TAMS 0x0000000086600000, 0x0000000086600000| Untracked 
| 103|0x0000000086700000, 0x0000000086700000, 0x0000000086800000|  0%| F|  |TAMS 0x0000000086700000, 0x0000000086700000| Untracked 
| 104|0x0000000086800000, 0x0000000086800000, 0x0000000086900000|  0%| F|  |TAMS 0x0000000086800000, 0x0000000086800000| Untracked 
| 105|0x0000000086900000, 0x0000000086900000, 0x0000000086a00000|  0%| F|  |TAMS 0x0000000086900000, 0x0000000086900000| Untracked 
| 106|0x0000000086a00000, 0x0000000086a00000, 0x0000000086b00000|  0%| F|  |TAMS 0x0000000086a00000, 0x0000000086a00000| Untracked 
| 107|0x0000000086b00000, 0x0000000086b00000, 0x0000000086c00000|  0%| F|  |TAMS 0x0000000086b00000, 0x0000000086b00000| Untracked 
| 108|0x0000000086c00000, 0x0000000086c00000, 0x0000000086d00000|  0%| F|  |TAMS 0x0000000086c00000, 0x0000000086c00000| Untracked 
| 109|0x0000000086d00000, 0x0000000086d00000, 0x0000000086e00000|  0%| F|  |TAMS 0x0000000086d00000, 0x0000000086d00000| Untracked 
| 110|0x0000000086e00000, 0x0000000086e00000, 0x0000000086f00000|  0%| F|  |TAMS 0x0000000086e00000, 0x0000000086e00000| Untracked 
| 111|0x0000000086f00000, 0x0000000086f00000, 0x0000000087000000|  0%| F|  |TAMS 0x0000000086f00000, 0x0000000086f00000| Untracked 
| 112|0x0000000087000000, 0x0000000087000000, 0x0000000087100000|  0%| F|  |TAMS 0x0000000087000000, 0x0000000087000000| Untracked 
| 113|0x0000000087100000, 0x0000000087100000, 0x0000000087200000|  0%| F|  |TAMS 0x0000000087100000, 0x0000000087100000| Untracked 
| 114|0x0000000087200000, 0x0000000087200000, 0x0000000087300000|  0%| F|  |TAMS 0x0000000087200000, 0x0000000087200000| Untracked 
| 115|0x0000000087300000, 0x0000000087300000, 0x0000000087400000|  0%| F|  |TAMS 0x0000000087300000, 0x0000000087300000| Untracked 
| 116|0x0000000087400000, 0x0000000087400000, 0x0000000087500000|  0%| F|  |TAMS 0x0000000087400000, 0x0000000087400000| Untracked 
| 117|0x0000000087500000, 0x0000000087500000, 0x0000000087600000|  0%| F|  |TAMS 0x0000000087500000, 0x0000000087500000| Untracked 
| 118|0x0000000087600000, 0x0000000087600000, 0x0000000087700000|  0%| F|  |TAMS 0x0000000087600000, 0x0000000087600000| Untracked 
| 119|0x0000000087700000, 0x0000000087700000, 0x0000000087800000|  0%| F|  |TAMS 0x0000000087700000, 0x0000000087700000| Untracked 
| 120|0x0000000087800000, 0x0000000087800000, 0x0000000087900000|  0%| F|  |TAMS 0x0000000087800000, 0x0000000087800000| Untracked 
| 121|0x0000000087900000, 0x0000000087900000, 0x0000000087a00000|  0%| F|  |TAMS 0x0000000087900000, 0x0000000087900000| Untracked 
| 122|0x0000000087a00000, 0x0000000087a00000, 0x0000000087b00000|  0%| F|  |TAMS 0x0000000087a00000, 0x0000000087a00000| Untracked 
| 123|0x0000000087b00000, 0x0000000087b00000, 0x0000000087c00000|  0%| F|  |TAMS 0x0000000087b00000, 0x0000000087b00000| Untracked 
| 124|0x0000000087c00000, 0x0000000087c00000, 0x0000000087d00000|  0%| F|  |TAMS 0x0000000087c00000, 0x0000000087c00000| Untracked 
| 125|0x0000000087d00000, 0x0000000087d00000, 0x0000000087e00000|  0%| F|  |TAMS 0x0000000087d00000, 0x0000000087d00000| Untracked 
| 126|0x0000000087e00000, 0x0000000087e00000, 0x0000000087f00000|  0%| F|  |TAMS 0x0000000087e00000, 0x0000000087e00000| Untracked 
| 127|0x0000000087f00000, 0x0000000087f00000, 0x0000000088000000|  0%| F|  |TAMS 0x0000000087f00000, 0x0000000087f00000| Untracked 
| 128|0x0000000088000000, 0x0000000088000000, 0x0000000088100000|  0%| F|  |TAMS 0x0000000088000000, 0x0000000088000000| Untracked 
| 129|0x0000000088100000, 0x0000000088100000, 0x0000000088200000|  0%| F|  |TAMS 0x0000000088100000, 0x0000000088100000| Untracked 
| 130|0x0000000088200000, 0x0000000088200000, 0x0000000088300000|  0%| F|  |TAMS 0x0000000088200000, 0x0000000088200000| Untracked 
| 131|0x0000000088300000, 0x0000000088300000, 0x0000000088400000|  0%| F|  |TAMS 0x0000000088300000, 0x0000000088300000| Untracked 
| 132|0x0000000088400000, 0x0000000088400000, 0x0000000088500000|  0%| F|  |TAMS 0x0000000088400000, 0x0000000088400000| Untracked 
| 133|0x0000000088500000, 0x0000000088500000, 0x0000000088600000|  0%| F|  |TAMS 0x0000000088500000, 0x0000000088500000| Untracked 
| 134|0x0000000088600000, 0x0000000088600000, 0x0000000088700000|  0%| F|  |TAMS 0x0000000088600000, 0x0000000088600000| Untracked 
| 135|0x0000000088700000, 0x0000000088700000, 0x0000000088800000|  0%| F|  |TAMS 0x0000000088700000, 0x0000000088700000| Untracked 
| 136|0x0000000088800000, 0x0000000088800000, 0x0000000088900000|  0%| F|  |TAMS 0x0000000088800000, 0x0000000088800000| Untracked 
| 137|0x0000000088900000, 0x0000000088900000, 0x0000000088a00000|  0%| F|  |TAMS 0x0000000088900000, 0x0000000088900000| Untracked 
| 138|0x0000000088a00000, 0x0000000088a00000, 0x0000000088b00000|  0%| F|  |TAMS 0x0000000088a00000, 0x0000000088a00000| Untracked 
| 139|0x0000000088b00000, 0x0000000088b00000, 0x0000000088c00000|  0%| F|  |TAMS 0x0000000088b00000, 0x0000000088b00000| Untracked 
| 140|0x0000000088c00000, 0x0000000088c00000, 0x0000000088d00000|  0%| F|  |TAMS 0x0000000088c00000, 0x0000000088c00000| Untracked 
| 141|0x0000000088d00000, 0x0000000088d00000, 0x0000000088e00000|  0%| F|  |TAMS 0x0000000088d00000, 0x0000000088d00000| Untracked 
| 142|0x0000000088e00000, 0x0000000088e00000, 0x0000000088f00000|  0%| F|  |TAMS 0x0000000088e00000, 0x0000000088e00000| Untracked 
| 143|0x0000000088f00000, 0x0000000088f00000, 0x0000000089000000|  0%| F|  |TAMS 0x0000000088f00000, 0x0000000088f00000| Untracked 
| 144|0x0000000089000000, 0x0000000089000000, 0x0000000089100000|  0%| F|  |TAMS 0x0000000089000000, 0x0000000089000000| Untracked 
| 145|0x0000000089100000, 0x0000000089100000, 0x0000000089200000|  0%| F|  |TAMS 0x0000000089100000, 0x0000000089100000| Untracked 
| 146|0x0000000089200000, 0x0000000089200000, 0x0000000089300000|  0%| F|  |TAMS 0x0000000089200000, 0x0000000089200000| Untracked 
| 147|0x0000000089300000, 0x0000000089300000, 0x0000000089400000|  0%| F|  |TAMS 0x0000000089300000, 0x0000000089300000| Untracked 
| 148|0x0000000089400000, 0x0000000089400000, 0x0000000089500000|  0%| F|  |TAMS 0x0000000089400000, 0x0000000089400000| Untracked 
| 149|0x0000000089500000, 0x0000000089500000, 0x0000000089600000|  0%| F|  |TAMS 0x0000000089500000, 0x0000000089500000| Untracked 
| 150|0x0000000089600000, 0x0000000089600000, 0x0000000089700000|  0%| F|  |TAMS 0x0000000089600000, 0x0000000089600000| Untracked 
| 151|0x0000000089700000, 0x0000000089700000, 0x0000000089800000|  0%| F|  |TAMS 0x0000000089700000, 0x0000000089700000| Untracked 
| 152|0x0000000089800000, 0x0000000089800000, 0x0000000089900000|  0%| F|  |TAMS 0x0000000089800000, 0x0000000089800000| Untracked 
| 153|0x0000000089900000, 0x0000000089900000, 0x0000000089a00000|  0%| F|  |TAMS 0x0000000089900000, 0x0000000089900000| Untracked 
| 154|0x0000000089a00000, 0x0000000089a00000, 0x0000000089b00000|  0%| F|  |TAMS 0x0000000089a00000, 0x0000000089a00000| Untracked 
| 155|0x0000000089b00000, 0x0000000089b00000, 0x0000000089c00000|  0%| F|  |TAMS 0x0000000089b00000, 0x0000000089b00000| Untracked 
| 156|0x0000000089c00000, 0x0000000089c00000, 0x0000000089d00000|  0%| F|  |TAMS 0x0000000089c00000, 0x0000000089c00000| Untracked 
| 157|0x0000000089d00000, 0x0000000089d00000, 0x0000000089e00000|  0%| F|  |TAMS 0x0000000089d00000, 0x0000000089d00000| Untracked 
| 158|0x0000000089e00000, 0x0000000089e00000, 0x0000000089f00000|  0%| F|  |TAMS 0x0000000089e00000, 0x0000000089e00000| Untracked 
| 159|0x0000000089f00000, 0x0000000089f00000, 0x000000008a000000|  0%| F|  |TAMS 0x0000000089f00000, 0x0000000089f00000| Untracked 
| 160|0x000000008a000000, 0x000000008a000000, 0x000000008a100000|  0%| F|  |TAMS 0x000000008a000000, 0x000000008a000000| Untracked 
| 161|0x000000008a100000, 0x000000008a100000, 0x000000008a200000|  0%| F|  |TAMS 0x000000008a100000, 0x000000008a100000| Untracked 
| 162|0x000000008a200000, 0x000000008a200000, 0x000000008a300000|  0%| F|  |TAMS 0x000000008a200000, 0x000000008a200000| Untracked 
| 163|0x000000008a300000, 0x000000008a300000, 0x000000008a400000|  0%| F|  |TAMS 0x000000008a300000, 0x000000008a300000| Untracked 
| 164|0x000000008a400000, 0x000000008a400000, 0x000000008a500000|  0%| F|  |TAMS 0x000000008a400000, 0x000000008a400000| Untracked 
| 165|0x000000008a500000, 0x000000008a500000, 0x000000008a600000|  0%| F|  |TAMS 0x000000008a500000, 0x000000008a500000| Untracked 
| 166|0x000000008a600000, 0x000000008a600000, 0x000000008a700000|  0%| F|  |TAMS 0x000000008a600000, 0x000000008a600000| Untracked 
| 167|0x000000008a700000, 0x000000008a700000, 0x000000008a800000|  0%| F|  |TAMS 0x000000008a700000, 0x000000008a700000| Untracked 
| 168|0x000000008a800000, 0x000000008a800000, 0x000000008a900000|  0%| F|  |TAMS 0x000000008a800000, 0x000000008a800000| Untracked 
| 169|0x000000008a900000, 0x000000008a900000, 0x000000008aa00000|  0%| F|  |TAMS 0x000000008a900000, 0x000000008a900000| Untracked 
| 170|0x000000008aa00000, 0x000000008aa00000, 0x000000008ab00000|  0%| F|  |TAMS 0x000000008aa00000, 0x000000008aa00000| Untracked 
| 171|0x000000008ab00000, 0x000000008ab00000, 0x000000008ac00000|  0%| F|  |TAMS 0x000000008ab00000, 0x000000008ab00000| Untracked 
| 172|0x000000008ac00000, 0x000000008ac00000, 0x000000008ad00000|  0%| F|  |TAMS 0x000000008ac00000, 0x000000008ac00000| Untracked 
| 173|0x000000008ad00000, 0x000000008ad00000, 0x000000008ae00000|  0%| F|  |TAMS 0x000000008ad00000, 0x000000008ad00000| Untracked 
| 174|0x000000008ae00000, 0x000000008ae00000, 0x000000008af00000|  0%| F|  |TAMS 0x000000008ae00000, 0x000000008ae00000| Untracked 
| 175|0x000000008af00000, 0x000000008af00000, 0x000000008b000000|  0%| F|  |TAMS 0x000000008af00000, 0x000000008af00000| Untracked 
| 176|0x000000008b000000, 0x000000008b000000, 0x000000008b100000|  0%| F|  |TAMS 0x000000008b000000, 0x000000008b000000| Untracked 
| 177|0x000000008b100000, 0x000000008b100000, 0x000000008b200000|  0%| F|  |TAMS 0x000000008b100000, 0x000000008b100000| Untracked 
| 178|0x000000008b200000, 0x000000008b200000, 0x000000008b300000|  0%| F|  |TAMS 0x000000008b200000, 0x000000008b200000| Untracked 
| 179|0x000000008b300000, 0x000000008b300000, 0x000000008b400000|  0%| F|  |TAMS 0x000000008b300000, 0x000000008b300000| Untracked 
| 180|0x000000008b400000, 0x000000008b400000, 0x000000008b500000|  0%| F|  |TAMS 0x000000008b400000, 0x000000008b400000| Untracked 
| 181|0x000000008b500000, 0x000000008b500000, 0x000000008b600000|  0%| F|  |TAMS 0x000000008b500000, 0x000000008b500000| Untracked 
| 182|0x000000008b600000, 0x000000008b600000, 0x000000008b700000|  0%| F|  |TAMS 0x000000008b600000, 0x000000008b600000| Untracked 
| 183|0x000000008b700000, 0x000000008b700000, 0x000000008b800000|  0%| F|  |TAMS 0x000000008b700000, 0x000000008b700000| Untracked 
| 184|0x000000008b800000, 0x000000008b875d58, 0x000000008b900000| 46%| S|CS|TAMS 0x000000008b800000, 0x000000008b800000| Complete 
| 185|0x000000008b900000, 0x000000008ba00000, 0x000000008ba00000|100%| S|CS|TAMS 0x000000008b900000, 0x000000008b900000| Complete 
| 186|0x000000008ba00000, 0x000000008bb00000, 0x000000008bb00000|100%| S|CS|TAMS 0x000000008ba00000, 0x000000008ba00000| Complete 
| 187|0x000000008bb00000, 0x000000008bc00000, 0x000000008bc00000|100%| S|CS|TAMS 0x000000008bb00000, 0x000000008bb00000| Complete 
| 188|0x000000008bc00000, 0x000000008bd00000, 0x000000008bd00000|100%| S|CS|TAMS 0x000000008bc00000, 0x000000008bc00000| Complete 
| 189|0x000000008bd00000, 0x000000008be00000, 0x000000008be00000|100%| S|CS|TAMS 0x000000008bd00000, 0x000000008bd00000| Complete 
| 190|0x000000008be00000, 0x000000008bf00000, 0x000000008bf00000|100%| S|CS|TAMS 0x000000008be00000, 0x000000008be00000| Complete 
| 191|0x000000008bf00000, 0x000000008c000000, 0x000000008c000000|100%| S|CS|TAMS 0x000000008bf00000, 0x000000008bf00000| Complete 
| 192|0x000000008c000000, 0x000000008c100000, 0x000000008c100000|100%| S|CS|TAMS 0x000000008c000000, 0x000000008c000000| Complete 
| 193|0x000000008c100000, 0x000000008c200000, 0x000000008c200000|100%| S|CS|TAMS 0x000000008c100000, 0x000000008c100000| Complete 
| 194|0x000000008c200000, 0x000000008c300000, 0x000000008c300000|100%| S|CS|TAMS 0x000000008c200000, 0x000000008c200000| Complete 
| 195|0x000000008c300000, 0x000000008c300000, 0x000000008c400000|  0%| F|  |TAMS 0x000000008c300000, 0x000000008c300000| Untracked 
| 196|0x000000008c400000, 0x000000008c400000, 0x000000008c500000|  0%| F|  |TAMS 0x000000008c400000, 0x000000008c400000| Untracked 
| 197|0x000000008c500000, 0x000000008c500000, 0x000000008c600000|  0%| F|  |TAMS 0x000000008c500000, 0x000000008c500000| Untracked 
| 198|0x000000008c600000, 0x000000008c600000, 0x000000008c700000|  0%| F|  |TAMS 0x000000008c600000, 0x000000008c600000| Untracked 
| 199|0x000000008c700000, 0x000000008c700000, 0x000000008c800000|  0%| F|  |TAMS 0x000000008c700000, 0x000000008c700000| Untracked 
| 200|0x000000008c800000, 0x000000008c800000, 0x000000008c900000|  0%| F|  |TAMS 0x000000008c800000, 0x000000008c800000| Untracked 
| 201|0x000000008c900000, 0x000000008c900000, 0x000000008ca00000|  0%| F|  |TAMS 0x000000008c900000, 0x000000008c900000| Untracked 
| 202|0x000000008ca00000, 0x000000008ca00000, 0x000000008cb00000|  0%| F|  |TAMS 0x000000008ca00000, 0x000000008ca00000| Untracked 
| 203|0x000000008cb00000, 0x000000008cb00000, 0x000000008cc00000|  0%| F|  |TAMS 0x000000008cb00000, 0x000000008cb00000| Untracked 
| 204|0x000000008cc00000, 0x000000008cc00000, 0x000000008cd00000|  0%| F|  |TAMS 0x000000008cc00000, 0x000000008cc00000| Untracked 
| 205|0x000000008cd00000, 0x000000008cd00000, 0x000000008ce00000|  0%| F|  |TAMS 0x000000008cd00000, 0x000000008cd00000| Untracked 
| 206|0x000000008ce00000, 0x000000008ce00000, 0x000000008cf00000|  0%| F|  |TAMS 0x000000008ce00000, 0x000000008ce00000| Untracked 
| 207|0x000000008cf00000, 0x000000008cf00000, 0x000000008d000000|  0%| F|  |TAMS 0x000000008cf00000, 0x000000008cf00000| Untracked 
| 208|0x000000008d000000, 0x000000008d000000, 0x000000008d100000|  0%| F|  |TAMS 0x000000008d000000, 0x000000008d000000| Untracked 
| 209|0x000000008d100000, 0x000000008d100000, 0x000000008d200000|  0%| F|  |TAMS 0x000000008d100000, 0x000000008d100000| Untracked 
| 210|0x000000008d200000, 0x000000008d200000, 0x000000008d300000|  0%| F|  |TAMS 0x000000008d200000, 0x000000008d200000| Untracked 
| 211|0x000000008d300000, 0x000000008d300000, 0x000000008d400000|  0%| F|  |TAMS 0x000000008d300000, 0x000000008d300000| Untracked 
| 212|0x000000008d400000, 0x000000008d400000, 0x000000008d500000|  0%| F|  |TAMS 0x000000008d400000, 0x000000008d400000| Untracked 
| 213|0x000000008d500000, 0x000000008d500000, 0x000000008d600000|  0%| F|  |TAMS 0x000000008d500000, 0x000000008d500000| Untracked 
| 214|0x000000008d600000, 0x000000008d600000, 0x000000008d700000|  0%| F|  |TAMS 0x000000008d600000, 0x000000008d600000| Untracked 
| 215|0x000000008d700000, 0x000000008d700000, 0x000000008d800000|  0%| F|  |TAMS 0x000000008d700000, 0x000000008d700000| Untracked 
| 216|0x000000008d800000, 0x000000008d800000, 0x000000008d900000|  0%| F|  |TAMS 0x000000008d800000, 0x000000008d800000| Untracked 
| 217|0x000000008d900000, 0x000000008d900000, 0x000000008da00000|  0%| F|  |TAMS 0x000000008d900000, 0x000000008d900000| Untracked 
| 218|0x000000008da00000, 0x000000008da00000, 0x000000008db00000|  0%| F|  |TAMS 0x000000008da00000, 0x000000008da00000| Untracked 
| 219|0x000000008db00000, 0x000000008db00000, 0x000000008dc00000|  0%| F|  |TAMS 0x000000008db00000, 0x000000008db00000| Untracked 
| 220|0x000000008dc00000, 0x000000008dc00000, 0x000000008dd00000|  0%| F|  |TAMS 0x000000008dc00000, 0x000000008dc00000| Untracked 
| 221|0x000000008dd00000, 0x000000008dd00000, 0x000000008de00000|  0%| F|  |TAMS 0x000000008dd00000, 0x000000008dd00000| Untracked 
| 222|0x000000008de00000, 0x000000008de00000, 0x000000008df00000|  0%| F|  |TAMS 0x000000008de00000, 0x000000008de00000| Untracked 
| 223|0x000000008df00000, 0x000000008df00000, 0x000000008e000000|  0%| F|  |TAMS 0x000000008df00000, 0x000000008df00000| Untracked 
| 224|0x000000008e000000, 0x000000008e000000, 0x000000008e100000|  0%| F|  |TAMS 0x000000008e000000, 0x000000008e000000| Untracked 
| 225|0x000000008e100000, 0x000000008e100000, 0x000000008e200000|  0%| F|  |TAMS 0x000000008e100000, 0x000000008e100000| Untracked 
| 226|0x000000008e200000, 0x000000008e200000, 0x000000008e300000|  0%| F|  |TAMS 0x000000008e200000, 0x000000008e200000| Untracked 
| 227|0x000000008e300000, 0x000000008e300000, 0x000000008e400000|  0%| F|  |TAMS 0x000000008e300000, 0x000000008e300000| Untracked 
| 228|0x000000008e400000, 0x000000008e400000, 0x000000008e500000|  0%| F|  |TAMS 0x000000008e400000, 0x000000008e400000| Untracked 
| 229|0x000000008e500000, 0x000000008e500000, 0x000000008e600000|  0%| F|  |TAMS 0x000000008e500000, 0x000000008e500000| Untracked 
| 230|0x000000008e600000, 0x000000008e600000, 0x000000008e700000|  0%| F|  |TAMS 0x000000008e600000, 0x000000008e600000| Untracked 
| 231|0x000000008e700000, 0x000000008e700000, 0x000000008e800000|  0%| F|  |TAMS 0x000000008e700000, 0x000000008e700000| Untracked 
| 232|0x000000008e800000, 0x000000008e800000, 0x000000008e900000|  0%| F|  |TAMS 0x000000008e800000, 0x000000008e800000| Untracked 
| 233|0x000000008e900000, 0x000000008e900000, 0x000000008ea00000|  0%| F|  |TAMS 0x000000008e900000, 0x000000008e900000| Untracked 
| 234|0x000000008ea00000, 0x000000008ea00000, 0x000000008eb00000|  0%| F|  |TAMS 0x000000008ea00000, 0x000000008ea00000| Untracked 
| 235|0x000000008eb00000, 0x000000008eb00000, 0x000000008ec00000|  0%| F|  |TAMS 0x000000008eb00000, 0x000000008eb00000| Untracked 
| 236|0x000000008ec00000, 0x000000008ec00000, 0x000000008ed00000|  0%| F|  |TAMS 0x000000008ec00000, 0x000000008ec00000| Untracked 
| 237|0x000000008ed00000, 0x000000008ed00000, 0x000000008ee00000|  0%| F|  |TAMS 0x000000008ed00000, 0x000000008ed00000| Untracked 
| 238|0x000000008ee00000, 0x000000008ee00000, 0x000000008ef00000|  0%| F|  |TAMS 0x000000008ee00000, 0x000000008ee00000| Untracked 
| 239|0x000000008ef00000, 0x000000008ef00000, 0x000000008f000000|  0%| F|  |TAMS 0x000000008ef00000, 0x000000008ef00000| Untracked 
| 240|0x000000008f000000, 0x000000008f000000, 0x000000008f100000|  0%| F|  |TAMS 0x000000008f000000, 0x000000008f000000| Untracked 
| 241|0x000000008f100000, 0x000000008f100000, 0x000000008f200000|  0%| F|  |TAMS 0x000000008f100000, 0x000000008f100000| Untracked 
| 242|0x000000008f200000, 0x000000008f200000, 0x000000008f300000|  0%| F|  |TAMS 0x000000008f200000, 0x000000008f200000| Untracked 
| 243|0x000000008f300000, 0x000000008f300000, 0x000000008f400000|  0%| F|  |TAMS 0x000000008f300000, 0x000000008f300000| Untracked 
| 244|0x000000008f400000, 0x000000008f400000, 0x000000008f500000|  0%| F|  |TAMS 0x000000008f400000, 0x000000008f400000| Untracked 
| 245|0x000000008f500000, 0x000000008f500000, 0x000000008f600000|  0%| F|  |TAMS 0x000000008f500000, 0x000000008f500000| Untracked 
| 246|0x000000008f600000, 0x000000008f600000, 0x000000008f700000|  0%| F|  |TAMS 0x000000008f600000, 0x000000008f600000| Untracked 
| 247|0x000000008f700000, 0x000000008f700000, 0x000000008f800000|  0%| F|  |TAMS 0x000000008f700000, 0x000000008f700000| Untracked 
| 248|0x000000008f800000, 0x000000008f800000, 0x000000008f900000|  0%| F|  |TAMS 0x000000008f800000, 0x000000008f800000| Untracked 
| 249|0x000000008f900000, 0x000000008f900000, 0x000000008fa00000|  0%| F|  |TAMS 0x000000008f900000, 0x000000008f900000| Untracked 
| 250|0x000000008fa00000, 0x000000008fa80800, 0x000000008fb00000| 50%| E|  |TAMS 0x000000008fa00000, 0x000000008fa00000| Complete 
| 251|0x000000008fb00000, 0x000000008fc00000, 0x000000008fc00000|100%| E|CS|TAMS 0x000000008fb00000, 0x000000008fb00000| Complete 
| 252|0x000000008fc00000, 0x000000008fd00000, 0x000000008fd00000|100%| E|CS|TAMS 0x000000008fc00000, 0x000000008fc00000| Complete 
| 253|0x000000008fd00000, 0x000000008fe00000, 0x000000008fe00000|100%| E|CS|TAMS 0x000000008fd00000, 0x000000008fd00000| Complete 
| 254|0x000000008fe00000, 0x000000008ff00000, 0x000000008ff00000|100%| E|CS|TAMS 0x000000008fe00000, 0x000000008fe00000| Complete 
| 255|0x000000008ff00000, 0x0000000090000000, 0x0000000090000000|100%| E|CS|TAMS 0x000000008ff00000, 0x000000008ff00000| Complete 

Card table byte_map: [0x000002e027330000,0x000002e027730000] _byte_map_base: 0x000002e026f30000

Marking Bits (Prev, Next): (CMBitMap*) 0x000002e013efc860, (CMBitMap*) 0x000002e013efc828
 Prev Bits: [0x000002e029b30000, 0x000002e02bb30000)
 Next Bits: [0x000002e027b30000, 0x000002e029b30000)

Polling page: 0x000002e011e50000

Metaspace:

Usage:
  Non-class:     34.77 MB capacity,    34.21 MB ( 98%) used,   482.44 KB (  1%) free+waste,    93.38 KB ( <1%) overhead. 
      Class:      5.34 MB capacity,     5.02 MB ( 94%) used,   285.56 KB (  5%) free+waste,    44.81 KB ( <1%) overhead. 
       Both:     40.11 MB capacity,    39.23 MB ( 98%) used,   768.00 KB (  2%) free+waste,   138.19 KB ( <1%) overhead. 

Virtual space:
  Non-class space:       42.00 MB reserved,      35.00 MB ( 83%) committed 
      Class space:        1.00 GB reserved,       5.38 MB ( <1%) committed 
             Both:        1.04 GB reserved,      40.38 MB (  4%) committed 

Chunk freelists:
   Non-Class:  41.00 KB
       Class:  3.00 KB
        Both:  44.00 KB

MaxMetaspaceSize: 17179869184.00 GB
CompressedClassSpaceSize: 1.00 GB
Initial GC threshold: 20.80 MB
Current GC threshold: 66.88 MB
CDS: off

CodeHeap 'non-profiled nmethods': size=120000Kb used=1918Kb max_used=1918Kb free=118081Kb
 bounds [0x000002e01f4a0000, 0x000002e01f710000, 0x000002e0269d0000]
CodeHeap 'profiled nmethods': size=120000Kb used=7524Kb max_used=7524Kb free=112475Kb
 bounds [0x000002e017f70000, 0x000002e0186d0000, 0x000002e01f4a0000]
CodeHeap 'non-nmethods': size=5760Kb used=2274Kb max_used=2330Kb free=3485Kb
 bounds [0x000002e0179d0000, 0x000002e017c40000, 0x000002e017f70000]
 total_blobs=4255 nmethods=3493 adapters=674
 compilation: enabled
              stopped_count=0, restarted_count=0
 full_count=0

Compilation events (20 events):
Event: 4.750 Thread 0x000002e02f072000 3465   !   4       java.lang.reflect.Executable::declaredAnnotations (85 bytes)
Event: 4.751 Thread 0x000002e02f076800 nmethod 3458 0x000002e01f66a290 code [0x000002e01f66aba0, 0x000002e01f670038]
Event: 4.751 Thread 0x000002e031619800 nmethod 3456 0x000002e01f671a90 code [0x000002e01f671c80, 0x000002e01f672b30]
Event: 4.751 Thread 0x000002e02f076800 3464       3       com.google.common.base.Preconditions::checkPositionIndex (25 bytes)
Event: 4.752 Thread 0x000002e031619800 3467       4       org.codehaus.groovy.reflection.CachedMethod::getModifiers (8 bytes)
Event: 4.752 Thread 0x000002e02f076800 nmethod 3464 0x000002e0186ab510 code [0x000002e0186ab6e0, 0x000002e0186ab938]
Event: 4.752 Thread 0x000002e02f076800 3459   !   3       java.lang.invoke.MethodHandles$Lookup::revealDirect (209 bytes)
Event: 4.752 Thread 0x000002e031619800 nmethod 3467 0x000002e01f673210 code [0x000002e01f6733a0, 0x000002e01f673418]
Event: 4.752 Thread 0x000002e031619800 3468       4       org.codehaus.groovy.runtime.metaclass.MetaMethodIndex::addMethodToList (131 bytes)
Event: 4.753 Thread 0x000002e02f076800 nmethod 3459 0x000002e0186aba90 code [0x000002e0186abe40, 0x000002e0186ad518]
Event: 4.753 Thread 0x000002e02f076800 3460       3       java.lang.invoke.InfoFromMemberName::<init> (72 bytes)
Event: 4.753 Thread 0x000002e02f076800 nmethod 3460 0x000002e0186add10 code [0x000002e0186adec0, 0x000002e0186ae098]
Event: 4.753 Thread 0x000002e02f076800 3462       3       java.lang.invoke.AbstractValidatingLambdaMetafactory::isAdaptableToAsReturn (36 bytes)
Event: 4.753 Thread 0x000002e02f076800 nmethod 3462 0x000002e0186ae190 code [0x000002e0186ae380, 0x000002e0186ae808]
Event: 4.753 Thread 0x000002e02f076800 3463       3       java.lang.invoke.MethodHandles$Lookup::resolveOrFail (39 bytes)
Event: 4.754 Thread 0x000002e02f076800 nmethod 3463 0x000002e0186ae990 code [0x000002e0186aec60, 0x000002e0186af908]
Event: 4.754 Thread 0x000002e02f076800 3466       1       com.google.common.collect.LinkedHashMultimap$ValueSet::access$000 (5 bytes)
Event: 4.754 Thread 0x000002e02f076800 nmethod 3466 0x000002e01f673510 code [0x000002e01f6736c0, 0x000002e01f673758]
Event: 4.755 Thread 0x000002e02f076800 3472       1       com.google.common.collect.MapMakerInternalMap$AbstractStrongKeyEntry::getHash (5 bytes)
Event: 4.755 Thread 0x000002e02f076800 nmethod 3472 0x000002e01f673810 code [0x000002e01f6739c0, 0x000002e01f673a78]

GC Heap History (8 events):
Event: 0.609 GC heap before
{Heap before GC invocations=0 (full 0):
 garbage-first heap   total 262144K, used 30720K [0x0000000080000000, 0x0000000100000000)
  region size 1024K, 24 young (24576K), 0 survivors (0K)
 Metaspace       used 10228K, capacity 10427K, committed 10624K, reserved 1058816K
  class space    used 1072K, capacity 1141K, committed 1152K, reserved 1048576K
}
Event: 0.613 GC heap after
{Heap after GC invocations=1 (full 0):
 garbage-first heap   total 262144K, used 9204K [0x0000000080000000, 0x0000000100000000)
  region size 1024K, 3 young (3072K), 3 survivors (3072K)
 Metaspace       used 10228K, capacity 10427K, committed 10624K, reserved 1058816K
  class space    used 1072K, capacity 1141K, committed 1152K, reserved 1048576K
}
Event: 2.284 GC heap before
{Heap before GC invocations=1 (full 0):
 garbage-first heap   total 262144K, used 111604K [0x0000000080000000, 0x0000000100000000)
  region size 1024K, 104 young (106496K), 3 survivors (3072K)
 Metaspace       used 20744K, capacity 21140K, committed 21248K, reserved 1067008K
  class space    used 2555K, capacity 2713K, committed 2816K, reserved 1048576K
}
Event: 2.291 GC heap after
{Heap after GC invocations=2 (full 0):
 garbage-first heap   total 262144K, used 16632K [0x0000000080000000, 0x0000000100000000)
  region size 1024K, 11 young (11264K), 11 survivors (11264K)
 Metaspace       used 20744K, capacity 21140K, committed 21248K, reserved 1067008K
  class space    used 2555K, capacity 2713K, committed 2816K, reserved 1048576K
}
Event: 2.521 GC heap before
{Heap before GC invocations=3 (full 0):
 garbage-first heap   total 262144K, used 42232K [0x0000000080000000, 0x0000000100000000)
  region size 1024K, 37 young (37888K), 11 survivors (11264K)
 Metaspace       used 23179K, capacity 23662K, committed 23936K, reserved 1071104K
  class space    used 2949K, capacity 3133K, committed 3200K, reserved 1048576K
}
Event: 2.526 GC heap after
{Heap after GC invocations=4 (full 0):
 garbage-first heap   total 262144K, used 17878K [0x0000000080000000, 0x0000000100000000)
  region size 1024K, 2 young (2048K), 2 survivors (2048K)
 Metaspace       used 23179K, capacity 23662K, committed 23936K, reserved 1071104K
  class space    used 2949K, capacity 3133K, committed 3200K, reserved 1048576K
}
Event: 3.975 GC heap before
{Heap before GC invocations=4 (full 0):
 garbage-first heap   total 262144K, used 103894K [0x0000000080000000, 0x0000000100000000)
  region size 1024K, 87 young (89088K), 2 survivors (2048K)
 Metaspace       used 34917K, capacity 35782K, committed 35840K, reserved 1081344K
  class space    used 4534K, capacity 4839K, committed 4864K, reserved 1048576K
}
Event: 3.987 GC heap after
{Heap after GC invocations=5 (full 0):
 garbage-first heap   total 262144K, used 21780K [0x0000000080000000, 0x0000000100000000)
  region size 1024K, 6 young (6144K), 6 survivors (6144K)
 Metaspace       used 34917K, capacity 35782K, committed 35840K, reserved 1081344K
  class space    used 4534K, capacity 4839K, committed 4864K, reserved 1048576K
}

Deoptimization events (20 events):
Event: 4.708 Thread 0x000002e030cae800 Uncommon trap: trap_request=0xffffff6e fr.pc=0x000002e01f5f2aac relative=0x00000000000030cc
Event: 4.709 Thread 0x000002e030cae800 Uncommon trap: reason=speculate_class_check action=maybe_recompile pc=0x000002e01f5f2aac method=java.lang.reflect.Executable.declaredAnnotations()Ljava/util/Map; @ 23 c2
Event: 4.709 Thread 0x000002e030cae800 DEOPT PACKING pc=0x000002e01f5f2aac sp=0x000000eb481f4c40
Event: 4.709 Thread 0x000002e030cae800 DEOPT UNPACKING pc=0x000002e017a1a1af sp=0x000000eb481f4c10 mode 2
Event: 4.709 Thread 0x000002e030cae800 Uncommon trap: trap_request=0xffffff6e fr.pc=0x000002e01f5f2aac relative=0x00000000000030cc
Event: 4.709 Thread 0x000002e030cae800 Uncommon trap: reason=speculate_class_check action=maybe_recompile pc=0x000002e01f5f2aac method=java.lang.reflect.Executable.declaredAnnotations()Ljava/util/Map; @ 23 c2
Event: 4.709 Thread 0x000002e030cae800 DEOPT PACKING pc=0x000002e01f5f2aac sp=0x000000eb481f4c40
Event: 4.709 Thread 0x000002e030cae800 DEOPT UNPACKING pc=0x000002e017a1a1af sp=0x000000eb481f4c10 mode 2
Event: 4.742 Thread 0x000002e030cae800 Uncommon trap: trap_request=0xffffffc6 fr.pc=0x000002e01f6366f4 relative=0x0000000000000654
Event: 4.742 Thread 0x000002e030cae800 Uncommon trap: reason=bimorphic_or_optimized_type_check action=maybe_recompile pc=0x000002e01f6366f4 method=java.util.stream.ReferencePipeline.forEachWithCancel(Ljava/util/Spliterator;Ljava/util/stream/Sink;)Z @ 1 c2
Event: 4.742 Thread 0x000002e030cae800 DEOPT PACKING pc=0x000002e01f6366f4 sp=0x000000eb481f8bc0
Event: 4.742 Thread 0x000002e030cae800 DEOPT UNPACKING pc=0x000002e017a1a1af sp=0x000000eb481f8b60 mode 2
Event: 4.749 Thread 0x000002e030cae800 Uncommon trap: trap_request=0xffffff4d fr.pc=0x000002e01f651324 relative=0x0000000000005864
Event: 4.749 Thread 0x000002e030cae800 Uncommon trap: reason=unstable_if action=reinterpret pc=0x000002e01f651324 method=java.net.URLClassLoader.defineClass(Ljava/lang/String;Ljdk/internal/loader/Resource;)Ljava/lang/Class; @ 21 c2
Event: 4.749 Thread 0x000002e030cae800 DEOPT PACKING pc=0x000002e01f651324 sp=0x000000eb481f8960
Event: 4.749 Thread 0x000002e030cae800 DEOPT UNPACKING pc=0x000002e017a1a1af sp=0x000000eb481f88c0 mode 2
Event: 4.754 Thread 0x000002e030cae800 Uncommon trap: trap_request=0xffffff4d fr.pc=0x000002e01f65e714 relative=0x0000000000005854
Event: 4.754 Thread 0x000002e030cae800 Uncommon trap: reason=unstable_if action=reinterpret pc=0x000002e01f65e714 method=java.net.URLClassLoader.defineClass(Ljava/lang/String;Ljdk/internal/loader/Resource;)Ljava/lang/Class; @ 21 c2
Event: 4.754 Thread 0x000002e030cae800 DEOPT PACKING pc=0x000002e01f65e714 sp=0x000000eb481f8040
Event: 4.754 Thread 0x000002e030cae800 DEOPT UNPACKING pc=0x000002e017a1a1af sp=0x000000eb481f8000 mode 2

Classes redefined (0 events):
No events

Internal exceptions (20 events):
Event: 4.627 Thread 0x000002e030cae800 Exception <a 'java/lang/ClassNotFoundException'{0x000000008d2dfad0}: org/gradle/plugin/management/internal/DefaultPluginManagementSpecBeanInfo> (0x000000008d2dfad0) thrown at [./src/hotspot/share/classfile/systemDictionary.cpp, line 231]
Event: 4.628 Thread 0x000002e030cae800 Exception <a 'java/lang/ClassNotFoundException'{0x000000008d119588}: org/gradle/plugin/management/internal/DefaultPluginManagementSpecCustomizer> (0x000000008d119588) thrown at [./src/hotspot/share/classfile/systemDictionary.cpp, line 231]
Event: 4.630 Thread 0x000002e030cae800 Exception <a 'java/lang/ClassNotFoundException'{0x000000008d165d50}: org/gradle/plugin/management/internal/DefaultPluginManagementSpec_DecoratedCustomizer> (0x000000008d165d50) thrown at [./src/hotspot/share/classfile/systemDictionary.cpp, line 231]
Event: 4.651 Thread 0x000002e030cae800 Exception <a 'java/lang/ClassNotFoundException'{0x000000008cdfe968}: org/gradle/api/internal/artifacts/dsl/DefaultRepositoryHandler_DecoratedBeanInfo> (0x000000008cdfe968) thrown at [./src/hotspot/share/classfile/systemDictionary.cpp, line 231]
Event: 4.652 Thread 0x000002e030cae800 Exception <a 'java/lang/ClassNotFoundException'{0x000000008cc39588}: org/gradle/api/internal/artifacts/dsl/DefaultRepositoryHandlerBeanInfo> (0x000000008cc39588) thrown at [./src/hotspot/share/classfile/systemDictionary.cpp, line 231]
Event: 4.653 Thread 0x000002e030cae800 Exception <a 'java/lang/ClassNotFoundException'{0x000000008cc76890}: org/gradle/api/internal/artifacts/DefaultArtifactRepositoryContainerBeanInfo> (0x000000008cc76890) thrown at [./src/hotspot/share/classfile/systemDictionary.cpp, line 231]
Event: 4.653 Thread 0x000002e030cae800 Exception <a 'java/lang/ClassNotFoundException'{0x000000008cca1dc0}: org/gradle/api/internal/DefaultNamedDomainObjectListBeanInfo> (0x000000008cca1dc0) thrown at [./src/hotspot/share/classfile/systemDictionary.cpp, line 231]
Event: 4.654 Thread 0x000002e030cae800 Exception <a 'java/lang/ClassNotFoundException'{0x000000008ccce5f0}: org/gradle/api/internal/DefaultNamedDomainObjectCollectionBeanInfo> (0x000000008ccce5f0) thrown at [./src/hotspot/share/classfile/systemDictionary.cpp, line 231]
Event: 4.654 Thread 0x000002e030cae800 Exception <a 'java/lang/ClassNotFoundException'{0x000000008ccf9c88}: org/gradle/api/internal/DefaultDomainObjectCollectionBeanInfo> (0x000000008ccf9c88) thrown at [./src/hotspot/share/classfile/systemDictionary.cpp, line 231]
Event: 4.654 Thread 0x000002e030cae800 Exception <a 'java/lang/ClassNotFoundException'{0x000000008cb00800}: java/util/AbstractCollectionBeanInfo> (0x000000008cb00800) thrown at [./src/hotspot/share/classfile/systemDictionary.cpp, line 231]
Event: 4.655 Thread 0x000002e030cae800 Exception <a 'java/lang/ClassNotFoundException'{0x000000008cb06e50}: java/util/AbstractCollectionCustomizer> (0x000000008cb06e50) thrown at [./src/hotspot/share/classfile/systemDictionary.cpp, line 231]
Event: 4.656 Thread 0x000002e030cae800 Exception <a 'java/lang/ClassNotFoundException'{0x000000008cb3b7a8}: org/gradle/api/internal/DefaultDomainObjectCollectionCustomizer> (0x000000008cb3b7a8) thrown at [./src/hotspot/share/classfile/systemDictionary.cpp, line 231]
Event: 4.660 Thread 0x000002e030cae800 Exception <a 'java/lang/ClassNotFoundException'{0x000000008cb85898}: org/gradle/api/internal/DefaultNamedDomainObjectCollectionCustomizer> (0x000000008cb85898) thrown at [./src/hotspot/share/classfile/systemDictionary.cpp, line 231]
Event: 4.666 Thread 0x000002e030cae800 Exception <a 'java/lang/ClassNotFoundException'{0x000000008cbff918}: org/gradle/api/internal/DefaultNamedDomainObjectListCustomizer> (0x000000008cbff918) thrown at [./src/hotspot/share/classfile/systemDictionary.cpp, line 231]
Event: 4.668 Thread 0x000002e030cae800 Exception <a 'java/lang/ClassNotFoundException'{0x000000008ca56cd0}: org/gradle/api/internal/artifacts/DefaultArtifactRepositoryContainerCustomizer> (0x000000008ca56cd0) thrown at [./src/hotspot/share/classfile/systemDictionary.cpp, line 231]
Event: 4.670 Thread 0x000002e030cae800 Exception <a 'java/lang/ClassNotFoundException'{0x000000008caa2470}: org/gradle/api/internal/artifacts/dsl/DefaultRepositoryHandlerCustomizer> (0x000000008caa2470) thrown at [./src/hotspot/share/classfile/systemDictionary.cpp, line 231]
Event: 4.672 Thread 0x000002e030cae800 Exception <a 'java/lang/ClassNotFoundException'{0x000000008caffd48}: org/gradle/api/internal/artifacts/dsl/DefaultRepositoryHandler_DecoratedCustomizer> (0x000000008caffd48) thrown at [./src/hotspot/share/classfile/systemDictionary.cpp, line 231]
Event: 4.713 Thread 0x000002e030cae800 Exception <a 'java/lang/NoSuchMethodError'{0x000000008c50d190}: 'void java.lang.invoke.DirectMethodHandle$Holder.invokeInterface(java.lang.Object, java.lang.Object)'> (0x000000008c50d190) thrown at [./src/hotspot/share/interpreter/linkResolver.cpp, line 773]
Event: 4.753 Thread 0x000002e030cae800 Exception <a 'java/lang/ClassNotFoundException'{0x000000008c4dfe90}: settings_45duabumbrd66iaptc8s7ltlgBeanInfo> (0x000000008c4dfe90) thrown at [./src/hotspot/share/classfile/systemDictionary.cpp, line 231]
Event: 4.753 Thread 0x000002e030cae800 Exception <a 'java/lang/ClassNotFoundException'{0x000000008c4eb600}: settings_45duabumbrd66iaptc8s7ltlgCustomizer> (0x000000008c4eb600) thrown at [./src/hotspot/share/classfile/systemDictionary.cpp, line 231]

Events (20 events):
Event: 4.742 loading class org/gradle/internal/snapshot/MetadataSnapshot done
Event: 4.742 loading class org/gradle/internal/snapshot/AbstractIncompleteFileSystemNode$2
Event: 4.742 loading class org/gradle/internal/snapshot/AbstractIncompleteFileSystemNode$2 done
Event: 4.743 Thread 0x000002e03160a000 Thread added: 0x000002e03160a000
Event: 4.746 loading class org/gradle/groovy/scripts/internal/BuildScriptData
Event: 4.746 loading class org/gradle/groovy/scripts/internal/BuildScriptData done
Event: 4.747 loading class org/gradle/groovy/scripts/ScriptRunner
Event: 4.747 loading class org/gradle/groovy/scripts/ScriptRunner done
Event: 4.747 loading class org/gradle/groovy/scripts/ScriptRunner
Event: 4.747 loading class org/gradle/groovy/scripts/ScriptRunner done
Event: 4.751 loading class groovy/runtime/metaclass/settings_45duabumbrd66iaptc8s7ltlgMetaClass
Event: 4.751 loading class groovy/runtime/metaclass/settings_45duabumbrd66iaptc8s7ltlgMetaClass done
Event: 4.753 loading class settings_45duabumbrd66iaptc8s7ltlgBeanInfo
Event: 4.753 loading class settings_45duabumbrd66iaptc8s7ltlgBeanInfo done
Event: 4.753 loading class settings_45duabumbrd66iaptc8s7ltlgBeanInfo
Event: 4.753 loading class settings_45duabumbrd66iaptc8s7ltlgBeanInfo done
Event: 4.753 loading class settings_45duabumbrd66iaptc8s7ltlgCustomizer
Event: 4.753 loading class settings_45duabumbrd66iaptc8s7ltlgCustomizer done
Event: 4.753 loading class settings_45duabumbrd66iaptc8s7ltlgCustomizer
Event: 4.753 loading class settings_45duabumbrd66iaptc8s7ltlgCustomizer done


Dynamic libraries:
0x00007ff605c30000 - 0x00007ff605c3a000 	C:\Program Files\Android\Android Studio\jre\bin\java.exe
0x00007ffd952d0000 - 0x00007ffd954c8000 	C:\WINDOWS\SYSTEM32\ntdll.dll
0x00007ffd94c40000 - 0x00007ffd94cfd000 	C:\WINDOWS\System32\KERNEL32.DLL
0x00007ffd929e0000 - 0x00007ffd92cb2000 	C:\WINDOWS\System32\KERNELBASE.dll
0x00007ffd92d50000 - 0x00007ffd92e50000 	C:\WINDOWS\System32\ucrtbase.dll
0x00007ffd4e6e0000 - 0x00007ffd4e6f9000 	C:\Program Files\Android\Android Studio\jre\bin\jli.dll
0x00007ffd4e240000 - 0x00007ffd4e257000 	C:\Program Files\Android\Android Studio\jre\bin\VCRUNTIME140.dll
0x00007ffd93d70000 - 0x00007ffd93f0d000 	C:\WINDOWS\System32\USER32.dll
0x00007ffd92e50000 - 0x00007ffd92e72000 	C:\WINDOWS\System32\win32u.dll
0x00007ffd751a0000 - 0x00007ffd7543a000 	C:\WINDOWS\WinSxS\amd64_microsoft.windows.common-controls_6595b64144ccf1df_6.0.19041.1110_none_60b5254171f9507e\COMCTL32.dll
0x00007ffd94860000 - 0x00007ffd9488b000 	C:\WINDOWS\System32\GDI32.dll
0x00007ffd951e0000 - 0x00007ffd9527e000 	C:\WINDOWS\System32\msvcrt.dll
0x00007ffd92e80000 - 0x00007ffd92f8f000 	C:\WINDOWS\System32\gdi32full.dll
0x00007ffd92f90000 - 0x00007ffd9302d000 	C:\WINDOWS\System32\msvcp_win.dll
0x00007ffd94c10000 - 0x00007ffd94c40000 	C:\WINDOWS\System32\IMM32.DLL
0x00007ffd29860000 - 0x00007ffd298fd000 	C:\Program Files\Android\Android Studio\jre\bin\msvcp140.dll
0x00007ffd2fbe0000 - 0x00007ffd306c5000 	C:\Program Files\Android\Android Studio\jre\bin\server\jvm.dll
0x00007ffd93ae0000 - 0x00007ffd93b8e000 	C:\WINDOWS\System32\ADVAPI32.dll
0x00007ffd95060000 - 0x00007ffd950fc000 	C:\WINDOWS\System32\sechost.dll
0x00007ffd94730000 - 0x00007ffd94855000 	C:\WINDOWS\System32\RPCRT4.dll
0x00007ffd95280000 - 0x00007ffd95288000 	C:\WINDOWS\System32\PSAPI.DLL
0x00007ffd86ec0000 - 0x00007ffd86ee7000 	C:\WINDOWS\SYSTEM32\WINMM.dll
0x00007ffd8c5c0000 - 0x00007ffd8c5ca000 	C:\WINDOWS\SYSTEM32\VERSION.dll
0x00007ffd89de0000 - 0x00007ffd89de9000 	C:\WINDOWS\SYSTEM32\WSOCK32.dll
0x00007ffd946c0000 - 0x00007ffd9472b000 	C:\WINDOWS\System32\WS2_32.dll
0x00007ffd91230000 - 0x00007ffd91242000 	C:\WINDOWS\SYSTEM32\kernel.appcore.dll
0x00007ffd86400000 - 0x00007ffd86411000 	C:\Program Files\Android\Android Studio\jre\bin\verify.dll
0x00007ffd907a0000 - 0x00007ffd90984000 	C:\WINDOWS\SYSTEM32\DBGHELP.DLL
0x00007ffd88420000 - 0x00007ffd8844c000 	C:\WINDOWS\SYSTEM32\dbgcore.DLL
0x00007ffd92cc0000 - 0x00007ffd92d42000 	C:\WINDOWS\System32\bcryptPrimitives.dll
0x00007ffd609d0000 - 0x00007ffd609f9000 	C:\Program Files\Android\Android Studio\jre\bin\java.dll
0x00007ffd85660000 - 0x00007ffd8566b000 	C:\Program Files\Android\Android Studio\jre\bin\jimage.dll
0x00007ffd79660000 - 0x00007ffd79678000 	C:\Program Files\Android\Android Studio\jre\bin\zip.dll
0x00007ffd93330000 - 0x00007ffd93a73000 	C:\WINDOWS\System32\SHELL32.dll
0x00007ffd90a80000 - 0x00007ffd91211000 	C:\WINDOWS\SYSTEM32\windows.storage.dll
0x00007ffd94d00000 - 0x00007ffd95054000 	C:\WINDOWS\System32\combase.dll
0x00007ffd923d0000 - 0x00007ffd92400000 	C:\WINDOWS\SYSTEM32\Wldp.dll
0x00007ffd93cc0000 - 0x00007ffd93d6d000 	C:\WINDOWS\System32\SHCORE.dll
0x00007ffd94b50000 - 0x00007ffd94ba5000 	C:\WINDOWS\System32\shlwapi.dll
0x00007ffd92920000 - 0x00007ffd9293f000 	C:\WINDOWS\SYSTEM32\profapi.dll
0x00007ffd6ea60000 - 0x00007ffd6ea7a000 	C:\Program Files\Android\Android Studio\jre\bin\net.dll
0x00007ffd850c0000 - 0x00007ffd851cd000 	C:\WINDOWS\SYSTEM32\WINHTTP.dll
0x00007ffd920c0000 - 0x00007ffd9212a000 	C:\WINDOWS\system32\mswsock.dll
0x00007ffd60880000 - 0x00007ffd60894000 	C:\Program Files\Android\Android Studio\jre\bin\nio.dll
0x00007ffd44ad0000 - 0x00007ffd44af7000 	C:\Users\tjain\.gradle\native\e1d6ef7f7dcc3fd88c89a11ec53ec762bb8ba0a96d01ffa2cd45eb1d1d8dd5c5\windows-amd64\native-platform.dll
0x00007ffd27b40000 - 0x00007ffd27c84000 	C:\Users\tjain\.gradle\native\5664cfc778a61ccfe75a443a1ab52a65af34e5dc3c78e0209fed803814484fcb\windows-amd64\native-platform-file-events.dll
0x00007ffd836b0000 - 0x00007ffd836ba000 	C:\Program Files\Android\Android Studio\jre\bin\management.dll
0x00007ffd7d2d0000 - 0x00007ffd7d2dd000 	C:\Program Files\Android\Android Studio\jre\bin\management_ext.dll
0x00007ffd922c0000 - 0x00007ffd922d8000 	C:\WINDOWS\SYSTEM32\CRYPTSP.dll
0x00007ffd919e0000 - 0x00007ffd91a14000 	C:\WINDOWS\system32\rsaenh.dll
0x00007ffd93030000 - 0x00007ffd93057000 	C:\WINDOWS\System32\bcrypt.dll
0x00007ffd928e0000 - 0x00007ffd9290e000 	C:\WINDOWS\SYSTEM32\USERENV.dll
0x00007ffd922b0000 - 0x00007ffd922bc000 	C:\WINDOWS\SYSTEM32\CRYPTBASE.dll
0x00007ffd91db0000 - 0x00007ffd91deb000 	C:\WINDOWS\SYSTEM32\IPHLPAPI.DLL
0x00007ffd944b0000 - 0x00007ffd944b8000 	C:\WINDOWS\System32\NSI.dll
0x00007ffd88780000 - 0x00007ffd88797000 	C:\WINDOWS\SYSTEM32\dhcpcsvc6.DLL
0x00007ffd88910000 - 0x00007ffd8892d000 	C:\WINDOWS\SYSTEM32\dhcpcsvc.DLL
0x00007ffd91df0000 - 0x00007ffd91eba000 	C:\WINDOWS\SYSTEM32\DNSAPI.dll

dbghelp: loaded successfully - version: 4.0.5 - missing functions: none
symbol engine: initialized successfully - sym options: 0x614 - pdb path: .;C:\Program Files\Android\Android Studio\jre\bin;C:\WINDOWS\SYSTEM32;C:\WINDOWS\WinSxS\amd64_microsoft.windows.common-controls_6595b64144ccf1df_6.0.19041.1110_none_60b5254171f9507e;C:\Program Files\Android\Android Studio\jre\bin\server;C:\Users\tjain\.gradle\native\e1d6ef7f7dcc3fd88c89a11ec53ec762bb8ba0a96d01ffa2cd45eb1d1d8dd5c5\windows-amd64;C:\Users\tjain\.gradle\native\5664cfc778a61ccfe75a443a1ab52a65af34e5dc3c78e0209fed803814484fcb\windows-amd64

VM Arguments:
jvm_args: --add-opens=java.base/java.util=ALL-UNNAMED --add-opens=java.base/java.lang=ALL-UNNAMED --add-opens=java.base/java.lang.invoke=ALL-UNNAMED --add-opens=java.base/java.util=ALL-UNNAMED --add-opens=java.prefs/java.util.prefs=ALL-UNNAMED --add-opens=java.prefs/java.util.prefs=ALL-UNNAMED --add-opens=java.base/java.nio.charset=ALL-UNNAMED --add-opens=java.base/java.net=ALL-UNNAMED --add-opens=java.base/java.util.concurrent.atomic=ALL-UNNAMED -Xmx2048m -Dfile.encoding=UTF-8 -Duser.country=IN -Duser.language=en -Duser.variant 
java_command: org.gradle.launcher.daemon.bootstrap.GradleDaemon 7.3.3
java_class_path (initial): C:\Users\tjain\.gradle\wrapper\dists\gradle-7.3.3-bin\6a41zxkdtcxs8rphpq6y0069z\gradle-7.3.3\lib\gradle-launcher-7.3.3.jar
Launcher Type: SUN_STANDARD

[Global flags]
     intx CICompilerCount                          = 4                                         {product} {ergonomic}
     uint ConcGCThreads                            = 3                                         {product} {ergonomic}
     uint G1ConcRefinementThreads                  = 10                                        {product} {ergonomic}
   size_t G1HeapRegionSize                         = 1048576                                   {product} {ergonomic}
    uintx GCDrainStackTargetSize                   = 64                                        {product} {ergonomic}
   size_t InitialHeapSize                          = 268435456                                 {product} {ergonomic}
   size_t MarkStackSize                            = 4194304                                   {product} {ergonomic}
   size_t MaxHeapSize                              = 2147483648                                {product} {command line}
   size_t MaxNewSize                               = 1287651328                                {product} {ergonomic}
   size_t MinHeapDeltaBytes                        = 1048576                                   {product} {ergonomic}
    uintx NonNMethodCodeHeapSize                   = 5836300                                {pd product} {ergonomic}
    uintx NonProfiledCodeHeapSize                  = 122910970                              {pd product} {ergonomic}
    uintx ProfiledCodeHeapSize                     = 122910970                              {pd product} {ergonomic}
    uintx ReservedCodeCacheSize                    = 251658240                              {pd product} {ergonomic}
     bool SegmentedCodeCache                       = true                                      {product} {ergonomic}
     bool UseCompressedClassPointers               = true                                 {lp64_product} {ergonomic}
     bool UseCompressedOops                        = true                                 {lp64_product} {ergonomic}
     bool UseG1GC                                  = true                                      {product} {ergonomic}
     bool UseLargePagesIndividualAllocation        = false                                  {pd product} {ergonomic}

Logging:
Log output configuration:
 #0: stdout all=warning uptime,level,tags
 #1: stderr all=off uptime,level,tags

Environment Variables:
PATH=C:\Program Files\Common Files\Oracle\Java\javapath;C:\oraclexe\app\oracle\product\10.2.0\server\bin;C:\Program Files\MongoDB\Server\4.4\bin;C:\Windows\system32;C:\Windows;C:\Windows\System32\Wbem;C:\Windows\System32\WindowsPowerShell\v1.0\;C:\Windows\System32\OpenSSH\;C:\Program Files (x86)\NVIDIA Corporation\PhysX\Common;C:\Program Files\NVIDIA Corporation\NVIDIA NvDLISR;C:\WINDOWS\system32;C:\WINDOWS;C:\WINDOWS\System32\Wbem;C:\WINDOWS\System32\WindowsPowerShell\v1.0\;C:\WINDOWS\System32\OpenSSH\;C:\Program Files\Git\cmd;C:\Program Files\nodejs\;C:\Program Files\dotnet\;D:\python\Scripts\;D:\python\;C:\Users\tjain\AppData\Local\Microsoft\WindowsApps;C:\Users\tjain\AppData\Local\Programs\Microsoft VS Code\bin;C:\Users\tjain\flutter\bin;C:\Users\tjain\AppData\Local\Microsoft\WindowsApps;C:\Users\tjain\AppData\Roaming\npm;C:\Program Files\heroku\bin
USERNAME=tjain
OS=Windows_NT
PROCESSOR_IDENTIFIER=Intel64 Family 6 Model 158 Stepping 10, GenuineIntel



---------------  S Y S T E M  ---------------

OS: Windows 10 , 64 bit Build 19041 (10.0.19041.1889)
OS uptime: 23 days 7:36 hours

CPU:total 12 (initial active 12) (6 cores per cpu, 2 threads per core) family 6 model 158 stepping 10 microcode 0xec, cmov, cx8, fxsr, mmx, sse, sse2, sse3, ssse3, sse4.1, sse4.2, popcnt, avx, avx2, aes, clmul, erms, 3dnowpref, lzcnt, ht, tsc, tscinvbit, bmi1, bmi2, adx, fma

Memory: 4k page, system-wide physical 16294M (2972M free)
TotalPageFile size 18342M (AvailPageFile size 219M)
current process WorkingSet (physical memory assigned to process): 308M, peak: 317M
current process commit charge ("private bytes"): 472M, peak: 482M

vm_info: OpenJDK 64-Bit Server VM (11.0.12+7-b1504.28-7817840) for windows-amd64 JRE (11.0.12+7-b1504.28-7817840), built on Oct 13 2021 22:12:33 by "builder" with MS VC++ 14.0 (VS2015)

END.
