#
# There is insufficient memory for the Java Runtime Environment to continue.
# Native memory allocation (malloc) failed to allocate 1008736 bytes for Chunk::new
# Possible reasons:
#   The system is out of physical RAM or swap space
#   The process is running with CompressedOops enabled, and the Java Heap may be blocking the growth of the native heap
# Possible solutions:
#   Reduce memory load on the system
#   Increase physical memory or swap space
#   Check if swap backing store is full
#   Decrease Java heap size (-Xmx/-Xms)
#   Decrease number of Java threads
#   Decrease Java thread stack sizes (-Xss)
#   Set larger code cache with -XX:ReservedCodeCacheSize=
#   JVM is running with Unscaled Compressed Oops mode in which the Java heap is
#     placed in the first 4GB address space. The Java Heap base address is the
#     maximum limit for the native heap growth. Please use -XX:HeapBaseMinAddress
#     to set the Java Heap base and to place the Java Heap above 4GB virtual address.
# This output file may be truncated or incomplete.
#
#  Out of Memory Error (./src/hotspot/share/memory/arena.cpp:197), pid=8232, tid=9916
#
# JRE version: OpenJDK Runtime Environment (11.0.12+7) (build 11.0.12+7-b1504.28-7817840)
# Java VM: OpenJDK 64-Bit Server VM (11.0.12+7-b1504.28-7817840, mixed mode, tiered, compressed oops, g1 gc, windows-amd64)
# No core dump will be written. Minidumps are not enabled by default on client versions of Windows
#

---------------  S U M M A R Y ------------

Command Line: --add-opens=java.base/java.util=ALL-UNNAMED --add-opens=java.base/java.lang=ALL-UNNAMED --add-opens=java.base/java.lang.invoke=ALL-UNNAMED --add-opens=java.base/java.util=ALL-UNNAMED --add-opens=java.prefs/java.util.prefs=ALL-UNNAMED --add-opens=java.prefs/java.util.prefs=ALL-UNNAMED --add-opens=java.base/java.nio.charset=ALL-UNNAMED --add-opens=java.base/java.net=ALL-UNNAMED --add-opens=java.base/java.util.concurrent.atomic=ALL-UNNAMED -Xmx2048m -Dfile.encoding=UTF-8 -Duser.country=IN -Duser.language=en -Duser.variant org.gradle.launcher.daemon.bootstrap.GradleDaemon 7.3.3

Host: Intel(R) Core(TM) i7-9750H CPU @ 2.60GHz, 12 cores, 15G,  Windows 10 , 64 bit Build 19041 (10.0.19041.1889)
Time: Sun Oct 30 18:50:52 2022 India Standard Time elapsed time: 26.659419 seconds (0d 0h 0m 26s)

---------------  T H R E A D  ---------------

Current thread (0x000001cbaff32800):  JavaThread "C2 CompilerThread0" daemon [_thread_in_native, id=9916, stack(0x00000004a2500000,0x00000004a2600000)]


Current CompileTask:
C2:  26659 12841       4       org.gradle.internal.service.DefaultServiceRegistry$ClassInspector::getDetailsForClass (50 bytes)

Stack: [0x00000004a2500000,0x00000004a2600000]
Native frames: (J=compiled Java code, j=interpreted, Vv=VM code, C=native code)
V  [jvm.dll+0x5fbcea]
V  [jvm.dll+0x731905]
V  [jvm.dll+0x732f1d]
V  [jvm.dll+0x7335d3]
V  [jvm.dll+0x247bf8]
V  [jvm.dll+0xc018c]
V  [jvm.dll+0xc06cc]
V  [jvm.dll+0x2bcc04]
V  [jvm.dll+0x5113a8]
V  [jvm.dll+0x208303]
V  [jvm.dll+0x201fe0]
V  [jvm.dll+0x1ff71f]
V  [jvm.dll+0x18868c]
V  [jvm.dll+0x20e0d7]
V  [jvm.dll+0x20c901]
V  [jvm.dll+0x6f9b7f]
V  [jvm.dll+0x6f26a5]
V  [jvm.dll+0x5fabf6]
C  [ucrtbase.dll+0x21bb2]
C  [KERNEL32.DLL+0x17034]
C  [ntdll.dll+0x526a1]


---------------  P R O C E S S  ---------------

Threads class SMR info:
_java_thread_list=0x000001cbba112580, length=68, elements={
0x000001cb945ac000, 0x000001cbafec8000, 0x000001cbafec9800, 0x000001cbaff2a800,
0x000001cbaff2b800, 0x000001cbaff2d800, 0x000001cbaff32800, 0x000001cbaff33800,
0x000001cbaff35000, 0x000001cbb009d800, 0x000001cbb17ee800, 0x000001cbb2ccb000,
0x000001cbb33ca000, 0x000001cbb1e2c000, 0x000001cbb2a32000, 0x000001cbb22c5000,
0x000001cbb22c2800, 0x000001cbb22bf000, 0x000001cbb22c1800, 0x000001cbb22c0800,
0x000001cbb2ba0800, 0x000001cbb2ba1800, 0x000001cbb2b9f000, 0x000001cbb2b9f800,
0x000001cbb2ba7000, 0x000001cbb57a0000, 0x000001cbb57a2800, 0x000001cbb57a1000,
0x000001cbb57a9000, 0x000001cbb57ab800, 0x000001cbb57a6800, 0x000001cbb57a8000,
0x000001cbb57a5800, 0x000001cbb57a9800, 0x000001cbb57ac000, 0x000001cbb5859000,
0x000001cbb5858000, 0x000001cbb5859800, 0x000001cbb5857000, 0x000001cbb5854000,
0x000001cbb5855000, 0x000001cbb585a800, 0x000001cbb5855800, 0x000001cbb585c000,
0x000001cbb585b800, 0x000001cbb5856800, 0x000001cbb5862800, 0x000001cbb585f800,
0x000001cbb585e800, 0x000001cbb585d000, 0x000001cbb5861000, 0x000001cbb5862000,
0x000001cbb585e000, 0x000001cbb5795800, 0x000001cbb5796800, 0x000001cbb5797000,
0x000001cbb5798000, 0x000001cbb579d000, 0x000001cbb579e800, 0x000001cbb579c000,
0x000001cbb5799000, 0x000001cbb579d800, 0x000001cbb579f800, 0x000001cbb5799800,
0x000001cbb579b800, 0x000001cbb579a800, 0x000001cbb57a2000, 0x000001cbb57a3800
}

Java Threads: ( => current thread )
  0x000001cb945ac000 JavaThread "main" [_thread_blocked, id=14216, stack(0x00000004a1900000,0x00000004a1a00000)]
  0x000001cbafec8000 JavaThread "Reference Handler" daemon [_thread_blocked, id=17288, stack(0x00000004a2000000,0x00000004a2100000)]
  0x000001cbafec9800 JavaThread "Finalizer" daemon [_thread_blocked, id=10096, stack(0x00000004a2100000,0x00000004a2200000)]
  0x000001cbaff2a800 JavaThread "Signal Dispatcher" daemon [_thread_blocked, id=14828, stack(0x00000004a2200000,0x00000004a2300000)]
  0x000001cbaff2b800 JavaThread "Attach Listener" daemon [_thread_blocked, id=4224, stack(0x00000004a2300000,0x00000004a2400000)]
  0x000001cbaff2d800 JavaThread "Service Thread" daemon [_thread_blocked, id=17108, stack(0x00000004a2400000,0x00000004a2500000)]
=>0x000001cbaff32800 JavaThread "C2 CompilerThread0" daemon [_thread_in_native, id=9916, stack(0x00000004a2500000,0x00000004a2600000)]
  0x000001cbaff33800 JavaThread "C1 CompilerThread0" daemon [_thread_blocked, id=11216, stack(0x00000004a2600000,0x00000004a2700000)]
  0x000001cbaff35000 JavaThread "Sweeper thread" daemon [_thread_blocked, id=15368, stack(0x00000004a2700000,0x00000004a2800000)]
  0x000001cbb009d800 JavaThread "Common-Cleaner" daemon [_thread_blocked, id=8748, stack(0x00000004a2800000,0x00000004a2900000)]
  0x000001cbb17ee800 JavaThread "Daemon health stats" [_thread_blocked, id=14536, stack(0x00000004a3100000,0x00000004a3200000)]
  0x000001cbb2ccb000 JavaThread "Incoming local TCP Connector on port 57102" [_thread_in_native, id=16596, stack(0x00000004a2a00000,0x00000004a2b00000)]
  0x000001cbb33ca000 JavaThread "Daemon periodic checks" [_thread_blocked, id=17220, stack(0x00000004a3000000,0x00000004a3100000)]
  0x000001cbb1e2c000 JavaThread "Daemon" [_thread_blocked, id=12212, stack(0x00000004a3200000,0x00000004a3300000)]
  0x000001cbb2a32000 JavaThread "Daemon worker" [_thread_in_Java, id=14664, stack(0x00000004a3500000,0x00000004a3600000)]
  0x000001cbb22c5000 JavaThread "Cache worker for journal cache (C:\Users\tjain\.gradle\caches\journal-1)" [_thread_blocked, id=13612, stack(0x00000004a3900000,0x00000004a3a00000)]
  0x000001cbb22c2800 JavaThread "File lock request listener" [_thread_in_native, id=15120, stack(0x00000004a3a00000,0x00000004a3b00000)]
  0x000001cbb22bf000 JavaThread "Cache worker for file hash cache (C:\Users\tjain\.gradle\caches\7.3.3\fileHashes)" [_thread_blocked, id=7900, stack(0x00000004a3b00000,0x00000004a3c00000)]
  0x000001cbb22c1800 JavaThread "File watcher server" daemon [_thread_in_native, id=14884, stack(0x00000004a4500000,0x00000004a4600000)]
  0x000001cbb22c0800 JavaThread "File watcher consumer" daemon [_thread_blocked, id=10076, stack(0x00000004a4600000,0x00000004a4700000)]
  0x000001cbb2ba0800 JavaThread "Cache worker for execution history cache (C:\Users\tjain\.gradle\caches\7.3.3\executionHistory)" [_thread_blocked, id=6044, stack(0x00000004a4a00000,0x00000004a4b00000)]
  0x000001cbb2ba1800 JavaThread "jar transforms" [_thread_blocked, id=16644, stack(0x00000004a4b00000,0x00000004a4c00000)]
  0x000001cbb2b9f000 JavaThread "Cache worker for file content cache (C:\Users\tjain\.gradle\caches\7.3.3\fileContent)" [_thread_blocked, id=16116, stack(0x00000004a4c00000,0x00000004a4d00000)]
  0x000001cbb2b9f800 JavaThread "jar transforms Thread 2" [_thread_blocked, id=13724, stack(0x00000004a4d00000,0x00000004a4e00000)]
  0x000001cbb2ba7000 JavaThread "jar transforms Thread 3" [_thread_blocked, id=10940, stack(0x00000004a4f00000,0x00000004a5000000)]
  0x000001cbb57a0000 JavaThread "jar transforms Thread 4" [_thread_blocked, id=15312, stack(0x00000004ac900000,0x00000004aca00000)]
  0x000001cbb57a2800 JavaThread "jar transforms Thread 5" [_thread_blocked, id=13220, stack(0x00000004aca00000,0x00000004acb00000)]
  0x000001cbb57a1000 JavaThread "jar transforms Thread 6" [_thread_blocked, id=14176, stack(0x00000004acb00000,0x00000004acc00000)]
  0x000001cbb57a9000 JavaThread "jar transforms Thread 7" [_thread_blocked, id=9784, stack(0x00000004acc00000,0x00000004acd00000)]
  0x000001cbb57ab800 JavaThread "jar transforms Thread 8" [_thread_blocked, id=1112, stack(0x00000004acd00000,0x00000004ace00000)]
  0x000001cbb57a6800 JavaThread "jar transforms Thread 9" [_thread_blocked, id=14868, stack(0x00000004ace00000,0x00000004acf00000)]
  0x000001cbb57a8000 JavaThread "jar transforms Thread 10" [_thread_blocked, id=4380, stack(0x00000004acf00000,0x00000004ad000000)]
  0x000001cbb57a5800 JavaThread "jar transforms Thread 11" [_thread_blocked, id=1456, stack(0x00000004ad000000,0x00000004ad100000)]
  0x000001cbb57a9800 JavaThread "jar transforms Thread 12" [_thread_blocked, id=12732, stack(0x00000004ad100000,0x00000004ad200000)]
  0x000001cbb57ac000 JavaThread "Memory manager" [_thread_blocked, id=13028, stack(0x00000004ad200000,0x00000004ad300000)]
  0x000001cbb5859000 JavaThread "Handler for socket connection from /127.0.0.1:57102 to /127.0.0.1:57164" [_thread_in_native, id=13296, stack(0x00000004a3300000,0x00000004a3400000)]
  0x000001cbb5858000 JavaThread "Cancel handler" [_thread_blocked, id=2824, stack(0x00000004a3400000,0x00000004a3500000)]
  0x000001cbb5859800 JavaThread "Asynchronous log dispatcher for DefaultDaemonConnection: socket connection from /127.0.0.1:57102 to /127.0.0.1:57164" [_thread_blocked, id=1544, stack(0x00000004a3600000,0x00000004a3700000)]
  0x000001cbb5857000 JavaThread "Stdin handler" [_thread_blocked, id=16708, stack(0x00000004a3700000,0x00000004a3800000)]
  0x000001cbb5854000 JavaThread "Daemon client event forwarder" [_thread_blocked, id=14596, stack(0x00000004a3800000,0x00000004a3900000)]
  0x000001cbb5855000 JavaThread "Cache worker for file hash cache (D:\Android_Projects\TechBpit\.gradle\7.3.3\fileHashes)" [_thread_blocked, id=2576, stack(0x00000004a4200000,0x00000004a4300000)]
  0x000001cbb585a800 JavaThread "C2 CompilerThread1" daemon [_thread_in_native, id=14956, stack(0x00000004a4400000,0x00000004a4500000)]
  0x000001cbb5855800 JavaThread "C2 CompilerThread2" daemon [_thread_in_native, id=15112, stack(0x00000004a4e00000,0x00000004a4f00000)]
  0x000001cbb585c000 JavaThread "Cache worker for checksums cache (D:\Android_Projects\TechBpit\.gradle\7.3.3\checksums)" [_thread_blocked, id=12996, stack(0x00000004a5000000,0x00000004a5100000)]
  0x000001cbb585b800 JavaThread "Cache worker for cache directory md-supplier (C:\Users\tjain\.gradle\caches\7.3.3\md-supplier)" [_thread_blocked, id=616, stack(0x00000004a5100000,0x00000004a5200000)]
  0x000001cbb5856800 JavaThread "Cache worker for cache directory md-rule (C:\Users\tjain\.gradle\caches\7.3.3\md-rule)" [_thread_blocked, id=16556, stack(0x00000004a5200000,0x00000004a5300000)]
  0x000001cbb5862800 JavaThread "Cache worker for dependencies-accessors (D:\Android_Projects\TechBpit\.gradle\7.3.3\dependencies-accessors)" [_thread_blocked, id=13344, stack(0x00000004a5300000,0x00000004a5400000)]
  0x000001cbb585f800 JavaThread "Cache worker for Build Output Cleanup Cache (D:\Android_Projects\TechBpit\.gradle\buildOutputCleanup)" [_thread_blocked, id=4244, stack(0x00000004a5400000,0x00000004a5500000)]
  0x000001cbb585e800 JavaThread "Unconstrained build operations" [_thread_blocked, id=13284, stack(0x00000004a5500000,0x00000004a5600000)]
  0x000001cbb585d000 JavaThread "Unconstrained build operations Thread 2" [_thread_blocked, id=6080, stack(0x00000004a5600000,0x00000004a5700000)]
  0x000001cbb5861000 JavaThread "Unconstrained build operations Thread 3" [_thread_blocked, id=16668, stack(0x00000004a5700000,0x00000004a5800000)]
  0x000001cbb5862000 JavaThread "Unconstrained build operations Thread 4" [_thread_blocked, id=10592, stack(0x00000004a5800000,0x00000004a5900000)]
  0x000001cbb585e000 JavaThread "Unconstrained build operations Thread 5" [_thread_blocked, id=8456, stack(0x00000004a5900000,0x00000004a5a00000)]
  0x000001cbb5795800 JavaThread "Unconstrained build operations Thread 6" [_thread_blocked, id=10468, stack(0x00000004a5a00000,0x00000004a5b00000)]
  0x000001cbb5796800 JavaThread "Unconstrained build operations Thread 7" [_thread_blocked, id=6308, stack(0x00000004a5b00000,0x00000004a5c00000)]
  0x000001cbb5797000 JavaThread "Unconstrained build operations Thread 8" [_thread_blocked, id=2600, stack(0x00000004a5c00000,0x00000004a5d00000)]
  0x000001cbb5798000 JavaThread "Unconstrained build operations Thread 9" [_thread_blocked, id=11512, stack(0x00000004a5d00000,0x00000004a5e00000)]
  0x000001cbb579d000 JavaThread "Unconstrained build operations Thread 10" [_thread_blocked, id=15444, stack(0x00000004a5e00000,0x00000004a5f00000)]
  0x000001cbb579e800 JavaThread "Unconstrained build operations Thread 11" [_thread_blocked, id=1984, stack(0x00000004a5f00000,0x00000004a6000000)]
  0x000001cbb579c000 JavaThread "Unconstrained build operations Thread 12" [_thread_blocked, id=7300, stack(0x00000004a6000000,0x00000004a6100000)]
  0x000001cbb5799000 JavaThread "Unconstrained build operations Thread 13" [_thread_blocked, id=17020, stack(0x00000004a6100000,0x00000004a6200000)]
  0x000001cbb579d800 JavaThread "Unconstrained build operations Thread 14" [_thread_blocked, id=14304, stack(0x00000004a6200000,0x00000004a6300000)]
  0x000001cbb579f800 JavaThread "Unconstrained build operations Thread 15" [_thread_blocked, id=13900, stack(0x00000004a6300000,0x00000004a6400000)]
  0x000001cbb5799800 JavaThread "Unconstrained build operations Thread 16" [_thread_blocked, id=7236, stack(0x00000004a6400000,0x00000004a6500000)]
  0x000001cbb579b800 JavaThread "Unconstrained build operations Thread 17" [_thread_blocked, id=8620, stack(0x00000004a6500000,0x00000004a6600000)]
  0x000001cbb579a800 JavaThread "Unconstrained build operations Thread 18" [_thread_blocked, id=7884, stack(0x00000004a6600000,0x00000004a6700000)]
  0x000001cbb57a2000 JavaThread "Unconstrained build operations Thread 19" [_thread_blocked, id=3124, stack(0x00000004a6700000,0x00000004a6800000)]
  0x000001cbb57a3800 JavaThread "Unconstrained build operations Thread 20" [_thread_blocked, id=2868, stack(0x00000004a6800000,0x00000004a6900000)]

Other Threads:
  0x000001cbafec6000 VMThread "VM Thread" [stack: 0x00000004a1f00000,0x00000004a2000000] [id=16312]
  0x000001cbb00ba800 WatcherThread [stack: 0x00000004a2900000,0x00000004a2a00000] [id=12048]
  0x000001cb945c5800 GCTaskThread "GC Thread#0" [stack: 0x00000004a1a00000,0x00000004a1b00000] [id=11456]
  0x000001cbb0bf6800 GCTaskThread "GC Thread#1" [stack: 0x00000004a2b00000,0x00000004a2c00000] [id=2412]
  0x000001cbb0e10000 GCTaskThread "GC Thread#2" [stack: 0x00000004a2c00000,0x00000004a2d00000] [id=15984]
  0x000001cbb0df4800 GCTaskThread "GC Thread#3" [stack: 0x00000004a2d00000,0x00000004a2e00000] [id=8380]
  0x000001cbb0df5000 GCTaskThread "GC Thread#4" [stack: 0x00000004a2e00000,0x00000004a2f00000] [id=14796]
  0x000001cbb0bc8800 GCTaskThread "GC Thread#5" [stack: 0x00000004a2f00000,0x00000004a3000000] [id=5856]
  0x000001cbb112b000 GCTaskThread "GC Thread#6" [stack: 0x00000004a3c00000,0x00000004a3d00000] [id=2428]
  0x000001cbb18f2000 GCTaskThread "GC Thread#7" [stack: 0x00000004a3d00000,0x00000004a3e00000] [id=9936]
  0x000001cbb12d9000 GCTaskThread "GC Thread#8" [stack: 0x00000004a3e00000,0x00000004a3f00000] [id=1840]
  0x000001cbb2bfb800 GCTaskThread "GC Thread#9" [stack: 0x00000004a3f00000,0x00000004a4000000] [id=15972]
  0x000001cb945f8800 ConcurrentGCThread "G1 Main Marker" [stack: 0x00000004a1b00000,0x00000004a1c00000] [id=15956]
  0x000001cb945fa800 ConcurrentGCThread "G1 Conc#0" [stack: 0x00000004a1c00000,0x00000004a1d00000] [id=16724]
  0x000001cbb3237800 ConcurrentGCThread "G1 Conc#1" [stack: 0x00000004a4000000,0x00000004a4100000] [id=14268]
  0x000001cbb0a76800 ConcurrentGCThread "G1 Conc#2" [stack: 0x00000004a4100000,0x00000004a4200000] [id=16088]
  0x000001cb9468e800 ConcurrentGCThread "G1 Refine#0" [stack: 0x00000004a1d00000,0x00000004a1e00000] [id=15280]
  0x000001cbb2b2e800 ConcurrentGCThread "G1 Refine#1" [stack: 0x00000004a4300000,0x00000004a4400000] [id=2676]
  0x000001cbba2ff800 ConcurrentGCThread "G1 Refine#2" [stack: 0x00000004a4700000,0x00000004a4800000] [id=3080]
  0x000001cbba3e3800 ConcurrentGCThread "G1 Refine#3" [stack: 0x00000004a4800000,0x00000004a4900000] [id=5884]
  0x000001cbb0f8d000 ConcurrentGCThread "G1 Refine#4" [stack: 0x00000004a4900000,0x00000004a4a00000] [id=15512]
  0x000001cbaf516800 ConcurrentGCThread "G1 Young RemSet Sampling" [stack: 0x00000004a1e00000,0x00000004a1f00000] [id=15092]

Threads with active compile tasks:
C2 CompilerThread0  26678 12841       4       org.gradle.internal.service.DefaultServiceRegistry$ClassInspector::getDetailsForClass (50 bytes)
C2 CompilerThread1  26678 12843   !   4       com.google.common.cache.LocalCache$Segment::lockedGetOrLoad (447 bytes)
C2 CompilerThread2  26678 12859       4       org.gradle.internal.instantiation.generator.ParamsMatchingConstructorSelector::forParams (481 bytes)

VM state:not at safepoint (normal execution)

VM Mutex/Monitor currently owned by a thread: None

OutOfMemory and StackOverflow Exception counts:
OutOfMemoryError java_heap_errors=1
LinkageErrors=151

Heap address: 0x0000000080000000, size: 2048 MB, Compressed Oops mode: 32-bit
Narrow klass base: 0x0000000000000000, Narrow klass shift: 3
Compressed class space size: 1073741824 Address: 0x0000000100000000

Heap:
 garbage-first heap   total 262144K, used 135464K [0x0000000080000000, 0x0000000100000000)
  region size 1024K, 56 young (57344K), 10 survivors (10240K)
 Metaspace       used 91228K, capacity 94059K, committed 94344K, reserved 1130496K
  class space    used 11879K, capacity 12946K, committed 13008K, reserved 1048576K
Heap Regions: E=young(eden), S=young(survivor), O=old, HS=humongous(starts), HC=humongous(continues), CS=collection set, F=free, A=archive, TAMS=top-at-mark-start (previous, next)
|   0|0x0000000080000000, 0x0000000080100000, 0x0000000080100000|100%| O|  |TAMS 0x0000000080100000, 0x0000000080000000| Untracked 
|   1|0x0000000080100000, 0x0000000080200000, 0x0000000080200000|100%| O|  |TAMS 0x0000000080200000, 0x0000000080100000| Untracked 
|   2|0x0000000080200000, 0x0000000080300000, 0x0000000080300000|100%| O|  |TAMS 0x0000000080300000, 0x0000000080200000| Untracked 
|   3|0x0000000080300000, 0x0000000080400000, 0x0000000080400000|100%|HS|  |TAMS 0x0000000080400000, 0x0000000080300000| Complete 
|   4|0x0000000080400000, 0x0000000080500000, 0x0000000080500000|100%|HC|  |TAMS 0x0000000080500000, 0x0000000080400000| Complete 
|   5|0x0000000080500000, 0x0000000080600000, 0x0000000080600000|100%|HC|  |TAMS 0x0000000080600000, 0x0000000080500000| Complete 
|   6|0x0000000080600000, 0x0000000080700000, 0x0000000080700000|100%| O|  |TAMS 0x0000000080700000, 0x0000000080600000| Untracked 
|   7|0x0000000080700000, 0x0000000080800000, 0x0000000080800000|100%| O|  |TAMS 0x0000000080800000, 0x0000000080700000| Untracked 
|   8|0x0000000080800000, 0x0000000080900000, 0x0000000080900000|100%| O|  |TAMS 0x0000000080900000, 0x0000000080800000| Untracked 
|   9|0x0000000080900000, 0x0000000080a00000, 0x0000000080a00000|100%| O|  |TAMS 0x0000000080a00000, 0x0000000080900000| Untracked 
|  10|0x0000000080a00000, 0x0000000080b00000, 0x0000000080b00000|100%| O|  |TAMS 0x0000000080b00000, 0x0000000080a00000| Untracked 
|  11|0x0000000080b00000, 0x0000000080c00000, 0x0000000080c00000|100%| O|  |TAMS 0x0000000080c00000, 0x0000000080b00000| Untracked 
|  12|0x0000000080c00000, 0x0000000080d00000, 0x0000000080d00000|100%| O|  |TAMS 0x0000000080d00000, 0x0000000080c00000| Untracked 
|  13|0x0000000080d00000, 0x0000000080e00000, 0x0000000080e00000|100%| O|  |TAMS 0x0000000080e00000, 0x0000000080d00000| Untracked 
|  14|0x0000000080e00000, 0x0000000080f00000, 0x0000000080f00000|100%| O|  |TAMS 0x0000000080f00000, 0x0000000080e00000| Untracked 
|  15|0x0000000080f00000, 0x0000000081000000, 0x0000000081000000|100%| O|  |TAMS 0x0000000081000000, 0x0000000080f00000| Untracked 
|  16|0x0000000081000000, 0x0000000081100000, 0x0000000081100000|100%| O|  |TAMS 0x0000000081100000, 0x0000000081000000| Untracked 
|  17|0x0000000081100000, 0x0000000081200000, 0x0000000081200000|100%| O|  |TAMS 0x0000000081200000, 0x0000000081100000| Untracked 
|  18|0x0000000081200000, 0x0000000081300000, 0x0000000081300000|100%|HS|  |TAMS 0x0000000081300000, 0x0000000081200000| Complete 
|  19|0x0000000081300000, 0x0000000081400000, 0x0000000081400000|100%|HS|  |TAMS 0x0000000081400000, 0x0000000081300000| Complete 
|  20|0x0000000081400000, 0x0000000081500000, 0x0000000081500000|100%|HS|  |TAMS 0x0000000081500000, 0x0000000081400000| Complete 
|  21|0x0000000081500000, 0x0000000081600000, 0x0000000081600000|100%|HC|  |TAMS 0x0000000081600000, 0x0000000081500000| Complete 
|  22|0x0000000081600000, 0x0000000081700000, 0x0000000081700000|100%| O|  |TAMS 0x0000000081700000, 0x0000000081600000| Untracked 
|  23|0x0000000081700000, 0x0000000081800000, 0x0000000081800000|100%| O|  |TAMS 0x0000000081800000, 0x0000000081700000| Untracked 
|  24|0x0000000081800000, 0x0000000081900000, 0x0000000081900000|100%| O|  |TAMS 0x0000000081900000, 0x0000000081800000| Untracked 
|  25|0x0000000081900000, 0x0000000081a00000, 0x0000000081a00000|100%| O|  |TAMS 0x0000000081a00000, 0x0000000081900000| Untracked 
|  26|0x0000000081a00000, 0x0000000081b00000, 0x0000000081b00000|100%| O|  |TAMS 0x0000000081b00000, 0x0000000081a00000| Untracked 
|  27|0x0000000081b00000, 0x0000000081c00000, 0x0000000081c00000|100%| O|  |TAMS 0x0000000081c00000, 0x0000000081b00000| Untracked 
|  28|0x0000000081c00000, 0x0000000081d00000, 0x0000000081d00000|100%| O|  |TAMS 0x0000000081d00000, 0x0000000081c00000| Untracked 
|  29|0x0000000081d00000, 0x0000000081e00000, 0x0000000081e00000|100%| O|  |TAMS 0x0000000081e00000, 0x0000000081d00000| Untracked 
|  30|0x0000000081e00000, 0x0000000081f00000, 0x0000000081f00000|100%| O|  |TAMS 0x0000000081f00000, 0x0000000081e00000| Untracked 
|  31|0x0000000081f00000, 0x0000000082000000, 0x0000000082000000|100%| O|  |TAMS 0x0000000082000000, 0x0000000081f00000| Untracked 
|  32|0x0000000082000000, 0x0000000082100000, 0x0000000082100000|100%| O|  |TAMS 0x0000000082100000, 0x0000000082000000| Untracked 
|  33|0x0000000082100000, 0x0000000082200000, 0x0000000082200000|100%| O|  |TAMS 0x0000000082200000, 0x0000000082100000| Untracked 
|  34|0x0000000082200000, 0x0000000082300000, 0x0000000082300000|100%| O|  |TAMS 0x0000000082300000, 0x0000000082200000| Untracked 
|  35|0x0000000082300000, 0x0000000082400000, 0x0000000082400000|100%| O|  |TAMS 0x0000000082400000, 0x0000000082300000| Untracked 
|  36|0x0000000082400000, 0x0000000082500000, 0x0000000082500000|100%| O|  |TAMS 0x0000000082500000, 0x0000000082400000| Untracked 
|  37|0x0000000082500000, 0x0000000082600000, 0x0000000082600000|100%| O|  |TAMS 0x0000000082600000, 0x0000000082500000| Untracked 
|  38|0x0000000082600000, 0x0000000082700000, 0x0000000082700000|100%| O|  |TAMS 0x0000000082700000, 0x0000000082600000| Untracked 
|  39|0x0000000082700000, 0x0000000082800000, 0x0000000082800000|100%| O|  |TAMS 0x0000000082800000, 0x0000000082700000| Untracked 
|  40|0x0000000082800000, 0x0000000082900000, 0x0000000082900000|100%| O|  |TAMS 0x0000000082900000, 0x0000000082800000| Untracked 
|  41|0x0000000082900000, 0x0000000082a00000, 0x0000000082a00000|100%| O|  |TAMS 0x0000000082a00000, 0x0000000082900000| Untracked 
|  42|0x0000000082a00000, 0x0000000082b00000, 0x0000000082b00000|100%| O|  |TAMS 0x0000000082b00000, 0x0000000082a00000| Untracked 
|  43|0x0000000082b00000, 0x0000000082c00000, 0x0000000082c00000|100%| O|  |TAMS 0x0000000082bb8000, 0x0000000082b00000| Untracked 
|  44|0x0000000082c00000, 0x0000000082d00000, 0x0000000082d00000|100%| O|  |TAMS 0x0000000082c00000, 0x0000000082c00000| Untracked 
|  45|0x0000000082d00000, 0x0000000082e00000, 0x0000000082e00000|100%| O|  |TAMS 0x0000000082d00000, 0x0000000082d00000| Untracked 
|  46|0x0000000082e00000, 0x0000000082f00000, 0x0000000082f00000|100%| O|  |TAMS 0x0000000082e00000, 0x0000000082e00000| Untracked 
|  47|0x0000000082f00000, 0x0000000083000000, 0x0000000083000000|100%| O|  |TAMS 0x0000000082f00000, 0x0000000082f00000| Untracked 
|  48|0x0000000083000000, 0x0000000083100000, 0x0000000083100000|100%| O|  |TAMS 0x0000000083000000, 0x0000000083000000| Untracked 
|  49|0x0000000083100000, 0x0000000083200000, 0x0000000083200000|100%| O|  |TAMS 0x0000000083100000, 0x0000000083100000| Untracked 
|  50|0x0000000083200000, 0x0000000083300000, 0x0000000083300000|100%| O|  |TAMS 0x0000000083200000, 0x0000000083200000| Untracked 
|  51|0x0000000083300000, 0x0000000083400000, 0x0000000083400000|100%| O|  |TAMS 0x0000000083300000, 0x0000000083300000| Untracked 
|  52|0x0000000083400000, 0x0000000083500000, 0x0000000083500000|100%| O|  |TAMS 0x0000000083400000, 0x0000000083400000| Untracked 
|  53|0x0000000083500000, 0x0000000083600000, 0x0000000083600000|100%| O|  |TAMS 0x0000000083500000, 0x0000000083500000| Untracked 
|  54|0x0000000083600000, 0x0000000083700000, 0x0000000083700000|100%| O|  |TAMS 0x0000000083600000, 0x0000000083600000| Untracked 
|  55|0x0000000083700000, 0x0000000083800000, 0x0000000083800000|100%| O|  |TAMS 0x0000000083700000, 0x0000000083700000| Untracked 
|  56|0x0000000083800000, 0x0000000083900000, 0x0000000083900000|100%| O|  |TAMS 0x0000000083800000, 0x0000000083800000| Untracked 
|  57|0x0000000083900000, 0x0000000083a00000, 0x0000000083a00000|100%| O|  |TAMS 0x0000000083900000, 0x0000000083900000| Untracked 
|  58|0x0000000083a00000, 0x0000000083b00000, 0x0000000083b00000|100%| O|  |TAMS 0x0000000083a00000, 0x0000000083a00000| Untracked 
|  59|0x0000000083b00000, 0x0000000083c00000, 0x0000000083c00000|100%| O|  |TAMS 0x0000000083b00000, 0x0000000083b00000| Untracked 
|  60|0x0000000083c00000, 0x0000000083d00000, 0x0000000083d00000|100%| O|  |TAMS 0x0000000083c00000, 0x0000000083c00000| Untracked 
|  61|0x0000000083d00000, 0x0000000083e00000, 0x0000000083e00000|100%| O|  |TAMS 0x0000000083d00000, 0x0000000083d00000| Untracked 
|  62|0x0000000083e00000, 0x0000000083f00000, 0x0000000083f00000|100%| O|  |TAMS 0x0000000083e00000, 0x0000000083e00000| Untracked 
|  63|0x0000000083f00000, 0x0000000084000000, 0x0000000084000000|100%| O|  |TAMS 0x0000000083f00000, 0x0000000083f00000| Untracked 
|  64|0x0000000084000000, 0x0000000084100000, 0x0000000084100000|100%| O|  |TAMS 0x0000000084000000, 0x0000000084000000| Untracked 
|  65|0x0000000084100000, 0x0000000084200000, 0x0000000084200000|100%| O|  |TAMS 0x0000000084100000, 0x0000000084100000| Untracked 
|  66|0x0000000084200000, 0x0000000084300000, 0x0000000084300000|100%| O|  |TAMS 0x0000000084200000, 0x0000000084200000| Untracked 
|  67|0x0000000084300000, 0x0000000084400000, 0x0000000084400000|100%| O|  |TAMS 0x0000000084300000, 0x0000000084300000| Untracked 
|  68|0x0000000084400000, 0x0000000084500000, 0x0000000084500000|100%| O|  |TAMS 0x0000000084400000, 0x0000000084400000| Untracked 
|  69|0x0000000084500000, 0x0000000084600000, 0x0000000084600000|100%| O|  |TAMS 0x0000000084500000, 0x0000000084500000| Untracked 
|  70|0x0000000084600000, 0x0000000084700000, 0x0000000084700000|100%| O|  |TAMS 0x0000000084600000, 0x0000000084600000| Untracked 
|  71|0x0000000084700000, 0x0000000084800000, 0x0000000084800000|100%| O|  |TAMS 0x0000000084700000, 0x0000000084700000| Untracked 
|  72|0x0000000084800000, 0x0000000084900000, 0x0000000084900000|100%| O|  |TAMS 0x0000000084800000, 0x0000000084800000| Untracked 
|  73|0x0000000084900000, 0x0000000084a00000, 0x0000000084a00000|100%| O|  |TAMS 0x0000000084900000, 0x0000000084900000| Untracked 
|  74|0x0000000084a00000, 0x0000000084b00000, 0x0000000084b00000|100%| O|  |TAMS 0x0000000084a00000, 0x0000000084a00000| Untracked 
|  75|0x0000000084b00000, 0x0000000084c00000, 0x0000000084c00000|100%| O|  |TAMS 0x0000000084b00000, 0x0000000084b00000| Untracked 
|  76|0x0000000084c00000, 0x0000000084d00000, 0x0000000084d00000|100%| O|  |TAMS 0x0000000084c00000, 0x0000000084c00000| Untracked 
|  77|0x0000000084d00000, 0x0000000084e00000, 0x0000000084e00000|100%| O|  |TAMS 0x0000000084d00000, 0x0000000084d00000| Untracked 
|  78|0x0000000084e00000, 0x0000000084e00000, 0x0000000084f00000|  0%| F|  |TAMS 0x0000000084e00000, 0x0000000084e00000| Untracked 
|  79|0x0000000084f00000, 0x0000000084f00000, 0x0000000085000000|  0%| F|  |TAMS 0x0000000084f00000, 0x0000000084f00000| Untracked 
|  80|0x0000000085000000, 0x0000000085000000, 0x0000000085100000|  0%| F|  |TAMS 0x0000000085000000, 0x0000000085000000| Untracked 
|  81|0x0000000085100000, 0x0000000085100000, 0x0000000085200000|  0%| F|  |TAMS 0x0000000085100000, 0x0000000085100000| Untracked 
|  82|0x0000000085200000, 0x0000000085200000, 0x0000000085300000|  0%| F|  |TAMS 0x0000000085200000, 0x0000000085200000| Untracked 
|  83|0x0000000085300000, 0x0000000085300000, 0x0000000085400000|  0%| F|  |TAMS 0x0000000085300000, 0x0000000085300000| Untracked 
|  84|0x0000000085400000, 0x0000000085400000, 0x0000000085500000|  0%| F|  |TAMS 0x0000000085400000, 0x0000000085400000| Untracked 
|  85|0x0000000085500000, 0x0000000085500000, 0x0000000085600000|  0%| F|  |TAMS 0x0000000085500000, 0x0000000085500000| Untracked 
|  86|0x0000000085600000, 0x0000000085600000, 0x0000000085700000|  0%| F|  |TAMS 0x0000000085600000, 0x0000000085600000| Untracked 
|  87|0x0000000085700000, 0x0000000085700000, 0x0000000085800000|  0%| F|  |TAMS 0x0000000085700000, 0x0000000085700000| Untracked 
|  88|0x0000000085800000, 0x0000000085800000, 0x0000000085900000|  0%| F|  |TAMS 0x0000000085800000, 0x0000000085800000| Untracked 
|  89|0x0000000085900000, 0x0000000085900000, 0x0000000085a00000|  0%| F|  |TAMS 0x0000000085900000, 0x0000000085900000| Untracked 
|  90|0x0000000085a00000, 0x0000000085a00000, 0x0000000085b00000|  0%| F|  |TAMS 0x0000000085a00000, 0x0000000085a00000| Untracked 
|  91|0x0000000085b00000, 0x0000000085b00000, 0x0000000085c00000|  0%| F|  |TAMS 0x0000000085b00000, 0x0000000085b00000| Untracked 
|  92|0x0000000085c00000, 0x0000000085c00000, 0x0000000085d00000|  0%| F|  |TAMS 0x0000000085c00000, 0x0000000085c00000| Untracked 
|  93|0x0000000085d00000, 0x0000000085d00000, 0x0000000085e00000|  0%| F|  |TAMS 0x0000000085d00000, 0x0000000085d00000| Untracked 
|  94|0x0000000085e00000, 0x0000000085e00000, 0x0000000085f00000|  0%| F|  |TAMS 0x0000000085e00000, 0x0000000085e00000| Untracked 
|  95|0x0000000085f00000, 0x0000000085f00000, 0x0000000086000000|  0%| F|  |TAMS 0x0000000085f00000, 0x0000000085f00000| Untracked 
|  96|0x0000000086000000, 0x0000000086000000, 0x0000000086100000|  0%| F|  |TAMS 0x0000000086000000, 0x0000000086000000| Untracked 
|  97|0x0000000086100000, 0x0000000086100000, 0x0000000086200000|  0%| F|  |TAMS 0x0000000086100000, 0x0000000086100000| Untracked 
|  98|0x0000000086200000, 0x0000000086200000, 0x0000000086300000|  0%| F|  |TAMS 0x0000000086200000, 0x0000000086200000| Untracked 
|  99|0x0000000086300000, 0x0000000086300000, 0x0000000086400000|  0%| F|  |TAMS 0x0000000086300000, 0x0000000086300000| Untracked 
| 100|0x0000000086400000, 0x0000000086400000, 0x0000000086500000|  0%| F|  |TAMS 0x0000000086400000, 0x0000000086400000| Untracked 
| 101|0x0000000086500000, 0x0000000086500000, 0x0000000086600000|  0%| F|  |TAMS 0x0000000086500000, 0x0000000086500000| Untracked 
| 102|0x0000000086600000, 0x0000000086600000, 0x0000000086700000|  0%| F|  |TAMS 0x0000000086600000, 0x0000000086600000| Untracked 
| 103|0x0000000086700000, 0x0000000086700000, 0x0000000086800000|  0%| F|  |TAMS 0x0000000086700000, 0x0000000086700000| Untracked 
| 104|0x0000000086800000, 0x0000000086800000, 0x0000000086900000|  0%| F|  |TAMS 0x0000000086800000, 0x0000000086800000| Untracked 
| 105|0x0000000086900000, 0x0000000086900000, 0x0000000086a00000|  0%| F|  |TAMS 0x0000000086900000, 0x0000000086900000| Untracked 
| 106|0x0000000086a00000, 0x0000000086a00000, 0x0000000086b00000|  0%| F|  |TAMS 0x0000000086a00000, 0x0000000086a00000| Untracked 
| 107|0x0000000086b00000, 0x0000000086b00000, 0x0000000086c00000|  0%| F|  |TAMS 0x0000000086b00000, 0x0000000086b00000| Untracked 
| 108|0x0000000086c00000, 0x0000000086c00000, 0x0000000086d00000|  0%| F|  |TAMS 0x0000000086c00000, 0x0000000086c00000| Untracked 
| 109|0x0000000086d00000, 0x0000000086d00000, 0x0000000086e00000|  0%| F|  |TAMS 0x0000000086d00000, 0x0000000086d00000| Untracked 
| 110|0x0000000086e00000, 0x0000000086e00000, 0x0000000086f00000|  0%| F|  |TAMS 0x0000000086e00000, 0x0000000086e00000| Untracked 
| 111|0x0000000086f00000, 0x0000000086f00000, 0x0000000087000000|  0%| F|  |TAMS 0x0000000086f00000, 0x0000000086f00000| Untracked 
| 112|0x0000000087000000, 0x0000000087000000, 0x0000000087100000|  0%| F|  |TAMS 0x0000000087000000, 0x0000000087000000| Untracked 
| 113|0x0000000087100000, 0x0000000087100000, 0x0000000087200000|  0%| F|  |TAMS 0x0000000087100000, 0x0000000087100000| Untracked 
| 114|0x0000000087200000, 0x0000000087200000, 0x0000000087300000|  0%| F|  |TAMS 0x0000000087200000, 0x0000000087200000| Untracked 
| 115|0x0000000087300000, 0x0000000087300000, 0x0000000087400000|  0%| F|  |TAMS 0x0000000087300000, 0x0000000087300000| Untracked 
| 116|0x0000000087400000, 0x0000000087400000, 0x0000000087500000|  0%| F|  |TAMS 0x0000000087400000, 0x0000000087400000| Untracked 
| 117|0x0000000087500000, 0x0000000087500000, 0x0000000087600000|  0%| F|  |TAMS 0x0000000087500000, 0x0000000087500000| Untracked 
| 118|0x0000000087600000, 0x0000000087600000, 0x0000000087700000|  0%| F|  |TAMS 0x0000000087600000, 0x0000000087600000| Untracked 
| 119|0x0000000087700000, 0x0000000087700000, 0x0000000087800000|  0%| F|  |TAMS 0x0000000087700000, 0x0000000087700000| Untracked 
| 120|0x0000000087800000, 0x0000000087800000, 0x0000000087900000|  0%| F|  |TAMS 0x0000000087800000, 0x0000000087800000| Untracked 
| 121|0x0000000087900000, 0x0000000087900000, 0x0000000087a00000|  0%| F|  |TAMS 0x0000000087900000, 0x0000000087900000| Untracked 
| 122|0x0000000087a00000, 0x0000000087a00000, 0x0000000087b00000|  0%| F|  |TAMS 0x0000000087a00000, 0x0000000087a00000| Untracked 
| 123|0x0000000087b00000, 0x0000000087b00000, 0x0000000087c00000|  0%| F|  |TAMS 0x0000000087b00000, 0x0000000087b00000| Untracked 
| 124|0x0000000087c00000, 0x0000000087c00000, 0x0000000087d00000|  0%| F|  |TAMS 0x0000000087c00000, 0x0000000087c00000| Untracked 
| 125|0x0000000087d00000, 0x0000000087d4a1c0, 0x0000000087e00000| 28%| S|CS|TAMS 0x0000000087d00000, 0x0000000087d00000| Complete 
| 126|0x0000000087e00000, 0x0000000087f00000, 0x0000000087f00000|100%| S|CS|TAMS 0x0000000087e00000, 0x0000000087e00000| Complete 
| 127|0x0000000087f00000, 0x0000000088000000, 0x0000000088000000|100%| S|CS|TAMS 0x0000000087f00000, 0x0000000087f00000| Complete 
| 128|0x0000000088000000, 0x0000000088100000, 0x0000000088100000|100%| S|CS|TAMS 0x0000000088000000, 0x0000000088000000| Complete 
| 129|0x0000000088100000, 0x0000000088100000, 0x0000000088200000|  0%| F|  |TAMS 0x0000000088100000, 0x0000000088100000| Untracked 
| 130|0x0000000088200000, 0x0000000088200000, 0x0000000088300000|  0%| F|  |TAMS 0x0000000088200000, 0x0000000088200000| Untracked 
| 131|0x0000000088300000, 0x0000000088300000, 0x0000000088400000|  0%| F|  |TAMS 0x0000000088300000, 0x0000000088300000| Untracked 
| 132|0x0000000088400000, 0x0000000088400000, 0x0000000088500000|  0%| F|  |TAMS 0x0000000088400000, 0x0000000088400000| Untracked 
| 133|0x0000000088500000, 0x0000000088500000, 0x0000000088600000|  0%| F|  |TAMS 0x0000000088500000, 0x0000000088500000| Untracked 
| 134|0x0000000088600000, 0x0000000088600000, 0x0000000088700000|  0%| F|  |TAMS 0x0000000088600000, 0x0000000088600000| Untracked 
| 135|0x0000000088700000, 0x0000000088700000, 0x0000000088800000|  0%| F|  |TAMS 0x0000000088700000, 0x0000000088700000| Untracked 
| 136|0x0000000088800000, 0x0000000088800000, 0x0000000088900000|  0%| F|  |TAMS 0x0000000088800000, 0x0000000088800000| Untracked 
| 137|0x0000000088900000, 0x0000000088900000, 0x0000000088a00000|  0%| F|  |TAMS 0x0000000088900000, 0x0000000088900000| Untracked 
| 138|0x0000000088a00000, 0x0000000088a00000, 0x0000000088b00000|  0%| F|  |TAMS 0x0000000088a00000, 0x0000000088a00000| Untracked 
| 139|0x0000000088b00000, 0x0000000088c00000, 0x0000000088c00000|100%| S|CS|TAMS 0x0000000088b00000, 0x0000000088b00000| Complete 
| 140|0x0000000088c00000, 0x0000000088d00000, 0x0000000088d00000|100%| S|CS|TAMS 0x0000000088c00000, 0x0000000088c00000| Complete 
| 141|0x0000000088d00000, 0x0000000088e00000, 0x0000000088e00000|100%| S|CS|TAMS 0x0000000088d00000, 0x0000000088d00000| Complete 
| 142|0x0000000088e00000, 0x0000000088f00000, 0x0000000088f00000|100%| S|CS|TAMS 0x0000000088e00000, 0x0000000088e00000| Complete 
| 143|0x0000000088f00000, 0x0000000089000000, 0x0000000089000000|100%| S|CS|TAMS 0x0000000088f00000, 0x0000000088f00000| Complete 
| 144|0x0000000089000000, 0x0000000089100000, 0x0000000089100000|100%| S|CS|TAMS 0x0000000089000000, 0x0000000089000000| Complete 
| 145|0x0000000089100000, 0x0000000089100000, 0x0000000089200000|  0%| F|  |TAMS 0x0000000089100000, 0x0000000089100000| Untracked 
| 146|0x0000000089200000, 0x0000000089200000, 0x0000000089300000|  0%| F|  |TAMS 0x0000000089200000, 0x0000000089200000| Untracked 
| 147|0x0000000089300000, 0x0000000089300000, 0x0000000089400000|  0%| F|  |TAMS 0x0000000089300000, 0x0000000089300000| Untracked 
| 148|0x0000000089400000, 0x0000000089400000, 0x0000000089500000|  0%| F|  |TAMS 0x0000000089400000, 0x0000000089400000| Untracked 
| 149|0x0000000089500000, 0x0000000089500000, 0x0000000089600000|  0%| F|  |TAMS 0x0000000089500000, 0x0000000089500000| Untracked 
| 150|0x0000000089600000, 0x0000000089600000, 0x0000000089700000|  0%| F|  |TAMS 0x0000000089600000, 0x0000000089600000| Untracked 
| 151|0x0000000089700000, 0x0000000089700000, 0x0000000089800000|  0%| F|  |TAMS 0x0000000089700000, 0x0000000089700000| Untracked 
| 152|0x0000000089800000, 0x0000000089800000, 0x0000000089900000|  0%| F|  |TAMS 0x0000000089800000, 0x0000000089800000| Untracked 
| 153|0x0000000089900000, 0x0000000089900000, 0x0000000089a00000|  0%| F|  |TAMS 0x0000000089900000, 0x0000000089900000| Untracked 
| 154|0x0000000089a00000, 0x0000000089a00000, 0x0000000089b00000|  0%| F|  |TAMS 0x0000000089a00000, 0x0000000089a00000| Untracked 
| 155|0x0000000089b00000, 0x0000000089b00000, 0x0000000089c00000|  0%| F|  |TAMS 0x0000000089b00000, 0x0000000089b00000| Untracked 
| 156|0x0000000089c00000, 0x0000000089c00000, 0x0000000089d00000|  0%| F|  |TAMS 0x0000000089c00000, 0x0000000089c00000| Untracked 
| 157|0x0000000089d00000, 0x0000000089d00000, 0x0000000089e00000|  0%| F|  |TAMS 0x0000000089d00000, 0x0000000089d00000| Untracked 
| 158|0x0000000089e00000, 0x0000000089e00000, 0x0000000089f00000|  0%| F|  |TAMS 0x0000000089e00000, 0x0000000089e00000| Untracked 
| 159|0x0000000089f00000, 0x0000000089f00000, 0x000000008a000000|  0%| F|  |TAMS 0x0000000089f00000, 0x0000000089f00000| Untracked 
| 160|0x000000008a000000, 0x000000008a000000, 0x000000008a100000|  0%| F|  |TAMS 0x000000008a000000, 0x000000008a000000| Untracked 
| 161|0x000000008a100000, 0x000000008a100000, 0x000000008a200000|  0%| F|  |TAMS 0x000000008a100000, 0x000000008a100000| Untracked 
| 162|0x000000008a200000, 0x000000008a200000, 0x000000008a300000|  0%| F|  |TAMS 0x000000008a200000, 0x000000008a200000| Untracked 
| 163|0x000000008a300000, 0x000000008a300000, 0x000000008a400000|  0%| F|  |TAMS 0x000000008a300000, 0x000000008a300000| Untracked 
| 164|0x000000008a400000, 0x000000008a400000, 0x000000008a500000|  0%| F|  |TAMS 0x000000008a400000, 0x000000008a400000| Untracked 
| 165|0x000000008a500000, 0x000000008a500000, 0x000000008a600000|  0%| F|  |TAMS 0x000000008a500000, 0x000000008a500000| Untracked 
| 166|0x000000008a600000, 0x000000008a600000, 0x000000008a700000|  0%| F|  |TAMS 0x000000008a600000, 0x000000008a600000| Untracked 
| 167|0x000000008a700000, 0x000000008a700000, 0x000000008a800000|  0%| F|  |TAMS 0x000000008a700000, 0x000000008a700000| Untracked 
| 168|0x000000008a800000, 0x000000008a800000, 0x000000008a900000|  0%| F|  |TAMS 0x000000008a800000, 0x000000008a800000| Untracked 
| 169|0x000000008a900000, 0x000000008a900000, 0x000000008aa00000|  0%| F|  |TAMS 0x000000008a900000, 0x000000008a900000| Untracked 
| 170|0x000000008aa00000, 0x000000008aa00000, 0x000000008ab00000|  0%| F|  |TAMS 0x000000008aa00000, 0x000000008aa00000| Untracked 
| 171|0x000000008ab00000, 0x000000008ab00000, 0x000000008ac00000|  0%| F|  |TAMS 0x000000008ab00000, 0x000000008ab00000| Untracked 
| 172|0x000000008ac00000, 0x000000008ac00000, 0x000000008ad00000|  0%| F|  |TAMS 0x000000008ac00000, 0x000000008ac00000| Untracked 
| 173|0x000000008ad00000, 0x000000008ad00000, 0x000000008ae00000|  0%| F|  |TAMS 0x000000008ad00000, 0x000000008ad00000| Untracked 
| 174|0x000000008ae00000, 0x000000008ae00000, 0x000000008af00000|  0%| F|  |TAMS 0x000000008ae00000, 0x000000008ae00000| Untracked 
| 175|0x000000008af00000, 0x000000008af00000, 0x000000008b000000|  0%| F|  |TAMS 0x000000008af00000, 0x000000008af00000| Untracked 
| 176|0x000000008b000000, 0x000000008b000000, 0x000000008b100000|  0%| F|  |TAMS 0x000000008b000000, 0x000000008b000000| Untracked 
| 177|0x000000008b100000, 0x000000008b100000, 0x000000008b200000|  0%| F|  |TAMS 0x000000008b100000, 0x000000008b100000| Untracked 
| 178|0x000000008b200000, 0x000000008b200000, 0x000000008b300000|  0%| F|  |TAMS 0x000000008b200000, 0x000000008b200000| Untracked 
| 179|0x000000008b300000, 0x000000008b300000, 0x000000008b400000|  0%| F|  |TAMS 0x000000008b300000, 0x000000008b300000| Untracked 
| 180|0x000000008b400000, 0x000000008b400000, 0x000000008b500000|  0%| F|  |TAMS 0x000000008b400000, 0x000000008b400000| Untracked 
| 181|0x000000008b500000, 0x000000008b500000, 0x000000008b600000|  0%| F|  |TAMS 0x000000008b500000, 0x000000008b500000| Untracked 
| 182|0x000000008b600000, 0x000000008b600000, 0x000000008b700000|  0%| F|  |TAMS 0x000000008b600000, 0x000000008b600000| Untracked 
| 183|0x000000008b700000, 0x000000008b700000, 0x000000008b800000|  0%| F|  |TAMS 0x000000008b700000, 0x000000008b700000| Untracked 
| 184|0x000000008b800000, 0x000000008b800000, 0x000000008b900000|  0%| F|  |TAMS 0x000000008b800000, 0x000000008b800000| Untracked 
| 185|0x000000008b900000, 0x000000008b900000, 0x000000008ba00000|  0%| F|  |TAMS 0x000000008b900000, 0x000000008b900000| Untracked 
| 186|0x000000008ba00000, 0x000000008ba00000, 0x000000008bb00000|  0%| F|  |TAMS 0x000000008ba00000, 0x000000008ba00000| Untracked 
| 187|0x000000008bb00000, 0x000000008bb00000, 0x000000008bc00000|  0%| F|  |TAMS 0x000000008bb00000, 0x000000008bb00000| Untracked 
| 188|0x000000008bc00000, 0x000000008bc00000, 0x000000008bd00000|  0%| F|  |TAMS 0x000000008bc00000, 0x000000008bc00000| Untracked 
| 189|0x000000008bd00000, 0x000000008bd00000, 0x000000008be00000|  0%| F|  |TAMS 0x000000008bd00000, 0x000000008bd00000| Untracked 
| 190|0x000000008be00000, 0x000000008be00000, 0x000000008bf00000|  0%| F|  |TAMS 0x000000008be00000, 0x000000008be00000| Untracked 
| 191|0x000000008bf00000, 0x000000008bf00000, 0x000000008c000000|  0%| F|  |TAMS 0x000000008bf00000, 0x000000008bf00000| Untracked 
| 192|0x000000008c000000, 0x000000008c000000, 0x000000008c100000|  0%| F|  |TAMS 0x000000008c000000, 0x000000008c000000| Untracked 
| 193|0x000000008c100000, 0x000000008c100000, 0x000000008c200000|  0%| F|  |TAMS 0x000000008c100000, 0x000000008c100000| Untracked 
| 194|0x000000008c200000, 0x000000008c200000, 0x000000008c300000|  0%| F|  |TAMS 0x000000008c200000, 0x000000008c200000| Untracked 
| 195|0x000000008c300000, 0x000000008c300000, 0x000000008c400000|  0%| F|  |TAMS 0x000000008c300000, 0x000000008c300000| Untracked 
| 196|0x000000008c400000, 0x000000008c400000, 0x000000008c500000|  0%| F|  |TAMS 0x000000008c400000, 0x000000008c400000| Untracked 
| 197|0x000000008c500000, 0x000000008c500000, 0x000000008c600000|  0%| F|  |TAMS 0x000000008c500000, 0x000000008c500000| Untracked 
| 198|0x000000008c600000, 0x000000008c600000, 0x000000008c700000|  0%| F|  |TAMS 0x000000008c600000, 0x000000008c600000| Untracked 
| 199|0x000000008c700000, 0x000000008c700000, 0x000000008c800000|  0%| F|  |TAMS 0x000000008c700000, 0x000000008c700000| Untracked 
| 200|0x000000008c800000, 0x000000008c800000, 0x000000008c900000|  0%| F|  |TAMS 0x000000008c800000, 0x000000008c800000| Untracked 
| 201|0x000000008c900000, 0x000000008c900000, 0x000000008ca00000|  0%| F|  |TAMS 0x000000008c900000, 0x000000008c900000| Untracked 
| 202|0x000000008ca00000, 0x000000008ca00000, 0x000000008cb00000|  0%| F|  |TAMS 0x000000008ca00000, 0x000000008ca00000| Untracked 
| 203|0x000000008cb00000, 0x000000008cb00000, 0x000000008cc00000|  0%| F|  |TAMS 0x000000008cb00000, 0x000000008cb00000| Untracked 
| 204|0x000000008cc00000, 0x000000008cc00000, 0x000000008cd00000|  0%| F|  |TAMS 0x000000008cc00000, 0x000000008cc00000| Untracked 
| 205|0x000000008cd00000, 0x000000008cd00000, 0x000000008ce00000|  0%| F|  |TAMS 0x000000008cd00000, 0x000000008cd00000| Untracked 
| 206|0x000000008ce00000, 0x000000008ce00000, 0x000000008cf00000|  0%| F|  |TAMS 0x000000008ce00000, 0x000000008ce00000| Untracked 
| 207|0x000000008cf00000, 0x000000008cf00000, 0x000000008d000000|  0%| F|  |TAMS 0x000000008cf00000, 0x000000008cf00000| Untracked 
| 208|0x000000008d000000, 0x000000008d000000, 0x000000008d100000|  0%| F|  |TAMS 0x000000008d000000, 0x000000008d000000| Untracked 
| 209|0x000000008d100000, 0x000000008d100000, 0x000000008d200000|  0%| F|  |TAMS 0x000000008d100000, 0x000000008d100000| Untracked 
| 210|0x000000008d200000, 0x000000008d300000, 0x000000008d300000|100%| E|  |TAMS 0x000000008d200000, 0x000000008d200000| Complete 
| 211|0x000000008d300000, 0x000000008d400000, 0x000000008d400000|100%| E|CS|TAMS 0x000000008d300000, 0x000000008d300000| Complete 
| 212|0x000000008d400000, 0x000000008d500000, 0x000000008d500000|100%| E|CS|TAMS 0x000000008d400000, 0x000000008d400000| Complete 
| 213|0x000000008d500000, 0x000000008d600000, 0x000000008d600000|100%| E|CS|TAMS 0x000000008d500000, 0x000000008d500000| Complete 
| 214|0x000000008d600000, 0x000000008d700000, 0x000000008d700000|100%| E|CS|TAMS 0x000000008d600000, 0x000000008d600000| Complete 
| 215|0x000000008d700000, 0x000000008d800000, 0x000000008d800000|100%| E|CS|TAMS 0x000000008d700000, 0x000000008d700000| Complete 
| 216|0x000000008d800000, 0x000000008d900000, 0x000000008d900000|100%| E|CS|TAMS 0x000000008d800000, 0x000000008d800000| Complete 
| 217|0x000000008d900000, 0x000000008da00000, 0x000000008da00000|100%| E|CS|TAMS 0x000000008d900000, 0x000000008d900000| Complete 
| 218|0x000000008da00000, 0x000000008db00000, 0x000000008db00000|100%| E|CS|TAMS 0x000000008da00000, 0x000000008da00000| Complete 
| 219|0x000000008db00000, 0x000000008dc00000, 0x000000008dc00000|100%| E|CS|TAMS 0x000000008db00000, 0x000000008db00000| Complete 
| 220|0x000000008dc00000, 0x000000008dd00000, 0x000000008dd00000|100%| E|CS|TAMS 0x000000008dc00000, 0x000000008dc00000| Complete 
| 221|0x000000008dd00000, 0x000000008de00000, 0x000000008de00000|100%| E|CS|TAMS 0x000000008dd00000, 0x000000008dd00000| Complete 
| 222|0x000000008de00000, 0x000000008df00000, 0x000000008df00000|100%| E|CS|TAMS 0x000000008de00000, 0x000000008de00000| Complete 
| 223|0x000000008df00000, 0x000000008e000000, 0x000000008e000000|100%| E|CS|TAMS 0x000000008df00000, 0x000000008df00000| Complete 
| 224|0x000000008e000000, 0x000000008e100000, 0x000000008e100000|100%| E|CS|TAMS 0x000000008e000000, 0x000000008e000000| Complete 
| 225|0x000000008e100000, 0x000000008e200000, 0x000000008e200000|100%| E|CS|TAMS 0x000000008e100000, 0x000000008e100000| Complete 
| 226|0x000000008e200000, 0x000000008e300000, 0x000000008e300000|100%| E|CS|TAMS 0x000000008e200000, 0x000000008e200000| Complete 
| 227|0x000000008e300000, 0x000000008e400000, 0x000000008e400000|100%| E|CS|TAMS 0x000000008e300000, 0x000000008e300000| Complete 
| 228|0x000000008e400000, 0x000000008e500000, 0x000000008e500000|100%| E|CS|TAMS 0x000000008e400000, 0x000000008e400000| Complete 
| 229|0x000000008e500000, 0x000000008e600000, 0x000000008e600000|100%| E|CS|TAMS 0x000000008e500000, 0x000000008e500000| Complete 
| 230|0x000000008e600000, 0x000000008e700000, 0x000000008e700000|100%| E|CS|TAMS 0x000000008e600000, 0x000000008e600000| Complete 
| 231|0x000000008e700000, 0x000000008e800000, 0x000000008e800000|100%| E|CS|TAMS 0x000000008e700000, 0x000000008e700000| Complete 
| 232|0x000000008e800000, 0x000000008e900000, 0x000000008e900000|100%| E|CS|TAMS 0x000000008e800000, 0x000000008e800000| Complete 
| 233|0x000000008e900000, 0x000000008ea00000, 0x000000008ea00000|100%| E|CS|TAMS 0x000000008e900000, 0x000000008e900000| Complete 
| 234|0x000000008ea00000, 0x000000008eb00000, 0x000000008eb00000|100%| E|CS|TAMS 0x000000008ea00000, 0x000000008ea00000| Complete 
| 235|0x000000008eb00000, 0x000000008ec00000, 0x000000008ec00000|100%| E|CS|TAMS 0x000000008eb00000, 0x000000008eb00000| Complete 
| 236|0x000000008ec00000, 0x000000008ed00000, 0x000000008ed00000|100%| E|CS|TAMS 0x000000008ec00000, 0x000000008ec00000| Complete 
| 237|0x000000008ed00000, 0x000000008ee00000, 0x000000008ee00000|100%| E|CS|TAMS 0x000000008ed00000, 0x000000008ed00000| Complete 
| 238|0x000000008ee00000, 0x000000008ef00000, 0x000000008ef00000|100%| E|CS|TAMS 0x000000008ee00000, 0x000000008ee00000| Complete 
| 239|0x000000008ef00000, 0x000000008f000000, 0x000000008f000000|100%| E|CS|TAMS 0x000000008ef00000, 0x000000008ef00000| Complete 
| 240|0x000000008f000000, 0x000000008f100000, 0x000000008f100000|100%| E|CS|TAMS 0x000000008f000000, 0x000000008f000000| Complete 
| 241|0x000000008f100000, 0x000000008f200000, 0x000000008f200000|100%| E|CS|TAMS 0x000000008f100000, 0x000000008f100000| Complete 
| 242|0x000000008f200000, 0x000000008f300000, 0x000000008f300000|100%| E|CS|TAMS 0x000000008f200000, 0x000000008f200000| Complete 
| 243|0x000000008f300000, 0x000000008f400000, 0x000000008f400000|100%| E|CS|TAMS 0x000000008f300000, 0x000000008f300000| Complete 
| 244|0x000000008f400000, 0x000000008f500000, 0x000000008f500000|100%| E|CS|TAMS 0x000000008f400000, 0x000000008f400000| Complete 
| 245|0x000000008f500000, 0x000000008f600000, 0x000000008f600000|100%| E|CS|TAMS 0x000000008f500000, 0x000000008f500000| Complete 
| 246|0x000000008f600000, 0x000000008f700000, 0x000000008f700000|100%| E|CS|TAMS 0x000000008f600000, 0x000000008f600000| Complete 
| 247|0x000000008f700000, 0x000000008f800000, 0x000000008f800000|100%| E|CS|TAMS 0x000000008f700000, 0x000000008f700000| Complete 
| 248|0x000000008f800000, 0x000000008f900000, 0x000000008f900000|100%| E|CS|TAMS 0x000000008f800000, 0x000000008f800000| Complete 
| 249|0x000000008f900000, 0x000000008fa00000, 0x000000008fa00000|100%| E|CS|TAMS 0x000000008f900000, 0x000000008f900000| Complete 
| 250|0x000000008fa00000, 0x000000008fb00000, 0x000000008fb00000|100%| E|CS|TAMS 0x000000008fa00000, 0x000000008fa00000| Complete 
| 251|0x000000008fb00000, 0x000000008fc00000, 0x000000008fc00000|100%| E|CS|TAMS 0x000000008fb00000, 0x000000008fb00000| Complete 
| 252|0x000000008fc00000, 0x000000008fd00000, 0x000000008fd00000|100%| E|CS|TAMS 0x000000008fc00000, 0x000000008fc00000| Complete 
| 253|0x000000008fd00000, 0x000000008fe00000, 0x000000008fe00000|100%| E|CS|TAMS 0x000000008fd00000, 0x000000008fd00000| Complete 
| 254|0x000000008fe00000, 0x000000008ff00000, 0x000000008ff00000|100%| E|CS|TAMS 0x000000008fe00000, 0x000000008fe00000| Complete 
| 255|0x000000008ff00000, 0x0000000090000000, 0x0000000090000000|100%| E|CS|TAMS 0x000000008ff00000, 0x000000008ff00000| Complete 

Card table byte_map: [0x000001cba8140000,0x000001cba8540000] _byte_map_base: 0x000001cba7d40000

Marking Bits (Prev, Next): (CMBitMap*) 0x000001cb945ef828, (CMBitMap*) 0x000001cb945ef860
 Prev Bits: [0x000001cba8940000, 0x000001cbaa940000)
 Next Bits: [0x000001cbaa940000, 0x000001cbac940000)

Polling page: 0x000001cb92b70000

Metaspace:

Usage:
  Non-class:     79.22 MB capacity,    77.49 MB ( 98%) used,     1.40 MB (  2%) free+waste,   330.44 KB ( <1%) overhead. 
      Class:     12.64 MB capacity,    11.60 MB ( 92%) used,   916.02 KB (  7%) free+waste,   150.56 KB (  1%) overhead. 
       Both:     91.86 MB capacity,    89.10 MB ( 97%) used,     2.29 MB (  2%) free+waste,   481.00 KB ( <1%) overhead. 

Virtual space:
  Non-class space:       80.00 MB reserved,      79.43 MB (>99%) committed 
      Class space:        1.00 GB reserved,      12.70 MB (  1%) committed 
             Both:        1.08 GB reserved,      92.13 MB (  8%) committed 

Chunk freelists:
   Non-Class:  2.00 KB
       Class:  0 bytes
        Both:  2.00 KB

MaxMetaspaceSize: 17179869184.00 GB
CompressedClassSpaceSize: 1.00 GB
Initial GC threshold: 20.80 MB
Current GC threshold: 111.05 MB
CDS: off

CodeHeap 'non-profiled nmethods': size=120000Kb used=7871Kb max_used=7871Kb free=112128Kb
 bounds [0x000001cb9fb90000, 0x000001cba0340000, 0x000001cba70c0000]
CodeHeap 'profiled nmethods': size=120000Kb used=26428Kb max_used=26428Kb free=93571Kb
 bounds [0x000001cb98660000, 0x000001cb9a030000, 0x000001cb9fb90000]
CodeHeap 'non-nmethods': size=5760Kb used=2381Kb max_used=2428Kb free=3378Kb
 bounds [0x000001cb980c0000, 0x000001cb98340000, 0x000001cb98660000]
 total_blobs=13745 nmethods=12850 adapters=807
 compilation: enabled
              stopped_count=0, restarted_count=0
 full_count=0

Compilation events (20 events):
Event: 26.628 Thread 0x000001cbaff33800 12906       3       com.esotericsoftware.kryo.io.Input::require (220 bytes)
Event: 26.629 Thread 0x000001cbaff33800 nmethod 12906 0x000001cb9a01e490 code [0x000001cb9a01e760, 0x000001cb9a01f458]
Event: 26.629 Thread 0x000001cbaff33800 12903       3       org.gradle.internal.component.external.model.AbstractLazyModuleComponentResolveMetadata::getStatusScheme (5 bytes)
Event: 26.629 Thread 0x000001cbaff33800 nmethod 12903 0x000001cb9a01f910 code [0x000001cb9a01fac0, 0x000001cb9a01fbd8]
Event: 26.629 Thread 0x000001cbaff33800 12904       3       org.gradle.internal.component.external.model.AbstractLazyModuleComponentResolveMetadata::getStatus (5 bytes)
Event: 26.629 Thread 0x000001cbaff33800 nmethod 12904 0x000001cb9a01fc90 code [0x000001cb9a01fe60, 0x000001cb9a020168]
Event: 26.629 Thread 0x000001cbaff33800 12905       3       org.gradle.internal.component.external.model.AbstractModuleComponentResolveMetadata::getStatus (16 bytes)
Event: 26.629 Thread 0x000001cbaff33800 nmethod 12905 0x000001cb9a020290 code [0x000001cb9a020460, 0x000001cb9a020708]
Event: 26.632 Thread 0x000001cbaff33800 12908       3       org.gradle.internal.component.model.MultipleCandidateMatcher::setRequestedValue (8 bytes)
Event: 26.633 Thread 0x000001cbaff33800 nmethod 12908 0x000001cb9a020810 code [0x000001cb9a0209e0, 0x000001cb9a020c78]
Event: 26.645 Thread 0x000001cbaff33800 12910       3       org.gradle.api.internal.artifacts.ivyservice.ivyresolve.strategy.VersionParser$DefaultVersion::<init> (89 bytes)
Event: 26.645 Thread 0x000001cbaff33800 nmethod 12910 0x000001cb9a020d90 code [0x000001cb9a020fc0, 0x000001cb9a0219c8]
Event: 26.645 Thread 0x000001cbaff33800 12913   !   3       java.io.FileInputStream::getFinalizer (42 bytes)
Event: 26.646 Thread 0x000001cbaff33800 nmethod 12913 0x000001cb9a021d10 code [0x000001cb9a021f00, 0x000001cb9a0222e8]
Event: 26.646 Thread 0x000001cbaff33800 12911       3       java.io.FileInputStream::<init> (122 bytes)
Event: 26.646 Thread 0x000001cbaff33800 nmethod 12911 0x000001cb9a022590 code [0x000001cb9a022880, 0x000001cb9a023718]
Event: 26.646 Thread 0x000001cbaff33800 12912       3       java.io.FileInputStream::open (6 bytes)
Event: 26.646 Thread 0x000001cbaff33800 nmethod 12912 0x000001cb9a023c90 code [0x000001cb9a023e40, 0x000001cb9a023f68]
Event: 26.653 Thread 0x000001cbaff33800 12916       2       org.gradle.internal.component.external.model.LazyVariantBackedConfigurationMetadata::getDependencies (31 bytes)
Event: 26.653 Thread 0x000001cbaff33800 nmethod 12916 0x000001cb9a024010 code [0x000001cb9a0241c0, 0x000001cb9a024388]

GC Heap History (20 events):
Event: 2.678 GC heap before
{Heap before GC invocations=4 (full 0):
 garbage-first heap   total 262144K, used 101058K [0x0000000080000000, 0x0000000100000000)
  region size 1024K, 83 young (84992K), 2 survivors (2048K)
 Metaspace       used 35021K, capacity 35823K, committed 35920K, reserved 1081344K
  class space    used 4555K, capacity 4875K, committed 4944K, reserved 1048576K
}
Event: 2.683 GC heap after
{Heap after GC invocations=5 (full 0):
 garbage-first heap   total 262144K, used 22904K [0x0000000080000000, 0x0000000100000000)
  region size 1024K, 6 young (6144K), 6 survivors (6144K)
 Metaspace       used 35021K, capacity 35823K, committed 35920K, reserved 1081344K
  class space    used 4555K, capacity 4875K, committed 4944K, reserved 1048576K
}
Event: 3.533 GC heap before
{Heap before GC invocations=6 (full 0):
 garbage-first heap   total 262144K, used 145784K [0x0000000080000000, 0x0000000100000000)
  region size 1024K, 123 young (125952K), 6 survivors (6144K)
 Metaspace       used 45054K, capacity 46098K, committed 46160K, reserved 1089536K
  class space    used 5811K, capacity 6196K, committed 6224K, reserved 1048576K
}
Event: 3.540 GC heap after
{Heap after GC invocations=7 (full 0):
 garbage-first heap   total 262144K, used 30225K [0x0000000080000000, 0x0000000100000000)
  region size 1024K, 13 young (13312K), 13 survivors (13312K)
 Metaspace       used 45054K, capacity 46098K, committed 46160K, reserved 1089536K
  class space    used 5811K, capacity 6196K, committed 6224K, reserved 1048576K
}
Event: 4.430 GC heap before
{Heap before GC invocations=7 (full 0):
 garbage-first heap   total 262144K, used 176657K [0x0000000080000000, 0x0000000100000000)
  region size 1024K, 153 young (156672K), 13 survivors (13312K)
 Metaspace       used 54464K, capacity 55845K, committed 56016K, reserved 1097728K
  class space    used 7011K, capacity 7533K, committed 7632K, reserved 1048576K
}
Event: 4.440 GC heap after
{Heap after GC invocations=8 (full 0):
 garbage-first heap   total 262144K, used 45098K [0x0000000080000000, 0x0000000100000000)
  region size 1024K, 18 young (18432K), 18 survivors (18432K)
 Metaspace       used 54464K, capacity 55845K, committed 56016K, reserved 1097728K
  class space    used 7011K, capacity 7533K, committed 7632K, reserved 1048576K
}
Event: 4.690 GC heap before
{Heap before GC invocations=8 (full 0):
 garbage-first heap   total 262144K, used 70698K [0x0000000080000000, 0x0000000100000000)
  region size 1024K, 44 young (45056K), 18 survivors (18432K)
 Metaspace       used 58682K, capacity 60170K, committed 60296K, reserved 1101824K
  class space    used 7505K, capacity 8055K, committed 8144K, reserved 1048576K
}
Event: 4.708 GC heap after
{Heap after GC invocations=9 (full 0):
 garbage-first heap   total 262144K, used 47606K [0x0000000080000000, 0x0000000100000000)
  region size 1024K, 3 young (3072K), 3 survivors (3072K)
 Metaspace       used 58682K, capacity 60170K, committed 60296K, reserved 1101824K
  class space    used 7505K, capacity 8055K, committed 8144K, reserved 1048576K
}
Event: 5.439 GC heap before
{Heap before GC invocations=10 (full 0):
 garbage-first heap   total 262144K, used 164342K [0x0000000080000000, 0x0000000100000000)
  region size 1024K, 117 young (119808K), 3 survivors (3072K)
 Metaspace       used 66192K, capacity 67856K, committed 67976K, reserved 1107968K
  class space    used 8470K, capacity 9108K, committed 9168K, reserved 1048576K
}
Event: 5.448 GC heap after
{Heap after GC invocations=11 (full 0):
 garbage-first heap   total 262144K, used 54853K [0x0000000080000000, 0x0000000100000000)
  region size 1024K, 10 young (10240K), 10 survivors (10240K)
 Metaspace       used 66192K, capacity 67856K, committed 67976K, reserved 1107968K
  class space    used 8470K, capacity 9108K, committed 9168K, reserved 1048576K
}
Event: 6.446 GC heap before
{Heap before GC invocations=12 (full 0):
 garbage-first heap   total 262144K, used 174661K [0x0000000080000000, 0x0000000100000000)
  region size 1024K, 127 young (130048K), 10 survivors (10240K)
 Metaspace       used 78478K, capacity 80257K, committed 80392K, reserved 1118208K
  class space    used 10287K, capacity 10959K, committed 11088K, reserved 1048576K
}
Event: 6.454 GC heap after
{Heap after GC invocations=13 (full 0):
 garbage-first heap   total 262144K, used 62788K [0x0000000080000000, 0x0000000100000000)
  region size 1024K, 8 young (8192K), 8 survivors (8192K)
 Metaspace       used 78478K, capacity 80257K, committed 80392K, reserved 1118208K
  class space    used 10287K, capacity 10959K, committed 11088K, reserved 1048576K
}
Event: 7.003 GC heap before
{Heap before GC invocations=13 (full 0):
 garbage-first heap   total 262144K, used 181572K [0x0000000080000000, 0x0000000100000000)
  region size 1024K, 125 young (128000K), 8 survivors (8192K)
 Metaspace       used 82554K, capacity 85081K, committed 85256K, reserved 1122304K
  class space    used 10986K, capacity 11986K, committed 12112K, reserved 1048576K
}
Event: 7.010 GC heap after
{Heap after GC invocations=14 (full 0):
 garbage-first heap   total 262144K, used 70414K [0x0000000080000000, 0x0000000100000000)
  region size 1024K, 16 young (16384K), 16 survivors (16384K)
 Metaspace       used 82554K, capacity 85081K, committed 85256K, reserved 1122304K
  class space    used 10986K, capacity 11986K, committed 12112K, reserved 1048576K
}
Event: 7.291 GC heap before
{Heap before GC invocations=14 (full 0):
 garbage-first heap   total 262144K, used 188174K [0x0000000080000000, 0x0000000100000000)
  region size 1024K, 132 young (135168K), 16 survivors (16384K)
 Metaspace       used 83222K, capacity 85839K, committed 86024K, reserved 1124352K
  class space    used 11031K, capacity 12014K, committed 12112K, reserved 1048576K
}
Event: 7.302 GC heap after
{Heap after GC invocations=15 (full 0):
 garbage-first heap   total 262144K, used 78182K [0x0000000080000000, 0x0000000100000000)
  region size 1024K, 16 young (16384K), 16 survivors (16384K)
 Metaspace       used 83222K, capacity 85839K, committed 86024K, reserved 1124352K
  class space    used 11031K, capacity 12014K, committed 12112K, reserved 1048576K
}
Event: 15.195 GC heap before
{Heap before GC invocations=15 (full 0):
 garbage-first heap   total 262144K, used 195942K [0x0000000080000000, 0x0000000100000000)
  region size 1024K, 132 young (135168K), 16 survivors (16384K)
 Metaspace       used 84955K, capacity 87603K, committed 87688K, reserved 1124352K
  class space    used 11166K, capacity 12182K, committed 12240K, reserved 1048576K
}
Event: 15.207 GC heap after
{Heap after GC invocations=16 (full 0):
 garbage-first heap   total 262144K, used 86417K [0x0000000080000000, 0x0000000100000000)
  region size 1024K, 17 young (17408K), 17 survivors (17408K)
 Metaspace       used 84955K, capacity 87603K, committed 87688K, reserved 1124352K
  class space    used 11166K, capacity 12182K, committed 12240K, reserved 1048576K
}
Event: 21.153 GC heap before
{Heap before GC invocations=16 (full 0):
 garbage-first heap   total 262144K, used 199057K [0x0000000080000000, 0x0000000100000000)
  region size 1024K, 128 young (131072K), 17 survivors (17408K)
 Metaspace       used 89159K, capacity 91907K, committed 92040K, reserved 1128448K
  class space    used 11632K, capacity 12650K, committed 12752K, reserved 1048576K
}
Event: 21.163 GC heap after
{Heap after GC invocations=17 (full 0):
 garbage-first heap   total 262144K, used 89384K [0x0000000080000000, 0x0000000100000000)
  region size 1024K, 10 young (10240K), 10 survivors (10240K)
 Metaspace       used 89159K, capacity 91907K, committed 92040K, reserved 1128448K
  class space    used 11632K, capacity 12650K, committed 12752K, reserved 1048576K
}

Deoptimization events (20 events):
Event: 21.611 Thread 0x000001cbb2a32000 Uncommon trap: trap_request=0xffffffde fr.pc=0x000001cb9fbb0764 relative=0x00000000000001c4
Event: 21.611 Thread 0x000001cbb2a32000 Uncommon trap: reason=class_check action=maybe_recompile pc=0x000001cb9fbb0764 method=java.lang.String.equals(Ljava/lang/Object;)Z @ 8 c2
Event: 21.611 Thread 0x000001cbb2a32000 DEOPT PACKING pc=0x000001cb9fbb0764 sp=0x00000004a35fc610
Event: 21.611 Thread 0x000001cbb2a32000 DEOPT UNPACKING pc=0x000001cb9810a1af sp=0x00000004a35fc5b8 mode 2
Event: 21.611 Thread 0x000001cbb2a32000 Uncommon trap: trap_request=0xffffffde fr.pc=0x000001cb9fbb0764 relative=0x00000000000001c4
Event: 21.611 Thread 0x000001cbb2a32000 Uncommon trap: reason=class_check action=maybe_recompile pc=0x000001cb9fbb0764 method=java.lang.String.equals(Ljava/lang/Object;)Z @ 8 c2
Event: 21.611 Thread 0x000001cbb2a32000 DEOPT PACKING pc=0x000001cb9fbb0764 sp=0x00000004a35fc610
Event: 21.611 Thread 0x000001cbb2a32000 DEOPT UNPACKING pc=0x000001cb9810a1af sp=0x00000004a35fc5b8 mode 2
Event: 21.614 Thread 0x000001cbb2a32000 Uncommon trap: trap_request=0xffffff4d fr.pc=0x000001cba013c80c relative=0x000000000000016c
Event: 21.614 Thread 0x000001cbb2a32000 Uncommon trap: reason=unstable_if action=reinterpret pc=0x000001cba013c80c method=org.gradle.internal.io.StreamByteBuffer.prepareRead()I @ 30 c2
Event: 21.614 Thread 0x000001cbb2a32000 DEOPT PACKING pc=0x000001cba013c80c sp=0x00000004a35fd980
Event: 21.614 Thread 0x000001cbb2a32000 DEOPT UNPACKING pc=0x000001cb9810a1af sp=0x00000004a35fd930 mode 2
Event: 21.649 Thread 0x000001cbb1e2c000 Uncommon trap: trap_request=0xffffff4d fr.pc=0x000001cba0324890 relative=0x0000000000001150
Event: 21.649 Thread 0x000001cbb1e2c000 Uncommon trap: reason=unstable_if action=reinterpret pc=0x000001cba0324890 method=java.io.ObjectStreamClass$FieldReflector.getPrimFieldValues(Ljava/lang/Object;[B)V @ 44 c2
Event: 21.649 Thread 0x000001cbb1e2c000 DEOPT PACKING pc=0x000001cba0324890 sp=0x00000004a32fd250
Event: 21.649 Thread 0x000001cbb1e2c000 DEOPT UNPACKING pc=0x000001cb9810a1af sp=0x00000004a32fd128 mode 2
Event: 21.664 Thread 0x000001cbb5855800 Uncommon trap: trap_request=0xffffff4d fr.pc=0x000001cb9ffec5b0 relative=0x00000000000001f0
Event: 21.664 Thread 0x000001cbb5855800 Uncommon trap: reason=unstable_if action=reinterpret pc=0x000001cb9ffec5b0 method=com.esotericsoftware.kryo.io.Input.require(I)I @ 180 c2
Event: 21.664 Thread 0x000001cbb5855800 DEOPT PACKING pc=0x000001cb9ffec5b0 sp=0x00000004a33fe600
Event: 21.664 Thread 0x000001cbb5855800 DEOPT UNPACKING pc=0x000001cb9810a1af sp=0x00000004a33fe5a8 mode 2

Classes redefined (0 events):
No events

Internal exceptions (20 events):
Event: 21.302 Thread 0x000001cbb5277800 Exception <a 'java/lang/NoSuchMethodError'{0x000000008edd2c80}: 'java.lang.Object java.lang.invoke.DirectMethodHandle$Holder.invokeStatic(java.lang.Object, long)'> (0x000000008edd2c80) thrown at [./src/hotspot/share/interpreter/linkResolver.cpp, line 773]
Event: 21.303 Thread 0x000001cbb5277800 Exception <a 'java/lang/NoSuchMethodError'{0x000000008ede0fe8}: 'java.lang.Object java.lang.invoke.DirectMethodHandle$Holder.invokeStaticInit(java.lang.Object, java.lang.Object, long, java.lang.Object)'> (0x000000008ede0fe8) thrown at [./src/hotspot/share/interpreter/linkResolver.cpp, line 773]
Event: 21.303 Thread 0x000001cbb5277800 Exception <a 'java/lang/NoSuchMethodError'{0x000000008ede7180}: 'java.lang.Object java.lang.invoke.DirectMethodHandle$Holder.invokeStatic(java.lang.Object, java.lang.Object, long)'> (0x000000008ede7180) thrown at [./src/hotspot/share/interpreter/linkResolver.cpp, line 773]
Event: 21.304 Thread 0x000001cbb5277800 Exception <a 'java/lang/NoSuchMethodError'{0x000000008eded6f8}: 'java.lang.Object java.lang.invoke.Invokers$Holder.linkToTargetMethod(java.lang.Object, long, java.lang.Object)'> (0x000000008eded6f8) thrown at [./src/hotspot/share/interpreter/linkResolver.cpp, line 773]
Event: 21.367 Thread 0x000001cbb5277800 Exception <a 'java/lang/NoSuchMethodError'{0x000000008eb60798}: 'int java.lang.invoke.DirectMethodHandle$Holder.invokeSpecialIFC(java.lang.Object, java.lang.Object, java.lang.Object)'> (0x000000008eb60798) thrown at [./src/hotspot/share/interpreter/linkResolver.cpp, line 773]
Event: 21.533 Thread 0x000001cbb5277800 Exception <a 'java/io/IOException'{0x000000008eb74bf8}> (0x000000008eb74bf8) thrown at [./src/hotspot/share/prims/jni.cpp, line 615]
Event: 21.542 Thread 0x000001cbb38a3800 Exception <a 'java/lang/NoSuchMethodError'{0x000000008e94e790}: 'java.lang.Object java.lang.invoke.DirectMethodHandle$Holder.newInvokeSpecial(java.lang.Object, java.lang.Object, java.lang.Object, java.lang.Object)'> (0x000000008e94e790) thrown at [./src/hotspot/share/interpreter/linkResolver.cpp, line 773]
Event: 21.548 Thread 0x000001cbb585c000 Exception <a 'java/lang/NoSuchMethodError'{0x000000008e7c3068}: <clinit>> (0x000000008e7c3068) thrown at [./src/hotspot/share/prims/jni.cpp, line 1365]
Event: 21.550 Thread 0x000001cbb585c000 Exception <a 'java/lang/NoSuchMethodError'{0x000000008e6084c8}: <clinit>> (0x000000008e6084c8) thrown at [./src/hotspot/share/prims/jni.cpp, line 1365]
Event: 21.557 Thread 0x000001cbb2a32000 Exception <a 'sun/nio/fs/WindowsException'{0x000000008ea79578}> (0x000000008ea79578) thrown at [./src/hotspot/share/prims/jni.cpp, line 615]
Event: 21.557 Thread 0x000001cbb2a32000 Exception <a 'sun/nio/fs/WindowsException'{0x000000008ea795f8}> (0x000000008ea795f8) thrown at [./src/hotspot/share/prims/jni.cpp, line 615]
Event: 21.557 Thread 0x000001cbb2a32000 Exception <a 'sun/nio/fs/WindowsException'{0x000000008ea7aec0}> (0x000000008ea7aec0) thrown at [./src/hotspot/share/prims/jni.cpp, line 615]
Event: 21.650 Thread 0x000001cbb1e2c000 Exception <a 'java/lang/NoSuchMethodError'{0x000000008e0e9e00}: <clinit>> (0x000000008e0e9e00) thrown at [./src/hotspot/share/prims/jni.cpp, line 1365]
Event: 21.650 Thread 0x000001cbb1e2c000 Exception <a 'java/lang/NoSuchMethodError'{0x000000008e0fadf8}: <clinit>> (0x000000008e0fadf8) thrown at [./src/hotspot/share/prims/jni.cpp, line 1365]
Event: 21.651 Thread 0x000001cbb1e2c000 Exception <a 'java/lang/NoSuchMethodError'{0x000000008e0fc4e0}: <clinit>> (0x000000008e0fc4e0) thrown at [./src/hotspot/share/prims/jni.cpp, line 1365]
Event: 21.651 Thread 0x000001cbb1e2c000 Exception <a 'java/lang/NoSuchMethodError'{0x000000008df0eb70}: <clinit>> (0x000000008df0eb70) thrown at [./src/hotspot/share/prims/jni.cpp, line 1365]
Event: 21.651 Thread 0x000001cbb1e2c000 Exception <a 'java/lang/NoSuchMethodError'{0x000000008df1af40}: <clinit>> (0x000000008df1af40) thrown at [./src/hotspot/share/prims/jni.cpp, line 1365]
Event: 21.655 Thread 0x000001cbb1e2c000 Exception <a 'java/lang/NoSuchMethodError'{0x000000008df32ce8}: <clinit>> (0x000000008df32ce8) thrown at [./src/hotspot/share/prims/jni.cpp, line 1365]
Event: 21.656 Thread 0x000001cbb1e2c000 Exception <a 'java/lang/NoSuchMethodError'{0x000000008df4b840}: <clinit>> (0x000000008df4b840) thrown at [./src/hotspot/share/prims/jni.cpp, line 1365]
Event: 21.657 Thread 0x000001cbb1e2c000 Exception <a 'java/lang/NoSuchMethodError'{0x000000008df5a3d0}: <clinit>> (0x000000008df5a3d0) thrown at [./src/hotspot/share/prims/jni.cpp, line 1365]

Events (20 events):
Event: 21.664 Executing VM operation: RevokeBias
Event: 21.664 Executing VM operation: RevokeBias done
Event: 21.664 Executing VM operation: RevokeBias
Event: 21.665 Executing VM operation: RevokeBias done
Event: 21.665 Thread 0x000001cbb5855800 Thread exited: 0x000001cbb5855800
Event: 22.922 Thread 0x000001cbb5276000 Thread exited: 0x000001cbb5276000
Event: 23.921 Thread 0x000001cbb5857000 Thread exited: 0x000001cbb5857000
Event: 26.552 Thread 0x000001cbb5859000 Thread added: 0x000001cbb5859000
Event: 26.553 Thread 0x000001cbb5858000 Thread added: 0x000001cbb5858000
Event: 26.557 Thread 0x000001cbb5859800 Thread added: 0x000001cbb5859800
Event: 26.558 Thread 0x000001cbb5857000 Thread added: 0x000001cbb5857000
Event: 26.558 Thread 0x000001cbb5854000 Thread added: 0x000001cbb5854000
Event: 26.561 Thread 0x000001cbb5855000 Thread added: 0x000001cbb5855000
Event: 26.562 Thread 0x000001cbb585a800 Thread added: 0x000001cbb585a800
Event: 26.586 Thread 0x000001cbb5855800 Thread added: 0x000001cbb5855800
Event: 26.587 Thread 0x000001cbb585c000 Thread added: 0x000001cbb585c000
Event: 26.589 Thread 0x000001cbb585b800 Thread added: 0x000001cbb585b800
Event: 26.591 Thread 0x000001cbb5856800 Thread added: 0x000001cbb5856800
Event: 26.597 Thread 0x000001cbb5862800 Thread added: 0x000001cbb5862800
Event: 26.612 Thread 0x000001cbb585f800 Thread added: 0x000001cbb585f800


Dynamic libraries:
0x00007ff60bfb0000 - 0x00007ff60bfba000 	C:\Program Files\Android\Android Studio\jre\bin\java.exe
0x00007ff81f830000 - 0x00007ff81fa28000 	C:\WINDOWS\SYSTEM32\ntdll.dll
0x00007ff81d890000 - 0x00007ff81d94d000 	C:\WINDOWS\System32\KERNEL32.DLL
0x00007ff81d040000 - 0x00007ff81d312000 	C:\WINDOWS\System32\KERNELBASE.dll
0x00007ff81cf40000 - 0x00007ff81d040000 	C:\WINDOWS\System32\ucrtbase.dll
0x00007ff80b050000 - 0x00007ff80b069000 	C:\Program Files\Android\Android Studio\jre\bin\jli.dll
0x00007ff80a3e0000 - 0x00007ff80a3f7000 	C:\Program Files\Android\Android Studio\jre\bin\VCRUNTIME140.dll
0x00007ff81e460000 - 0x00007ff81e5fd000 	C:\WINDOWS\System32\USER32.dll
0x00007ff81d320000 - 0x00007ff81d342000 	C:\WINDOWS\System32\win32u.dll
0x00007ff806620000 - 0x00007ff8068ba000 	C:\WINDOWS\WinSxS\amd64_microsoft.windows.common-controls_6595b64144ccf1df_6.0.19041.1110_none_60b5254171f9507e\COMCTL32.dll
0x00007ff81f070000 - 0x00007ff81f09b000 	C:\WINDOWS\System32\GDI32.dll
0x00007ff81d690000 - 0x00007ff81d79f000 	C:\WINDOWS\System32\gdi32full.dll
0x00007ff81f750000 - 0x00007ff81f7ee000 	C:\WINDOWS\System32\msvcrt.dll
0x00007ff81d350000 - 0x00007ff81d3ed000 	C:\WINDOWS\System32\msvcp_win.dll
0x00007ff81f580000 - 0x00007ff81f5b0000 	C:\WINDOWS\System32\IMM32.DLL
0x00007ffff78b0000 - 0x00007ffff794d000 	C:\Program Files\Android\Android Studio\jre\bin\msvcp140.dll
0x00007fffd4060000 - 0x00007fffd4b45000 	C:\Program Files\Android\Android Studio\jre\bin\server\jvm.dll
0x00007ff81e7d0000 - 0x00007ff81e87e000 	C:\WINDOWS\System32\ADVAPI32.dll
0x00007ff81e680000 - 0x00007ff81e71c000 	C:\WINDOWS\System32\sechost.dll
0x00007ff81e8b0000 - 0x00007ff81e9d5000 	C:\WINDOWS\System32\RPCRT4.dll
0x00007ff81e450000 - 0x00007ff81e458000 	C:\WINDOWS\System32\PSAPI.DLL
0x00007ff805b00000 - 0x00007ff805b27000 	C:\WINDOWS\SYSTEM32\WINMM.dll
0x00007ff817ca0000 - 0x00007ff817ca9000 	C:\WINDOWS\SYSTEM32\WSOCK32.dll
0x00007ff8173b0000 - 0x00007ff8173ba000 	C:\WINDOWS\SYSTEM32\VERSION.dll
0x00007ff81f6e0000 - 0x00007ff81f74b000 	C:\WINDOWS\System32\WS2_32.dll
0x00007ff81b790000 - 0x00007ff81b7a2000 	C:\WINDOWS\SYSTEM32\kernel.appcore.dll
0x00007ff8178c0000 - 0x00007ff8178d1000 	C:\Program Files\Android\Android Studio\jre\bin\verify.dll
0x00007ff81ad00000 - 0x00007ff81aee4000 	C:\WINDOWS\SYSTEM32\DBGHELP.DLL
0x00007ff809af0000 - 0x00007ff809b1c000 	C:\WINDOWS\SYSTEM32\dbgcore.DLL
0x00007ff81d600000 - 0x00007ff81d682000 	C:\WINDOWS\System32\bcryptPrimitives.dll
0x00007ff8177b0000 - 0x00007ff8177d9000 	C:\Program Files\Android\Android Studio\jre\bin\java.dll
0x00007ff8178b0000 - 0x00007ff8178bb000 	C:\Program Files\Android\Android Studio\jre\bin\jimage.dll
0x00007ff817840000 - 0x00007ff817858000 	C:\Program Files\Android\Android Studio\jre\bin\zip.dll
0x00007ff81db00000 - 0x00007ff81e243000 	C:\WINDOWS\System32\SHELL32.dll
0x00007ff81aef0000 - 0x00007ff81b681000 	C:\WINDOWS\SYSTEM32\windows.storage.dll
0x00007ff81f0a0000 - 0x00007ff81f3f4000 	C:\WINDOWS\System32\combase.dll
0x00007ff81c8c0000 - 0x00007ff81c8f0000 	C:\WINDOWS\SYSTEM32\Wldp.dll
0x00007ff81e720000 - 0x00007ff81e7cd000 	C:\WINDOWS\System32\SHCORE.dll
0x00007ff81e3e0000 - 0x00007ff81e435000 	C:\WINDOWS\System32\shlwapi.dll
0x00007ff81ce80000 - 0x00007ff81ce9f000 	C:\WINDOWS\SYSTEM32\profapi.dll
0x00007ff816990000 - 0x00007ff8169aa000 	C:\Program Files\Android\Android Studio\jre\bin\net.dll
0x00007ff80fc00000 - 0x00007ff80fd0d000 	C:\WINDOWS\SYSTEM32\WINHTTP.dll
0x00007ff81c620000 - 0x00007ff81c68a000 	C:\WINDOWS\system32\mswsock.dll
0x00007ff816970000 - 0x00007ff816984000 	C:\Program Files\Android\Android Studio\jre\bin\nio.dll
0x00007ffff7f50000 - 0x00007ffff7f77000 	C:\Users\tjain\.gradle\native\e1d6ef7f7dcc3fd88c89a11ec53ec762bb8ba0a96d01ffa2cd45eb1d1d8dd5c5\windows-amd64\native-platform.dll
0x00007ffff7040000 - 0x00007ffff7184000 	C:\Users\tjain\.gradle\native\5664cfc778a61ccfe75a443a1ab52a65af34e5dc3c78e0209fed803814484fcb\windows-amd64\native-platform-file-events.dll
0x00007ff8178a0000 - 0x00007ff8178aa000 	C:\Program Files\Android\Android Studio\jre\bin\management.dll
0x00007ff8177a0000 - 0x00007ff8177ad000 	C:\Program Files\Android\Android Studio\jre\bin\management_ext.dll
0x00007ff81c810000 - 0x00007ff81c828000 	C:\WINDOWS\SYSTEM32\CRYPTSP.dll
0x00007ff81bf40000 - 0x00007ff81bf74000 	C:\WINDOWS\system32\rsaenh.dll
0x00007ff81d860000 - 0x00007ff81d887000 	C:\WINDOWS\System32\bcrypt.dll
0x00007ff81ce40000 - 0x00007ff81ce6e000 	C:\WINDOWS\SYSTEM32\USERENV.dll
0x00007ff81c830000 - 0x00007ff81c83c000 	C:\WINDOWS\SYSTEM32\CRYPTBASE.dll
0x00007ff81c310000 - 0x00007ff81c34b000 	C:\WINDOWS\SYSTEM32\IPHLPAPI.DLL
0x00007ff81e880000 - 0x00007ff81e888000 	C:\WINDOWS\System32\NSI.dll
0x00007ff815740000 - 0x00007ff815757000 	C:\WINDOWS\SYSTEM32\dhcpcsvc6.DLL
0x00007ff815ca0000 - 0x00007ff815cbd000 	C:\WINDOWS\SYSTEM32\dhcpcsvc.DLL
0x00007ff81c350000 - 0x00007ff81c41a000 	C:\WINDOWS\SYSTEM32\DNSAPI.dll

dbghelp: loaded successfully - version: 4.0.5 - missing functions: none
symbol engine: initialized successfully - sym options: 0x614 - pdb path: .;C:\Program Files\Android\Android Studio\jre\bin;C:\WINDOWS\SYSTEM32;C:\WINDOWS\WinSxS\amd64_microsoft.windows.common-controls_6595b64144ccf1df_6.0.19041.1110_none_60b5254171f9507e;C:\Program Files\Android\Android Studio\jre\bin\server;C:\Users\tjain\.gradle\native\e1d6ef7f7dcc3fd88c89a11ec53ec762bb8ba0a96d01ffa2cd45eb1d1d8dd5c5\windows-amd64;C:\Users\tjain\.gradle\native\5664cfc778a61ccfe75a443a1ab52a65af34e5dc3c78e0209fed803814484fcb\windows-amd64

VM Arguments:
jvm_args: --add-opens=java.base/java.util=ALL-UNNAMED --add-opens=java.base/java.lang=ALL-UNNAMED --add-opens=java.base/java.lang.invoke=ALL-UNNAMED --add-opens=java.base/java.util=ALL-UNNAMED --add-opens=java.prefs/java.util.prefs=ALL-UNNAMED --add-opens=java.prefs/java.util.prefs=ALL-UNNAMED --add-opens=java.base/java.nio.charset=ALL-UNNAMED --add-opens=java.base/java.net=ALL-UNNAMED --add-opens=java.base/java.util.concurrent.atomic=ALL-UNNAMED -Xmx2048m -Dfile.encoding=UTF-8 -Duser.country=IN -Duser.language=en -Duser.variant 
java_command: org.gradle.launcher.daemon.bootstrap.GradleDaemon 7.3.3
java_class_path (initial): C:\Users\tjain\.gradle\wrapper\dists\gradle-7.3.3-bin\6a41zxkdtcxs8rphpq6y0069z\gradle-7.3.3\lib\gradle-launcher-7.3.3.jar
Launcher Type: SUN_STANDARD

[Global flags]
     intx CICompilerCount                          = 4                                         {product} {ergonomic}
     uint ConcGCThreads                            = 3                                         {product} {ergonomic}
     uint G1ConcRefinementThreads                  = 10                                        {product} {ergonomic}
   size_t G1HeapRegionSize                         = 1048576                                   {product} {ergonomic}
    uintx GCDrainStackTargetSize                   = 64                                        {product} {ergonomic}
   size_t InitialHeapSize                          = 268435456                                 {product} {ergonomic}
   size_t MarkStackSize                            = 4194304                                   {product} {ergonomic}
   size_t MaxHeapSize                              = 2147483648                                {product} {command line}
   size_t MaxNewSize                               = 1287651328                                {product} {ergonomic}
   size_t MinHeapDeltaBytes                        = 1048576                                   {product} {ergonomic}
    uintx NonNMethodCodeHeapSize                   = 5836300                                {pd product} {ergonomic}
    uintx NonProfiledCodeHeapSize                  = 122910970                              {pd product} {ergonomic}
    uintx ProfiledCodeHeapSize                     = 122910970                              {pd product} {ergonomic}
    uintx ReservedCodeCacheSize                    = 251658240                              {pd product} {ergonomic}
     bool SegmentedCodeCache                       = true                                      {product} {ergonomic}
     bool UseCompressedClassPointers               = true                                 {lp64_product} {ergonomic}
     bool UseCompressedOops                        = true                                 {lp64_product} {ergonomic}
     bool UseG1GC                                  = true                                      {product} {ergonomic}
     bool UseLargePagesIndividualAllocation        = false                                  {pd product} {ergonomic}

Logging:
Log output configuration:
 #0: stdout all=warning uptime,level,tags
 #1: stderr all=off uptime,level,tags

Environment Variables:
PATH=C:\Program Files\Common Files\Oracle\Java\javapath;C:\oraclexe\app\oracle\product\10.2.0\server\bin;C:\Program Files\MongoDB\Server\4.4\bin;C:\Windows\system32;C:\Windows;C:\Windows\System32\Wbem;C:\Windows\System32\WindowsPowerShell\v1.0\;C:\Windows\System32\OpenSSH\;C:\Program Files (x86)\NVIDIA Corporation\PhysX\Common;C:\Program Files\NVIDIA Corporation\NVIDIA NvDLISR;C:\WINDOWS\system32;C:\WINDOWS;C:\WINDOWS\System32\Wbem;C:\WINDOWS\System32\WindowsPowerShell\v1.0\;C:\WINDOWS\System32\OpenSSH\;C:\Program Files\Git\cmd;C:\Program Files\nodejs\;C:\Program Files\dotnet\;D:\python\Scripts\;D:\python\;C:\Users\tjain\AppData\Local\Microsoft\WindowsApps;C:\Users\tjain\AppData\Local\Programs\Microsoft VS Code\bin;C:\Users\tjain\flutter\bin;C:\Users\tjain\AppData\Local\Microsoft\WindowsApps;C:\Users\tjain\AppData\Roaming\npm;C:\Program Files\heroku\bin
USERNAME=tjain
OS=Windows_NT
PROCESSOR_IDENTIFIER=Intel64 Family 6 Model 158 Stepping 10, GenuineIntel



---------------  S Y S T E M  ---------------

OS: Windows 10 , 64 bit Build 19041 (10.0.19041.1889)
OS uptime: 0 days 2:13 hours

CPU:total 12 (initial active 12) (6 cores per cpu, 2 threads per core) family 6 model 158 stepping 10 microcode 0xec, cmov, cx8, fxsr, mmx, sse, sse2, sse3, ssse3, sse4.1, sse4.2, popcnt, avx, avx2, aes, clmul, erms, 3dnowpref, lzcnt, ht, tsc, tscinvbit, bmi1, bmi2, adx, fma

Memory: 4k page, system-wide physical 16294M (3940M free)
TotalPageFile size 18342M (AvailPageFile size 3M)
current process WorkingSet (physical memory assigned to process): 519M, peak: 537M
current process commit charge ("private bytes"): 572M, peak: 592M

vm_info: OpenJDK 64-Bit Server VM (11.0.12+7-b1504.28-7817840) for windows-amd64 JRE (11.0.12+7-b1504.28-7817840), built on Oct 13 2021 22:12:33 by "builder" with MS VC++ 14.0 (VS2015)

END.
